<?xml version="1.0" encoding="UTF-8"?>
<testsuite name="Login with invalid phone number and/or password" tests="1183" skipped="0" failures="2" errors="0" timestamp="2020-05-16T15:03:25" hostname="dnid0666l01.local" time="4084.731">
  <properties/>
  <testcase name="User is on app login page" classname="Login with invalid phone number and/or password" time="3.711"/>
  <testcase name="User input &quot;&quot; in phone number field" classname="Login with invalid phone number and/or password" time="0.561"/>
  <testcase name="User input &quot;Pass@123&quot; in password text field" classname="Login with invalid phone number and/or password" time="0.547"/>
  <testcase name="User click login button" classname="Login with invalid phone number and/or password" time="0.522"/>
  <testcase name="User is not on Home Page" classname="Login with invalid phone number and/or password" time="0.566"/>
  <testcase name="User see &quot;Wrong Phone/Pass Format&quot; as the error message on login page" classname="Login with invalid phone number and/or password" time="0.108"/>
  <testcase name="classMethod" classname="Login with invalid phone number and/or password" time="13.964"/>
  <testcase name="User is on app login page" classname="Login with invalid phone number and/or password" time="3.762"/>
  <testcase name="User input &quot;81112345&quot; in phone number field" classname="Login with invalid phone number and/or password" time="0.56"/>
  <testcase name="User input &quot;Pass@123&quot; in password text field" classname="Login with invalid phone number and/or password" time="0.554"/>
  <testcase name="User click login button" classname="Login with invalid phone number and/or password" time="0.526"/>
  <testcase name="User is not on Home Page" classname="Login with invalid phone number and/or password" time="0.563"/>
  <testcase name="User see &quot;Wrong Phone/Pass Format&quot; as the error message on login page" classname="Login with invalid phone number and/or password" time="0.112"/>
  <testcase name="classMethod" classname="Login with invalid phone number and/or password" time="13.302"/>
  <testcase name="User is on app login page" classname="Login with invalid phone number and/or password" time="3.769"/>
  <testcase name="User input &quot;8959182736450&quot; in phone number field" classname="Login with invalid phone number and/or password" time="0.582"/>
  <testcase name="User input &quot;Pass@123&quot; in password text field" classname="Login with invalid phone number and/or password" time="0.538"/>
  <testcase name="User click login button" classname="Login with invalid phone number and/or password" time="0.526"/>
  <testcase name="User is not on Home Page" classname="Login with invalid phone number and/or password" time="0.557"/>
  <testcase name="User see &quot;Wrong Phone/Pass Format&quot; as the error message on login page" classname="Login with invalid phone number and/or password" time="0.094"/>
  <testcase name="classMethod" classname="Login with invalid phone number and/or password" time="13.849"/>
  <testcase name="User is on app login page" classname="Login with invalid phone number and/or password" time="3.773"/>
  <testcase name="User input &quot;qwertyuiop&quot; in phone number field" classname="Login with invalid phone number and/or password" time="0.566"/>
  <testcase name="User input &quot;Pass@123&quot; in password text field" classname="Login with invalid phone number and/or password" time="0.559"/>
  <testcase name="User click login button" classname="Login with invalid phone number and/or password" time="0.523"/>
  <testcase name="User is not on Home Page" classname="Login with invalid phone number and/or password" time="0.53"/>
  <testcase name="User see &quot;Wrong Phone/Pass Format&quot; as the error message on login page" classname="Login with invalid phone number and/or password" time="0.102"/>
  <testcase name="classMethod" classname="Login with invalid phone number and/or password" time="13.565"/>
  <testcase name="User is on app login page" classname="Login with invalid phone number and/or password" time="13.248"/>
  <testcase name="User input &quot;qwerty12345&quot; in phone number field" classname="Login with invalid phone number and/or password" time="0.599"/>
  <testcase name="User input &quot;Pass@123&quot; in password text field" classname="Login with invalid phone number and/or password" time="0.549"/>
  <testcase name="User click login button" classname="Login with invalid phone number and/or password" time="0.549"/>
  <testcase name="User is not on Home Page" classname="Login with invalid phone number and/or password" time="0.55"/>
  <testcase name="User see &quot;Wrong Phone/Pass Format&quot; as the error message on login page" classname="Login with invalid phone number and/or password" time="0.149"/>
  <testcase name="classMethod" classname="Login with invalid phone number and/or password" time="23.134"/>
  <testcase name="User is on app login page" classname="Login with invalid phone number and/or password" time="3.637"/>
  <testcase name="User input &quot;.-,_,._,-&quot; in phone number field" classname="Login with invalid phone number and/or password" time="0.614"/>
  <testcase name="User input &quot;Pass@123&quot; in password text field" classname="Login with invalid phone number and/or password" time="0.585"/>
  <testcase name="User click login button" classname="Login with invalid phone number and/or password" time="0.55"/>
  <testcase name="User is not on Home Page" classname="Login with invalid phone number and/or password" time="0.497"/>
  <testcase name="User see &quot;Wrong Phone/Pass Format&quot; as the error message on login page" classname="Login with invalid phone number and/or password" time="0.15"/>
  <testcase name="classMethod" classname="Login with invalid phone number and/or password" time="24.098"/>
  <testcase name="User is on app login page" classname="Login with invalid phone number and/or password" time="13.145"/>
  <testcase name="User input &quot;-8,11451.987_&quot; in phone number field" classname="Login with invalid phone number and/or password" time="0.649"/>
  <testcase name="User input &quot;Pass@123&quot; in password text field" classname="Login with invalid phone number and/or password" time="0.55"/>
  <testcase name="User click login button" classname="Login with invalid phone number and/or password" time="0.55"/>
  <testcase name="User is not on Home Page" classname="Login with invalid phone number and/or password" time="0.547"/>
  <testcase name="User see &quot;Wrong Phone/Pass Format&quot; as the error message on login page" classname="Login with invalid phone number and/or password" time="0.149"/>
  <testcase name="classMethod" classname="Login with invalid phone number and/or password" time="26.354"/>
  <testcase name="User is on app login page" classname="Login with invalid phone number and/or password" time="13.608"/>
  <testcase name="User input &quot;81212345678&quot; in phone number field" classname="Login with invalid phone number and/or password" time="0.583"/>
  <testcase name="User input &quot;Pass@123&quot; in password text field" classname="Login with invalid phone number and/or password" time="0.592"/>
  <testcase name="User click login button" classname="Login with invalid phone number and/or password" time="0.53"/>
  <testcase name="User is not on Home Page" classname="Login with invalid phone number and/or password" time="0.57"/>
  <testcase name="User see &quot;Wrong Phone/Pass Format&quot; as the error message on login page" classname="Login with invalid phone number and/or password" time="1.799">
    <failure message="java.lang.AssertionError" type="java.lang.AssertionError">java.lang.AssertionError
	at org.junit.Assert.fail(Assert.java:87)
	at org.junit.Assert.assertTrue(Assert.java:42)
	at org.junit.Assert.assertTrue(Assert.java:53)
	at demo.steps.LoginDef.userSeeAsTheErrorMessageOnLoginPage(LoginDef.java:49)
	at ✽.User see &quot;Wrong Phone/Pass Format&quot; as the error message on login page(file:///Users/chenr/IdeaProjects/FinalProject_QA/src/test/resources/features/Login/Login.feature:29)
</failure>
  </testcase>
  <testcase name="classMethod" classname="Login with invalid phone number and/or password" time="35.668">
    <failure message="java.lang.AssertionError" type="java.lang.AssertionError">java.lang.AssertionError
	at org.junit.Assert.fail(Assert.java:87)
	at org.junit.Assert.assertTrue(Assert.java:42)
	at org.junit.Assert.assertTrue(Assert.java:53)
	at demo.steps.LoginDef.userSeeAsTheErrorMessageOnLoginPage(LoginDef.java:49)
	at ✽.User see &quot;Wrong Phone/Pass Format&quot; as the error message on login page(file:///Users/chenr/IdeaProjects/FinalProject_QA/src/test/resources/features/Login/Login.feature:29)
</failure>
  </testcase>
  <testcase name="User is on app login page" classname="Login with invalid phone number and/or password" time="10.063"/>
  <testcase name="User input &quot;811123456&quot; in phone number field" classname="Login with invalid phone number and/or password" time="0.594"/>
  <testcase name="User input &quot;&quot; in password text field" classname="Login with invalid phone number and/or password" time="0.531"/>
  <testcase name="User click login button" classname="Login with invalid phone number and/or password" time="0.53"/>
  <testcase name="User is not on Home Page" classname="Login with invalid phone number and/or password" time="0.54"/>
  <testcase name="User see &quot;Wrong Phone/Pass Format&quot; as the error message on login page" classname="Login with invalid phone number and/or password" time="0.123"/>
  <testcase name="classMethod" classname="Login with invalid phone number and/or password" time="29.658"/>
  <testcase name="User is on app login page" classname="Login with invalid phone number and/or password" time="12.494"/>
  <testcase name="User input &quot;811123456&quot; in phone number field" classname="Login with invalid phone number and/or password" time="0.573"/>
  <testcase name="User input &quot;Pass@12&quot; in password text field" classname="Login with invalid phone number and/or password" time="0.54"/>
  <testcase name="User click login button" classname="Login with invalid phone number and/or password" time="0.524"/>
  <testcase name="User is not on Home Page" classname="Login with invalid phone number and/or password" time="0.551"/>
  <testcase name="User see &quot;Wrong Phone/Pass Format&quot; as the error message on login page" classname="Login with invalid phone number and/or password" time="0.102"/>
  <testcase name="classMethod" classname="Login with invalid phone number and/or password" time="32.045"/>
  <testcase name="User is on app login page" classname="Login with invalid phone number and/or password" time="3.947"/>
  <testcase name="User input &quot;811123456&quot; in phone number field" classname="Login with invalid phone number and/or password" time="0.589"/>
  <testcase name="User input &quot;LoginPassword@1234567&quot; in password text field" classname="Login with invalid phone number and/or password" time="0.557"/>
  <testcase name="User click login button" classname="Login with invalid phone number and/or password" time="0.526"/>
  <testcase name="User is not on Home Page" classname="Login with invalid phone number and/or password" time="0.567"/>
  <testcase name="User see &quot;Wrong Phone/Pass Format&quot; as the error message on login page" classname="Login with invalid phone number and/or password" time="0.135"/>
  <testcase name="classMethod" classname="Login with invalid phone number and/or password" time="23.366"/>
  <testcase name="User is on app login page" classname="Login with invalid phone number and/or password" time="7.209"/>
  <testcase name="User input &quot;811123456&quot; in phone number field" classname="Login with invalid phone number and/or password" time="0.596"/>
  <testcase name="User input &quot;Pass @123&quot; in password text field" classname="Login with invalid phone number and/or password" time="0.588"/>
  <testcase name="User click login button" classname="Login with invalid phone number and/or password" time="0.551"/>
  <testcase name="User is not on Home Page" classname="Login with invalid phone number and/or password" time="0.558"/>
  <testcase name="User see &quot;Wrong Phone/Pass Format&quot; as the error message on login page" classname="Login with invalid phone number and/or password" time="0.189"/>
  <testcase name="classMethod" classname="Login with invalid phone number and/or password" time="20.251"/>
  <testcase name="User is on app login page" classname="Login with invalid phone number and/or password" time="5.439"/>
  <testcase name="User input &quot;811123456&quot; in phone number field" classname="Login with invalid phone number and/or password" time="0.604"/>
  <testcase name="User input &quot;Pass1234&quot; in password text field" classname="Login with invalid phone number and/or password" time="0.596"/>
  <testcase name="User click login button" classname="Login with invalid phone number and/or password" time="0.55"/>
  <testcase name="User is not on Home Page" classname="Login with invalid phone number and/or password" time="0.55"/>
  <testcase name="User see &quot;Wrong Phone/Pass Format&quot; as the error message on login page" classname="Login with invalid phone number and/or password" time="0.149"/>
  <testcase name="classMethod" classname="Login with invalid phone number and/or password" time="16.602"/>
  <testcase name="User is on app login page" classname="Login with invalid phone number and/or password" time="13.143"/>
  <testcase name="User input &quot;811123456&quot; in phone number field" classname="Login with invalid phone number and/or password" time="0.649"/>
  <testcase name="User input &quot;Pass!@#$&quot; in password text field" classname="Login with invalid phone number and/or password" time="0.549"/>
  <testcase name="User click login button" classname="Login with invalid phone number and/or password" time="0.551"/>
  <testcase name="User is not on Home Page" classname="Login with invalid phone number and/or password" time="0.547"/>
  <testcase name="User see &quot;Wrong Phone/Pass Format&quot; as the error message on login page" classname="Login with invalid phone number and/or password" time="0.153"/>
  <testcase name="classMethod" classname="Login with invalid phone number and/or password" time="28.354"/>
  <testcase name="User is on app login page" classname="Login with invalid phone number and/or password" time="9.952"/>
  <testcase name="User input &quot;811123456&quot; in phone number field" classname="Login with invalid phone number and/or password" time="0.649"/>
  <testcase name="User input &quot;pass@123&quot; in password text field" classname="Login with invalid phone number and/or password" time="0.647"/>
  <testcase name="User click login button" classname="Login with invalid phone number and/or password" time="0.549"/>
  <testcase name="User is not on Home Page" classname="Login with invalid phone number and/or password" time="0.55"/>
  <testcase name="User see &quot;Wrong Phone/Pass Format&quot; as the error message on login page" classname="Login with invalid phone number and/or password" time="0.15"/>
  <testcase name="classMethod" classname="Login with invalid phone number and/or password" time="31.096"/>
  <testcase name="User is on app login page" classname="Login with invalid phone number and/or password" time="13.154"/>
  <testcase name="User input &quot;811123456&quot; in phone number field" classname="Login with invalid phone number and/or password" time="0.698"/>
  <testcase name="User input &quot;PASS@123&quot; in password text field" classname="Login with invalid phone number and/or password" time="0.547"/>
  <testcase name="User click login button" classname="Login with invalid phone number and/or password" time="0.548"/>
  <testcase name="User is not on Home Page" classname="Login with invalid phone number and/or password" time="0.55"/>
  <testcase name="User see &quot;Wrong Phone/Pass Format&quot; as the error message on login page" classname="Login with invalid phone number and/or password" time="0.148"/>
  <testcase name="classMethod" classname="Login with invalid phone number and/or password" time="24.702"/>
  <testcase name="User is on app login page" classname="Login with invalid phone number and/or password" time="13.002"/>
  <testcase name="User input &quot;811123456&quot; in phone number field" classname="Login with invalid phone number and/or password" time="0.603"/>
  <testcase name="User input &quot;PASSword&quot; in password text field" classname="Login with invalid phone number and/or password" time="0.595"/>
  <testcase name="User click login button" classname="Login with invalid phone number and/or password" time="0.549"/>
  <testcase name="User is not on Home Page" classname="Login with invalid phone number and/or password" time="0.502"/>
  <testcase name="User see &quot;Wrong Phone/Pass Format&quot; as the error message on login page" classname="Login with invalid phone number and/or password" time="0.104"/>
  <testcase name="classMethod" classname="Login with invalid phone number and/or password" time="31.439"/>
  <testcase name="User is on app login page" classname="Login with invalid phone number and/or password" time="3.87"/>
  <testcase name="User input &quot;811123456&quot; in phone number field" classname="Login with invalid phone number and/or password" time="0.581"/>
  <testcase name="User input &quot;pass1234&quot; in password text field" classname="Login with invalid phone number and/or password" time="0.541"/>
  <testcase name="User click login button" classname="Login with invalid phone number and/or password" time="0.521"/>
  <testcase name="User is not on Home Page" classname="Login with invalid phone number and/or password" time="0.579"/>
  <testcase name="User see &quot;Wrong Phone/Pass Format&quot; as the error message on login page" classname="Login with invalid phone number and/or password" time="0.102"/>
  <testcase name="classMethod" classname="Login with invalid phone number and/or password" time="21.583"/>
  <testcase name="User is on app login page" classname="Login with invalid phone number and/or password" time="11.108"/>
  <testcase name="User input &quot;811123456&quot; in phone number field" classname="Login with invalid phone number and/or password" time="0.614"/>
  <testcase name="User input &quot;PASS1234&quot; in password text field" classname="Login with invalid phone number and/or password" time="0.55"/>
  <testcase name="User click login button" classname="Login with invalid phone number and/or password" time="0.537"/>
  <testcase name="User is not on Home Page" classname="Login with invalid phone number and/or password" time="0.535"/>
  <testcase name="User see &quot;Wrong Phone/Pass Format&quot; as the error message on login page" classname="Login with invalid phone number and/or password" time="0.106"/>
  <testcase name="classMethod" classname="Login with invalid phone number and/or password" time="30.616"/>
  <testcase name="User is on app login page" classname="Login with invalid phone number and/or password" time="13.138"/>
  <testcase name="User input &quot;811123456&quot; in phone number field" classname="Login with invalid phone number and/or password" time="0.596"/>
  <testcase name="User input &quot;pass!@#$&quot; in password text field" classname="Login with invalid phone number and/or password" time="0.55"/>
  <testcase name="User click login button" classname="Login with invalid phone number and/or password" time="0.52"/>
  <testcase name="User is not on Home Page" classname="Login with invalid phone number and/or password" time="0.549"/>
  <testcase name="User see &quot;Wrong Phone/Pass Format&quot; as the error message on login page" classname="Login with invalid phone number and/or password" time="0.19"/>
  <testcase name="classMethod" classname="Login with invalid phone number and/or password" time="26.173"/>
  <testcase name="User is on app login page" classname="Login with invalid phone number and/or password" time="11.071"/>
  <testcase name="User input &quot;811123456&quot; in phone number field" classname="Login with invalid phone number and/or password" time="0.587"/>
  <testcase name="User input &quot;PASS!@#$&quot; in password text field" classname="Login with invalid phone number and/or password" time="0.553"/>
  <testcase name="User click login button" classname="Login with invalid phone number and/or password" time="0.519"/>
  <testcase name="User is not on Home Page" classname="Login with invalid phone number and/or password" time="0.569"/>
  <testcase name="User see &quot;Wrong Phone/Pass Format&quot; as the error message on login page" classname="Login with invalid phone number and/or password" time="0.097"/>
  <testcase name="classMethod" classname="Login with invalid phone number and/or password" time="30.819"/>
  <testcase name="User is on app login page" classname="Login with invalid phone number and/or password" time="7.067"/>
  <testcase name="User input &quot;811123456&quot; in phone number field" classname="Login with invalid phone number and/or password" time="0.59"/>
  <testcase name="User input &quot;!@#$1234&quot; in password text field" classname="Login with invalid phone number and/or password" time="0.567"/>
  <testcase name="User click login button" classname="Login with invalid phone number and/or password" time="0.523"/>
  <testcase name="User is not on Home Page" classname="Login with invalid phone number and/or password" time="0.561"/>
  <testcase name="User see &quot;Wrong Phone/Pass Format&quot; as the error message on login page" classname="Login with invalid phone number and/or password" time="0.108"/>
  <testcase name="classMethod" classname="Login with invalid phone number and/or password" time="22.78"/>
  <testcase name="User is on app login page" classname="Login with invalid phone number and/or password" time="11.128"/>
  <testcase name="User input &quot;811123456&quot; in phone number field" classname="Login with invalid phone number and/or password" time="0.583"/>
  <testcase name="User input &quot;!@#$%^&amp;*&quot; in password text field" classname="Login with invalid phone number and/or password" time="0.548"/>
  <testcase name="User click login button" classname="Login with invalid phone number and/or password" time="0.529"/>
  <testcase name="User is not on Home Page" classname="Login with invalid phone number and/or password" time="0.558"/>
  <testcase name="User see &quot;Wrong Phone/Pass Format&quot; as the error message on login page" classname="Login with invalid phone number and/or password" time="0.108"/>
  <testcase name="classMethod" classname="Login with invalid phone number and/or password" time="30.688"/>
  <testcase name="User is on app login page" classname="Login with invalid phone number and/or password" time="3.758"/>
  <testcase name="User input &quot;811123456&quot; in phone number field" classname="Login with invalid phone number and/or password" time="0.563"/>
  <testcase name="User input &quot;12345678&quot; in password text field" classname="Login with invalid phone number and/or password" time="0.559"/>
  <testcase name="User click login button" classname="Login with invalid phone number and/or password" time="0.537"/>
  <testcase name="User is not on Home Page" classname="Login with invalid phone number and/or password" time="0.563"/>
  <testcase name="User see &quot;Wrong Phone/Pass Format&quot; as the error message on login page" classname="Login with invalid phone number and/or password" time="0.117"/>
  <testcase name="classMethod" classname="Login with invalid phone number and/or password" time="22.973"/>
  <testcase name="User is on app login page" classname="Login with invalid phone number and/or password" time="9.204"/>
  <testcase name="User input &quot;811123456&quot; in phone number field" classname="Login with invalid phone number and/or password" time="0.58"/>
  <testcase name="User input &quot;PASSWORD&quot; in password text field" classname="Login with invalid phone number and/or password" time="0.531"/>
  <testcase name="User click login button" classname="Login with invalid phone number and/or password" time="0.535"/>
  <testcase name="User is not on Home Page" classname="Login with invalid phone number and/or password" time="0.57"/>
  <testcase name="User see &quot;Wrong Phone/Pass Format&quot; as the error message on login page" classname="Login with invalid phone number and/or password" time="0.126"/>
  <testcase name="classMethod" classname="Login with invalid phone number and/or password" time="28.909"/>
  <testcase name="User is on app login page" classname="Login with invalid phone number and/or password" time="9.981"/>
  <testcase name="User input &quot;811123456&quot; in phone number field" classname="Login with invalid phone number and/or password" time="0.572"/>
  <testcase name="User input &quot;password&quot; in password text field" classname="Login with invalid phone number and/or password" time="0.579"/>
  <testcase name="User click login button" classname="Login with invalid phone number and/or password" time="0.525"/>
  <testcase name="User is not on Home Page" classname="Login with invalid phone number and/or password" time="0.55"/>
  <testcase name="User see &quot;Wrong Phone/Pass Format&quot; as the error message on login page" classname="Login with invalid phone number and/or password" time="0.18"/>
  <testcase name="classMethod" classname="Login with invalid phone number and/or password" time="24.859"/>
  <testcase name="User is on app login page" classname="Login with invalid phone number and/or password" time="3.699"/>
  <testcase name="User input &quot;&quot; in phone number field" classname="Login with invalid phone number and/or password" time="0.65"/>
  <testcase name="User input &quot;&quot; in password text field" classname="Login with invalid phone number and/or password" time="0.549"/>
  <testcase name="User click login button" classname="Login with invalid phone number and/or password" time="0.55"/>
  <testcase name="User is not on Home Page" classname="Login with invalid phone number and/or password" time="0.55"/>
  <testcase name="User see &quot;Wrong Phone/Pass Format&quot; as the error message on login page" classname="Login with invalid phone number and/or password" time="0.148"/>
  <testcase name="classMethod" classname="Login with invalid phone number and/or password" time="15.401"/>
  <testcase name="User is on app login page" classname="Login with invalid phone number and/or password" time="3.792"/>
  <testcase name="User input &quot;&quot; in phone number field" classname="Login with invalid phone number and/or password" time="0.65"/>
  <testcase name="User input &quot;Pass@12&quot; in password text field" classname="Login with invalid phone number and/or password" time="0.548"/>
  <testcase name="User click login button" classname="Login with invalid phone number and/or password" time="0.55"/>
  <testcase name="User is not on Home Page" classname="Login with invalid phone number and/or password" time="0.55"/>
  <testcase name="User see &quot;Wrong Phone/Pass Format&quot; as the error message on login page" classname="Login with invalid phone number and/or password" time="0.149"/>
  <testcase name="classMethod" classname="Login with invalid phone number and/or password" time="15.259"/>
  <testcase name="User is on app login page" classname="Login with invalid phone number and/or password" time="13.144"/>
  <testcase name="User input &quot;&quot; in phone number field" classname="Login with invalid phone number and/or password" time="0.648"/>
  <testcase name="User input &quot;LoginPassword@1234567&quot; in password text field" classname="Login with invalid phone number and/or password" time="0.55"/>
  <testcase name="User click login button" classname="Login with invalid phone number and/or password" time="0.549"/>
  <testcase name="User is not on Home Page" classname="Login with invalid phone number and/or password" time="0.503"/>
  <testcase name="User see &quot;Wrong Phone/Pass Format&quot; as the error message on login page" classname="Login with invalid phone number and/or password" time="0.15"/>
  <testcase name="classMethod" classname="Login with invalid phone number and/or password" time="24.648"/>
  <testcase name="User is on app login page" classname="Login with invalid phone number and/or password" time="5.451"/>
  <testcase name="User input &quot;&quot; in phone number field" classname="Login with invalid phone number and/or password" time="0.701"/>
  <testcase name="User input &quot;Pass @123&quot; in password text field" classname="Login with invalid phone number and/or password" time="0.545"/>
  <testcase name="User click login button" classname="Login with invalid phone number and/or password" time="0.548"/>
  <testcase name="User is not on Home Page" classname="Login with invalid phone number and/or password" time="0.55"/>
  <testcase name="User see &quot;Wrong Phone/Pass Format&quot; as the error message on login page" classname="Login with invalid phone number and/or password" time="0.151"/>
  <testcase name="classMethod" classname="Login with invalid phone number and/or password" time="17.054"/>
  <testcase name="User is on app login page" classname="Login with invalid phone number and/or password" time="13.2"/>
  <testcase name="User input &quot;&quot; in phone number field" classname="Login with invalid phone number and/or password" time="0.647"/>
  <testcase name="User input &quot;Pass1234&quot; in password text field" classname="Login with invalid phone number and/or password" time="0.596"/>
  <testcase name="User click login button" classname="Login with invalid phone number and/or password" time="0.55"/>
  <testcase name="User is not on Home Page" classname="Login with invalid phone number and/or password" time="0.56"/>
  <testcase name="User see &quot;Wrong Phone/Pass Format&quot; as the error message on login page" classname="Login with invalid phone number and/or password" time="0.189"/>
  <testcase name="classMethod" classname="Login with invalid phone number and/or password" time="33.75"/>
  <testcase name="User is on app login page" classname="Login with invalid phone number and/or password" time="3.662"/>
  <testcase name="User input &quot;&quot; in phone number field" classname="Login with invalid phone number and/or password" time="0.64"/>
  <testcase name="User input &quot;Pass!@#$&quot; in password text field" classname="Login with invalid phone number and/or password" time="0.591"/>
  <testcase name="User click login button" classname="Login with invalid phone number and/or password" time="0.548"/>
  <testcase name="User is not on Home Page" classname="Login with invalid phone number and/or password" time="0.549"/>
  <testcase name="User see &quot;Wrong Phone/Pass Format&quot; as the error message on login page" classname="Login with invalid phone number and/or password" time="0.151"/>
  <testcase name="classMethod" classname="Login with invalid phone number and/or password" time="23.49"/>
  <testcase name="User is on app login page" classname="Login with invalid phone number and/or password" time="10.597"/>
  <testcase name="User input &quot;&quot; in phone number field" classname="Login with invalid phone number and/or password" time="0.6"/>
  <testcase name="User input &quot;pass@123&quot; in password text field" classname="Login with invalid phone number and/or password" time="0.597"/>
  <testcase name="User click login button" classname="Login with invalid phone number and/or password" time="0.559"/>
  <testcase name="User is not on Home Page" classname="Login with invalid phone number and/or password" time="0.54"/>
  <testcase name="User see &quot;Wrong Phone/Pass Format&quot; as the error message on login page" classname="Login with invalid phone number and/or password" time="0.1"/>
  <testcase name="classMethod" classname="Login with invalid phone number and/or password" time="23.553"/>
  <testcase name="User is on app login page" classname="Login with invalid phone number and/or password" time="7.243"/>
  <testcase name="User input &quot;&quot; in phone number field" classname="Login with invalid phone number and/or password" time="0.611"/>
  <testcase name="User input &quot;PASS@123&quot; in password text field" classname="Login with invalid phone number and/or password" time="0.588"/>
  <testcase name="User click login button" classname="Login with invalid phone number and/or password" time="0.549"/>
  <testcase name="User is not on Home Page" classname="Login with invalid phone number and/or password" time="0.55"/>
  <testcase name="User see &quot;Wrong Phone/Pass Format&quot; as the error message on login page" classname="Login with invalid phone number and/or password" time="0.199"/>
  <testcase name="classMethod" classname="Login with invalid phone number and/or password" time="19.692"/>
  <testcase name="User is on app login page" classname="Login with invalid phone number and/or password" time="3.738"/>
  <testcase name="User input &quot;&quot; in phone number field" classname="Login with invalid phone number and/or password" time="0.612"/>
  <testcase name="User input &quot;PASSword&quot; in password text field" classname="Login with invalid phone number and/or password" time="0.587"/>
  <testcase name="User click login button" classname="Login with invalid phone number and/or password" time="0.549"/>
  <testcase name="User is not on Home Page" classname="Login with invalid phone number and/or password" time="0.55"/>
  <testcase name="User see &quot;Wrong Phone/Pass Format&quot; as the error message on login page" classname="Login with invalid phone number and/or password" time="0.15"/>
  <testcase name="classMethod" classname="Login with invalid phone number and/or password" time="16.815"/>
  <testcase name="User is on app login page" classname="Login with invalid phone number and/or password" time="3.643"/>
  <testcase name="User input &quot;&quot; in phone number field" classname="Login with invalid phone number and/or password" time="0.649"/>
  <testcase name="User input &quot;pass1234&quot; in password text field" classname="Login with invalid phone number and/or password" time="0.551"/>
  <testcase name="User click login button" classname="Login with invalid phone number and/or password" time="0.55"/>
  <testcase name="User is not on Home Page" classname="Login with invalid phone number and/or password" time="0.56"/>
  <testcase name="User see &quot;Wrong Phone/Pass Format&quot; as the error message on login page" classname="Login with invalid phone number and/or password" time="0.189"/>
  <testcase name="classMethod" classname="Login with invalid phone number and/or password" time="18.247"/>
  <testcase name="User is on app login page" classname="Login with invalid phone number and/or password" time="5.098"/>
  <testcase name="User input &quot;&quot; in phone number field" classname="Login with invalid phone number and/or password" time="0.649"/>
  <testcase name="User input &quot;PASS1234&quot; in password text field" classname="Login with invalid phone number and/or password" time="0.549"/>
  <testcase name="User click login button" classname="Login with invalid phone number and/or password" time="0.552"/>
  <testcase name="User is not on Home Page" classname="Login with invalid phone number and/or password" time="0.548"/>
  <testcase name="User see &quot;Wrong Phone/Pass Format&quot; as the error message on login page" classname="Login with invalid phone number and/or password" time="0.15"/>
  <testcase name="classMethod" classname="Login with invalid phone number and/or password" time="19.188"/>
  <testcase name="User is on app login page" classname="Login with invalid phone number and/or password" time="3.739"/>
  <testcase name="User input &quot;&quot; in phone number field" classname="Login with invalid phone number and/or password" time="0.603"/>
  <testcase name="User input &quot;pass!@#$&quot; in password text field" classname="Login with invalid phone number and/or password" time="0.6"/>
  <testcase name="User click login button" classname="Login with invalid phone number and/or password" time="0.548"/>
  <testcase name="User is not on Home Page" classname="Login with invalid phone number and/or password" time="0.55"/>
  <testcase name="User see &quot;Wrong Phone/Pass Format&quot; as the error message on login page" classname="Login with invalid phone number and/or password" time="0.15"/>
  <testcase name="classMethod" classname="Login with invalid phone number and/or password" time="19.511"/>
  <testcase name="User is on app login page" classname="Login with invalid phone number and/or password" time="7.203"/>
  <testcase name="User input &quot;&quot; in phone number field" classname="Login with invalid phone number and/or password" time="0.606"/>
  <testcase name="User input &quot;PASS!@#$&quot; in password text field" classname="Login with invalid phone number and/or password" time="0.589"/>
  <testcase name="User click login button" classname="Login with invalid phone number and/or password" time="0.55"/>
  <testcase name="User is not on Home Page" classname="Login with invalid phone number and/or password" time="0.5"/>
  <testcase name="User see &quot;Wrong Phone/Pass Format&quot; as the error message on login page" classname="Login with invalid phone number and/or password" time="0.198"/>
  <testcase name="classMethod" classname="Login with invalid phone number and/or password" time="24.937"/>
  <testcase name="User is on app login page" classname="Login with invalid phone number and/or password" time="12.947"/>
  <testcase name="User input &quot;&quot; in phone number field" classname="Login with invalid phone number and/or password" time="1.09"/>
  <testcase name="User input &quot;!@#$1234&quot; in password text field" classname="Login with invalid phone number and/or password" time="0.098"/>
  <testcase name="User click login button" classname="Login with invalid phone number and/or password" time="0.55"/>
  <testcase name="User is not on Home Page" classname="Login with invalid phone number and/or password" time="0.599"/>
  <testcase name="User see &quot;Wrong Phone/Pass Format&quot; as the error message on login page" classname="Login with invalid phone number and/or password" time="0.149"/>
  <testcase name="classMethod" classname="Login with invalid phone number and/or password" time="33.611"/>
  <testcase name="User is on app login page" classname="Login with invalid phone number and/or password" time="13.18"/>
  <testcase name="User input &quot;&quot; in phone number field" classname="Login with invalid phone number and/or password" time="0.619"/>
  <testcase name="User input &quot;!@#$%^&amp;*&quot; in password text field" classname="Login with invalid phone number and/or password" time="0.577"/>
  <testcase name="User click login button" classname="Login with invalid phone number and/or password" time="0.552"/>
  <testcase name="User is not on Home Page" classname="Login with invalid phone number and/or password" time="0.547"/>
  <testcase name="User see &quot;Wrong Phone/Pass Format&quot; as the error message on login page" classname="Login with invalid phone number and/or password" time="0.098"/>
  <testcase name="classMethod" classname="Login with invalid phone number and/or password" time="25.026"/>
  <testcase name="User is on app login page" classname="Login with invalid phone number and/or password" time="3.755"/>
  <testcase name="User input &quot;&quot; in phone number field" classname="Login with invalid phone number and/or password" time="0.594"/>
  <testcase name="User input &quot;12345678&quot; in password text field" classname="Login with invalid phone number and/or password" time="0.591"/>
  <testcase name="User click login button" classname="Login with invalid phone number and/or password" time="0.551"/>
  <testcase name="User is not on Home Page" classname="Login with invalid phone number and/or password" time="0.553"/>
  <testcase name="User see &quot;Wrong Phone/Pass Format&quot; as the error message on login page" classname="Login with invalid phone number and/or password" time="0.149"/>
  <testcase name="classMethod" classname="Login with invalid phone number and/or password" time="16.862"/>
  <testcase name="User is on app login page" classname="Login with invalid phone number and/or password" time="5.357"/>
  <testcase name="User input &quot;&quot; in phone number field" classname="Login with invalid phone number and/or password" time="1.1"/>
  <testcase name="User input &quot;PASSWORD&quot; in password text field" classname="Login with invalid phone number and/or password" time="0.588"/>
  <testcase name="User click login button" classname="Login with invalid phone number and/or password" time="0.55"/>
  <testcase name="User is not on Home Page" classname="Login with invalid phone number and/or password" time="0.549"/>
  <testcase name="User see &quot;Wrong Phone/Pass Format&quot; as the error message on login page" classname="Login with invalid phone number and/or password" time="0.149"/>
  <testcase name="classMethod" classname="Login with invalid phone number and/or password" time="17.901"/>
  <testcase name="User is on app login page" classname="Login with invalid phone number and/or password" time="12.195"/>
  <testcase name="User input &quot;&quot; in phone number field" classname="Login with invalid phone number and/or password" time="0.661"/>
  <testcase name="User input &quot;password&quot; in password text field" classname="Login with invalid phone number and/or password" time="0.593"/>
  <testcase name="User click login button" classname="Login with invalid phone number and/or password" time="0.593"/>
  <testcase name="User is not on Home Page" classname="Login with invalid phone number and/or password" time="0.55"/>
  <testcase name="User see &quot;Wrong Phone/Pass Format&quot; as the error message on login page" classname="Login with invalid phone number and/or password" time="0.15"/>
  <testcase name="classMethod" classname="Login with invalid phone number and/or password" time="26.962"/>
  <testcase name="User is on app login page" classname="Login with invalid phone number and/or password" time="12.849"/>
  <testcase name="User input &quot;81112345&quot; in phone number field" classname="Login with invalid phone number and/or password" time="1.114"/>
  <testcase name="User input &quot;&quot; in password text field" classname="Login with invalid phone number and/or password" time="0.135"/>
  <testcase name="User click login button" classname="Login with invalid phone number and/or password" time="0.55"/>
  <testcase name="User is not on Home Page" classname="Login with invalid phone number and/or password" time="0.549"/>
  <testcase name="User see &quot;Wrong Phone/Pass Format&quot; as the error message on login page" classname="Login with invalid phone number and/or password" time="0.149"/>
  <testcase name="classMethod" classname="Login with invalid phone number and/or password" time="33.148"/>
  <testcase name="User is on app login page" classname="Login with invalid phone number and/or password" time="13.177"/>
  <testcase name="User input &quot;81112345&quot; in phone number field" classname="Login with invalid phone number and/or password" time="0.58"/>
  <testcase name="User input &quot;Pass@12&quot; in password text field" classname="Login with invalid phone number and/or password" time="0.553"/>
  <testcase name="User click login button" classname="Login with invalid phone number and/or password" time="0.527"/>
  <testcase name="User is not on Home Page" classname="Login with invalid phone number and/or password" time="0.553"/>
  <testcase name="User see &quot;Wrong Phone/Pass Format&quot; as the error message on login page" classname="Login with invalid phone number and/or password" time="0.096"/>
  <testcase name="classMethod" classname="Login with invalid phone number and/or password" time="32.965"/>
  <testcase name="User is on app login page" classname="Login with invalid phone number and/or password" time="13.21"/>
  <testcase name="User input &quot;81112345&quot; in phone number field" classname="Login with invalid phone number and/or password" time="0.591"/>
  <testcase name="User input &quot;LoginPassword@1234567&quot; in password text field" classname="Login with invalid phone number and/or password" time="0.545"/>
  <testcase name="User click login button" classname="Login with invalid phone number and/or password" time="0.527"/>
  <testcase name="User is not on Home Page" classname="Login with invalid phone number and/or password" time="0.553"/>
  <testcase name="User see &quot;Wrong Phone/Pass Format&quot; as the error message on login page" classname="Login with invalid phone number and/or password" time="0.123"/>
  <testcase name="classMethod" classname="Login with invalid phone number and/or password" time="23.42"/>
  <testcase name="User is on app login page" classname="Login with invalid phone number and/or password" time="13.088"/>
  <testcase name="User input &quot;81112345&quot; in phone number field" classname="Login with invalid phone number and/or password" time="0.611"/>
  <testcase name="User input &quot;Pass @123&quot; in password text field" classname="Login with invalid phone number and/or password" time="0.562"/>
  <testcase name="User click login button" classname="Login with invalid phone number and/or password" time="0.55"/>
  <testcase name="User is not on Home Page" classname="Login with invalid phone number and/or password" time="0.576"/>
  <testcase name="User see &quot;Wrong Phone/Pass Format&quot; as the error message on login page" classname="Login with invalid phone number and/or password" time="0.142"/>
  <testcase name="classMethod" classname="Login with invalid phone number and/or password" time="33.567"/>
  <testcase name="User is on app login page" classname="Login with invalid phone number and/or password" time="4.048"/>
  <testcase name="User input &quot;81112345&quot; in phone number field" classname="Login with invalid phone number and/or password" time="0.606"/>
  <testcase name="User input &quot;Pass1234&quot; in password text field" classname="Login with invalid phone number and/or password" time="0.596"/>
  <testcase name="User click login button" classname="Login with invalid phone number and/or password" time="0.547"/>
  <testcase name="User is not on Home Page" classname="Login with invalid phone number and/or password" time="0.549"/>
  <testcase name="User see &quot;Wrong Phone/Pass Format&quot; as the error message on login page" classname="Login with invalid phone number and/or password" time="0.15"/>
  <testcase name="classMethod" classname="Login with invalid phone number and/or password" time="18.907"/>
  <testcase name="User is on app login page" classname="Login with invalid phone number and/or password" time="8.045"/>
  <testcase name="User input &quot;81112345&quot; in phone number field" classname="Login with invalid phone number and/or password" time="0.649"/>
  <testcase name="User input &quot;pass@123&quot; in password text field" classname="Login with invalid phone number and/or password" time="0.545"/>
  <testcase name="User click login button" classname="Login with invalid phone number and/or password" time="0.55"/>
  <testcase name="User is not on Home Page" classname="Login with invalid phone number and/or password" time="0.55"/>
  <testcase name="User see &quot;Wrong Phone/Pass Format&quot; as the error message on login page" classname="Login with invalid phone number and/or password" time="0.151"/>
  <testcase name="classMethod" classname="Login with invalid phone number and/or password" time="22.514"/>
  <testcase name="User is on app login page" classname="Login with invalid phone number and/or password" time="4.4"/>
  <testcase name="User input &quot;81112345&quot; in phone number field" classname="Login with invalid phone number and/or password" time="0.605"/>
  <testcase name="User input &quot;PASS@123&quot; in password text field" classname="Login with invalid phone number and/or password" time="0.593"/>
  <testcase name="User click login button" classname="Login with invalid phone number and/or password" time="0.55"/>
  <testcase name="User is not on Home Page" classname="Login with invalid phone number and/or password" time="0.551"/>
  <testcase name="User see &quot;Wrong Phone/Pass Format&quot; as the error message on login page" classname="Login with invalid phone number and/or password" time="0.149"/>
  <testcase name="classMethod" classname="Login with invalid phone number and/or password" time="20.699"/>
  <testcase name="User is on app login page" classname="Login with invalid phone number and/or password" time="3.791"/>
  <testcase name="User input &quot;81112345&quot; in phone number field" classname="Login with invalid phone number and/or password" time="0.652"/>
  <testcase name="User input &quot;PASSword&quot; in password text field" classname="Login with invalid phone number and/or password" time="0.549"/>
  <testcase name="User click login button" classname="Login with invalid phone number and/or password" time="0.55"/>
  <testcase name="User is not on Home Page" classname="Login with invalid phone number and/or password" time="0.55"/>
  <testcase name="User see &quot;Wrong Phone/Pass Format&quot; as the error message on login page" classname="Login with invalid phone number and/or password" time="0.151"/>
  <testcase name="classMethod" classname="Login with invalid phone number and/or password" time="16.391"/>
  <testcase name="User is on app login page" classname="Login with invalid phone number and/or password" time="4.395"/>
  <testcase name="User input &quot;81112345&quot; in phone number field" classname="Login with invalid phone number and/or password" time="0.601"/>
  <testcase name="User input &quot;pass1234&quot; in password text field" classname="Login with invalid phone number and/or password" time="0.548"/>
  <testcase name="User click login button" classname="Login with invalid phone number and/or password" time="0.55"/>
  <testcase name="User is not on Home Page" classname="Login with invalid phone number and/or password" time="0.551"/>
  <testcase name="User see &quot;Wrong Phone/Pass Format&quot; as the error message on login page" classname="Login with invalid phone number and/or password" time="0.15"/>
  <testcase name="classMethod" classname="Login with invalid phone number and/or password" time="19.157"/>
  <testcase name="User is on app login page" classname="Login with invalid phone number and/or password" time="11.993"/>
  <testcase name="User input &quot;81112345&quot; in phone number field" classname="Login with invalid phone number and/or password" time="0.649"/>
  <testcase name="User input &quot;PASS1234&quot; in password text field" classname="Login with invalid phone number and/or password" time="0.549"/>
  <testcase name="User click login button" classname="Login with invalid phone number and/or password" time="0.55"/>
  <testcase name="User is not on Home Page" classname="Login with invalid phone number and/or password" time="0.55"/>
  <testcase name="User see &quot;Wrong Phone/Pass Format&quot; as the error message on login page" classname="Login with invalid phone number and/or password" time="0.149"/>
  <testcase name="classMethod" classname="Login with invalid phone number and/or password" time="25.201"/>
  <testcase name="User is on app login page" classname="Login with invalid phone number and/or password" time="7.037"/>
  <testcase name="User input &quot;81112345&quot; in phone number field" classname="Login with invalid phone number and/or password" time="0.651"/>
  <testcase name="User input &quot;pass!@#$&quot; in password text field" classname="Login with invalid phone number and/or password" time="0.597"/>
  <testcase name="User click login button" classname="Login with invalid phone number and/or password" time="0.548"/>
  <testcase name="User is not on Home Page" classname="Login with invalid phone number and/or password" time="0.552"/>
  <testcase name="User see &quot;Wrong Phone/Pass Format&quot; as the error message on login page" classname="Login with invalid phone number and/or password" time="0.149"/>
  <testcase name="classMethod" classname="Login with invalid phone number and/or password" time="23.09"/>
  <testcase name="User is on app login page" classname="Login with invalid phone number and/or password" time="13.147"/>
  <testcase name="User input &quot;81112345&quot; in phone number field" classname="Login with invalid phone number and/or password" time="0.649"/>
  <testcase name="User input &quot;PASS!@#$&quot; in password text field" classname="Login with invalid phone number and/or password" time="0.547"/>
  <testcase name="User click login button" classname="Login with invalid phone number and/or password" time="0.549"/>
  <testcase name="User is not on Home Page" classname="Login with invalid phone number and/or password" time="0.551"/>
  <testcase name="User see &quot;Wrong Phone/Pass Format&quot; as the error message on login page" classname="Login with invalid phone number and/or password" time="0.147"/>
  <testcase name="classMethod" classname="Login with invalid phone number and/or password" time="28.859"/>
  <testcase name="User is on app login page" classname="Login with invalid phone number and/or password" time="13.164"/>
  <testcase name="User input &quot;81112345&quot; in phone number field" classname="Login with invalid phone number and/or password" time="0.627"/>
  <testcase name="User input &quot;!@#$1234&quot; in password text field" classname="Login with invalid phone number and/or password" time="0.548"/>
  <testcase name="User click login button" classname="Login with invalid phone number and/or password" time="0.569"/>
  <testcase name="User is not on Home Page" classname="Login with invalid phone number and/or password" time="0.554"/>
  <testcase name="User see &quot;Wrong Phone/Pass Format&quot; as the error message on login page" classname="Login with invalid phone number and/or password" time="0.123"/>
  <testcase name="classMethod" classname="Login with invalid phone number and/or password" time="33.447"/>
  <testcase name="User is on app login page" classname="Login with invalid phone number and/or password" time="8.258"/>
  <testcase name="User input &quot;81112345&quot; in phone number field" classname="Login with invalid phone number and/or password" time="0.572"/>
  <testcase name="User input &quot;!@#$%^&amp;*&quot; in password text field" classname="Login with invalid phone number and/or password" time="0.556"/>
  <testcase name="User click login button" classname="Login with invalid phone number and/or password" time="0.521"/>
  <testcase name="User is not on Home Page" classname="Login with invalid phone number and/or password" time="0.552"/>
  <testcase name="User see &quot;Wrong Phone/Pass Format&quot; as the error message on login page" classname="Login with invalid phone number and/or password" time="0.116"/>
  <testcase name="classMethod" classname="Login with invalid phone number and/or password" time="27.941"/>
  <testcase name="User is on app login page" classname="Login with invalid phone number and/or password" time="6.826"/>
  <testcase name="User input &quot;81112345&quot; in phone number field" classname="Login with invalid phone number and/or password" time="0.581"/>
  <testcase name="User input &quot;12345678&quot; in password text field" classname="Login with invalid phone number and/or password" time="0.533"/>
  <testcase name="User click login button" classname="Login with invalid phone number and/or password" time="0.523"/>
  <testcase name="User is not on Home Page" classname="Login with invalid phone number and/or password" time="0.56"/>
  <testcase name="User see &quot;Wrong Phone/Pass Format&quot; as the error message on login page" classname="Login with invalid phone number and/or password" time="0.183"/>
  <testcase name="classMethod" classname="Login with invalid phone number and/or password" time="18.24"/>
  <testcase name="User is on app login page" classname="Login with invalid phone number and/or password" time="8.256"/>
  <testcase name="User input &quot;81112345&quot; in phone number field" classname="Login with invalid phone number and/or password" time="0.593"/>
  <testcase name="User input &quot;PASSWORD&quot; in password text field" classname="Login with invalid phone number and/or password" time="0.53"/>
  <testcase name="User click login button" classname="Login with invalid phone number and/or password" time="0.549"/>
  <testcase name="User is not on Home Page" classname="Login with invalid phone number and/or password" time="0.55"/>
  <testcase name="User see &quot;Wrong Phone/Pass Format&quot; as the error message on login page" classname="Login with invalid phone number and/or password" time="0.1"/>
  <testcase name="classMethod" classname="Login with invalid phone number and/or password" time="24.34"/>
  <testcase name="User is on app login page" classname="Login with invalid phone number and/or password" time="11.827"/>
  <testcase name="User input &quot;81112345&quot; in phone number field" classname="Login with invalid phone number and/or password" time="0.593"/>
  <testcase name="User input &quot;password&quot; in password text field" classname="Login with invalid phone number and/or password" time="0.55"/>
  <testcase name="User click login button" classname="Login with invalid phone number and/or password" time="0.533"/>
  <testcase name="User is not on Home Page" classname="Login with invalid phone number and/or password" time="0.565"/>
  <testcase name="User see &quot;Wrong Phone/Pass Format&quot; as the error message on login page" classname="Login with invalid phone number and/or password" time="0.096"/>
  <testcase name="classMethod" classname="Login with invalid phone number and/or password" time="31.698"/>
  <testcase name="User is on app login page" classname="Login with invalid phone number and/or password" time="6.907"/>
  <testcase name="User input &quot;8959182736450&quot; in phone number field" classname="Login with invalid phone number and/or password" time="0.671"/>
  <testcase name="User input &quot;&quot; in password text field" classname="Login with invalid phone number and/or password" time="0.528"/>
  <testcase name="User click login button" classname="Login with invalid phone number and/or password" time="0.536"/>
  <testcase name="User is not on Home Page" classname="Login with invalid phone number and/or password" time="0.58"/>
  <testcase name="User see &quot;Wrong Phone/Pass Format&quot; as the error message on login page" classname="Login with invalid phone number and/or password" time="0.11"/>
  <testcase name="classMethod" classname="Login with invalid phone number and/or password" time="18.82"/>
  <testcase name="User is on app login page" classname="Login with invalid phone number and/or password" time="13.129"/>
  <testcase name="User input &quot;8959182736450&quot; in phone number field" classname="Login with invalid phone number and/or password" time="0.559"/>
  <testcase name="User input &quot;Pass@12&quot; in password text field" classname="Login with invalid phone number and/or password" time="0.553"/>
  <testcase name="User click login button" classname="Login with invalid phone number and/or password" time="0.538"/>
  <testcase name="User is not on Home Page" classname="Login with invalid phone number and/or password" time="0.565"/>
  <testcase name="User see &quot;Wrong Phone/Pass Format&quot; as the error message on login page" classname="Login with invalid phone number and/or password" time="0.134"/>
  <testcase name="classMethod" classname="Login with invalid phone number and/or password" time="27.255"/>
  <testcase name="User is on app login page" classname="Login with invalid phone number and/or password" time="13.172"/>
  <testcase name="User input &quot;8959182736450&quot; in phone number field" classname="Login with invalid phone number and/or password" time="0.604"/>
  <testcase name="User input &quot;LoginPassword@1234567&quot; in password text field" classname="Login with invalid phone number and/or password" time="0.551"/>
  <testcase name="User click login button" classname="Login with invalid phone number and/or password" time="0.523"/>
  <testcase name="User is not on Home Page" classname="Login with invalid phone number and/or password" time="0.567"/>
  <testcase name="User see &quot;Wrong Phone/Pass Format&quot; as the error message on login page" classname="Login with invalid phone number and/or password" time="0.106"/>
  <testcase name="classMethod" classname="Login with invalid phone number and/or password" time="32.792"/>
  <testcase name="User is on app login page" classname="Login with invalid phone number and/or password" time="13.159"/>
  <testcase name="User input &quot;8959182736450&quot; in phone number field" classname="Login with invalid phone number and/or password" time="0.584"/>
  <testcase name="User input &quot;Pass @123&quot; in password text field" classname="Login with invalid phone number and/or password" time="0.55"/>
  <testcase name="User click login button" classname="Login with invalid phone number and/or password" time="0.523"/>
  <testcase name="User is not on Home Page" classname="Login with invalid phone number and/or password" time="0.563"/>
  <testcase name="User see &quot;Wrong Phone/Pass Format&quot; as the error message on login page" classname="Login with invalid phone number and/or password" time="0.101"/>
  <testcase name="classMethod" classname="Login with invalid phone number and/or password" time="32.551"/>
  <testcase name="User is on app login page" classname="Login with invalid phone number and/or password" time="8.491"/>
  <testcase name="User input &quot;8959182736450&quot; in phone number field" classname="Login with invalid phone number and/or password" time="0.558"/>
  <testcase name="User input &quot;Pass1234&quot; in password text field" classname="Login with invalid phone number and/or password" time="0.546"/>
  <testcase name="User click login button" classname="Login with invalid phone number and/or password" time="0.522"/>
  <testcase name="User is not on Home Page" classname="Login with invalid phone number and/or password" time="0.566"/>
  <testcase name="User see &quot;Wrong Phone/Pass Format&quot; as the error message on login page" classname="Login with invalid phone number and/or password" time="0.23"/>
  <testcase name="classMethod" classname="Login with invalid phone number and/or password" time="27.997"/>
  <testcase name="User is on app login page" classname="Login with invalid phone number and/or password" time="6.137"/>
  <testcase name="User input &quot;8959182736450&quot; in phone number field" classname="Login with invalid phone number and/or password" time="0.582"/>
  <testcase name="User input &quot;Pass!@#$&quot; in password text field" classname="Login with invalid phone number and/or password" time="0.537"/>
  <testcase name="User click login button" classname="Login with invalid phone number and/or password" time="0.525"/>
  <testcase name="User is not on Home Page" classname="Login with invalid phone number and/or password" time="0.56"/>
  <testcase name="User see &quot;Wrong Phone/Pass Format&quot; as the error message on login page" classname="Login with invalid phone number and/or password" time="0.091"/>
  <testcase name="classMethod" classname="Login with invalid phone number and/or password" time="26.295"/>
  <testcase name="User is on app login page" classname="Login with invalid phone number and/or password" time="13.172"/>
  <testcase name="User input &quot;8959182736450&quot; in phone number field" classname="Login with invalid phone number and/or password" time="0.956"/>
  <testcase name="User input &quot;pass@123&quot; in password text field" classname="Login with invalid phone number and/or password" time="0.56"/>
  <testcase name="User click login button" classname="Login with invalid phone number and/or password" time="0.522"/>
  <testcase name="User is not on Home Page" classname="Login with invalid phone number and/or password" time="0.558"/>
  <testcase name="User see &quot;Wrong Phone/Pass Format&quot; as the error message on login page" classname="Login with invalid phone number and/or password" time="0.105"/>
  <testcase name="classMethod" classname="Login with invalid phone number and/or password" time="33.199"/>
  <testcase name="User is on app login page" classname="Login with invalid phone number and/or password" time="8.702"/>
  <testcase name="User input &quot;8959182736450&quot; in phone number field" classname="Login with invalid phone number and/or password" time="0.578"/>
  <testcase name="User input &quot;PASS@123&quot; in password text field" classname="Login with invalid phone number and/or password" time="0.524"/>
  <testcase name="User click login button" classname="Login with invalid phone number and/or password" time="0.523"/>
  <testcase name="User is not on Home Page" classname="Login with invalid phone number and/or password" time="0.579"/>
  <testcase name="User see &quot;Wrong Phone/Pass Format&quot; as the error message on login page" classname="Login with invalid phone number and/or password" time="0.106"/>
  <testcase name="classMethod" classname="Login with invalid phone number and/or password" time="28.095"/>
  <testcase name="User is on app login page" classname="Login with invalid phone number and/or password" time="9.065"/>
  <testcase name="User input &quot;8959182736450&quot; in phone number field" classname="Login with invalid phone number and/or password" time="0.576"/>
  <testcase name="User input &quot;PASSword&quot; in password text field" classname="Login with invalid phone number and/or password" time="0.551"/>
  <testcase name="User click login button" classname="Login with invalid phone number and/or password" time="0.529"/>
  <testcase name="User is not on Home Page" classname="Login with invalid phone number and/or password" time="0.563"/>
  <testcase name="User see &quot;Wrong Phone/Pass Format&quot; as the error message on login page" classname="Login with invalid phone number and/or password" time="0.109"/>
  <testcase name="classMethod" classname="Login with invalid phone number and/or password" time="28.606"/>
  <testcase name="User is on app login page" classname="Login with invalid phone number and/or password" time="4.207"/>
  <testcase name="User input &quot;8959182736450&quot; in phone number field" classname="Login with invalid phone number and/or password" time="0.684"/>
  <testcase name="User input &quot;pass1234&quot; in password text field" classname="Login with invalid phone number and/or password" time="0.553"/>
  <testcase name="User click login button" classname="Login with invalid phone number and/or password" time="0.547"/>
  <testcase name="User is not on Home Page" classname="Login with invalid phone number and/or password" time="0.552"/>
  <testcase name="User see &quot;Wrong Phone/Pass Format&quot; as the error message on login page" classname="Login with invalid phone number and/or password" time="0.149"/>
  <testcase name="classMethod" classname="Login with invalid phone number and/or password" time="16.607"/>
  <testcase name="User is on app login page" classname="Login with invalid phone number and/or password" time="13.229"/>
  <testcase name="User input &quot;8959182736450&quot; in phone number field" classname="Login with invalid phone number and/or password" time="0.649"/>
  <testcase name="User input &quot;PASS1234&quot; in password text field" classname="Login with invalid phone number and/or password" time="0.554"/>
  <testcase name="User click login button" classname="Login with invalid phone number and/or password" time="0.518"/>
  <testcase name="User is not on Home Page" classname="Login with invalid phone number and/or password" time="0.531"/>
  <testcase name="User see &quot;Wrong Phone/Pass Format&quot; as the error message on login page" classname="Login with invalid phone number and/or password" time="0.104"/>
  <testcase name="classMethod" classname="Login with invalid phone number and/or password" time="33.549"/>
  <testcase name="User is on app login page" classname="Login with invalid phone number and/or password" time="3.7"/>
  <testcase name="User input &quot;8959182736450&quot; in phone number field" classname="Login with invalid phone number and/or password" time="0.643"/>
  <testcase name="User input &quot;pass!@#$&quot; in password text field" classname="Login with invalid phone number and/or password" time="0.589"/>
  <testcase name="User click login button" classname="Login with invalid phone number and/or password" time="0.521"/>
  <testcase name="User is not on Home Page" classname="Login with invalid phone number and/or password" time="0.578"/>
  <testcase name="User see &quot;Wrong Phone/Pass Format&quot; as the error message on login page" classname="Login with invalid phone number and/or password" time="0.149"/>
  <testcase name="classMethod" classname="Login with invalid phone number and/or password" time="18.15"/>
  <testcase name="User is on app login page" classname="Login with invalid phone number and/or password" time="9.784"/>
  <testcase name="User input &quot;8959182736450&quot; in phone number field" classname="Login with invalid phone number and/or password" time="0.616"/>
  <testcase name="User input &quot;PASS!@#$&quot; in password text field" classname="Login with invalid phone number and/or password" time="0.581"/>
  <testcase name="User click login button" classname="Login with invalid phone number and/or password" time="0.55"/>
  <testcase name="User is not on Home Page" classname="Login with invalid phone number and/or password" time="0.549"/>
  <testcase name="User see &quot;Wrong Phone/Pass Format&quot; as the error message on login page" classname="Login with invalid phone number and/or password" time="0.151"/>
  <testcase name="classMethod" classname="Login with invalid phone number and/or password" time="29.99"/>
  <testcase name="User is on app login page" classname="Login with invalid phone number and/or password" time="3.744"/>
  <testcase name="User input &quot;8959182736450&quot; in phone number field" classname="Login with invalid phone number and/or password" time="0.601"/>
  <testcase name="User input &quot;!@#$1234&quot; in password text field" classname="Login with invalid phone number and/or password" time="0.55"/>
  <testcase name="User click login button" classname="Login with invalid phone number and/or password" time="0.601"/>
  <testcase name="User is not on Home Page" classname="Login with invalid phone number and/or password" time="0.556"/>
  <testcase name="User see &quot;Wrong Phone/Pass Format&quot; as the error message on login page" classname="Login with invalid phone number and/or password" time="0.143"/>
  <testcase name="classMethod" classname="Login with invalid phone number and/or password" time="23.86"/>
  <testcase name="User is on app login page" classname="Login with invalid phone number and/or password" time="13.187"/>
  <testcase name="User input &quot;8959182736450&quot; in phone number field" classname="Login with invalid phone number and/or password" time="0.652"/>
  <testcase name="User input &quot;!@#$%^&amp;*&quot; in password text field" classname="Login with invalid phone number and/or password" time="0.545"/>
  <testcase name="User click login button" classname="Login with invalid phone number and/or password" time="0.548"/>
  <testcase name="User is not on Home Page" classname="Login with invalid phone number and/or password" time="0.519"/>
  <testcase name="User see &quot;Wrong Phone/Pass Format&quot; as the error message on login page" classname="Login with invalid phone number and/or password" time="0.136"/>
  <testcase name="classMethod" classname="Login with invalid phone number and/or password" time="33.397"/>
  <testcase name="User is on app login page" classname="Login with invalid phone number and/or password" time="9.856"/>
  <testcase name="User input &quot;8959182736450&quot; in phone number field" classname="Login with invalid phone number and/or password" time="0.637"/>
  <testcase name="User input &quot;12345678&quot; in password text field" classname="Login with invalid phone number and/or password" time="0.589"/>
  <testcase name="User click login button" classname="Login with invalid phone number and/or password" time="0.549"/>
  <testcase name="User is not on Home Page" classname="Login with invalid phone number and/or password" time="0.55"/>
  <testcase name="User see &quot;Wrong Phone/Pass Format&quot; as the error message on login page" classname="Login with invalid phone number and/or password" time="0.102"/>
  <testcase name="classMethod" classname="Login with invalid phone number and/or password" time="28.306"/>
  <testcase name="User is on app login page" classname="Login with invalid phone number and/or password" time="9.429"/>
  <testcase name="User input &quot;8959182736450&quot; in phone number field" classname="Login with invalid phone number and/or password" time="0.611"/>
  <testcase name="User input &quot;PASSWORD&quot; in password text field" classname="Login with invalid phone number and/or password" time="0.585"/>
  <testcase name="User click login button" classname="Login with invalid phone number and/or password" time="0.52"/>
  <testcase name="User is not on Home Page" classname="Login with invalid phone number and/or password" time="0.579"/>
  <testcase name="User see &quot;Wrong Phone/Pass Format&quot; as the error message on login page" classname="Login with invalid phone number and/or password" time="0.149"/>
  <testcase name="classMethod" classname="Login with invalid phone number and/or password" time="29.127"/>
  <testcase name="User is on app login page" classname="Login with invalid phone number and/or password" time="9.166"/>
  <testcase name="User input &quot;8959182736450&quot; in phone number field" classname="Login with invalid phone number and/or password" time="0.678"/>
  <testcase name="User input &quot;password&quot; in password text field" classname="Login with invalid phone number and/or password" time="0.55"/>
  <testcase name="User click login button" classname="Login with invalid phone number and/or password" time="0.52"/>
  <testcase name="User is not on Home Page" classname="Login with invalid phone number and/or password" time="0.579"/>
  <testcase name="User see &quot;Wrong Phone/Pass Format&quot; as the error message on login page" classname="Login with invalid phone number and/or password" time="0.1"/>
  <testcase name="classMethod" classname="Login with invalid phone number and/or password" time="25.866"/>
  <testcase name="User is on app login page" classname="Login with invalid phone number and/or password" time="5.86"/>
  <testcase name="User input &quot;qwertyuiop&quot; in phone number field" classname="Login with invalid phone number and/or password" time="0.586"/>
  <testcase name="User input &quot;&quot; in password text field" classname="Login with invalid phone number and/or password" time="0.549"/>
  <testcase name="User click login button" classname="Login with invalid phone number and/or password" time="0.521"/>
  <testcase name="User is not on Home Page" classname="Login with invalid phone number and/or password" time="0.581"/>
  <testcase name="User see &quot;Wrong Phone/Pass Format&quot; as the error message on login page" classname="Login with invalid phone number and/or password" time="0.118"/>
  <testcase name="classMethod" classname="Login with invalid phone number and/or password" time="15.702"/>
  <testcase name="User is on app login page" classname="Login with invalid phone number and/or password" time="4.743"/>
  <testcase name="User input &quot;qwertyuiop&quot; in phone number field" classname="Login with invalid phone number and/or password" time="0.701"/>
  <testcase name="User input &quot;Pass@12&quot; in password text field" classname="Login with invalid phone number and/or password" time="0.596"/>
  <testcase name="User click login button" classname="Login with invalid phone number and/or password" time="0.55"/>
  <testcase name="User is not on Home Page" classname="Login with invalid phone number and/or password" time="0.551"/>
  <testcase name="User see &quot;Wrong Phone/Pass Format&quot; as the error message on login page" classname="Login with invalid phone number and/or password" time="0.151"/>
  <testcase name="classMethod" classname="Login with invalid phone number and/or password" time="20.156"/>
  <testcase name="User is on app login page" classname="Login with invalid phone number and/or password" time="13.146"/>
  <testcase name="User input &quot;qwertyuiop&quot; in phone number field" classname="Login with invalid phone number and/or password" time="0.697"/>
  <testcase name="User input &quot;LoginPassword@1234567&quot; in password text field" classname="Login with invalid phone number and/or password" time="0.551"/>
  <testcase name="User click login button" classname="Login with invalid phone number and/or password" time="0.548"/>
  <testcase name="User is not on Home Page" classname="Login with invalid phone number and/or password" time="0.549"/>
  <testcase name="User see &quot;Wrong Phone/Pass Format&quot; as the error message on login page" classname="Login with invalid phone number and/or password" time="0.151"/>
  <testcase name="classMethod" classname="Login with invalid phone number and/or password" time="25.039"/>
  <testcase name="User is on app login page" classname="Login with invalid phone number and/or password" time="13.144"/>
  <testcase name="User input &quot;qwertyuiop&quot; in phone number field" classname="Login with invalid phone number and/or password" time="0.648"/>
  <testcase name="User input &quot;Pass @123&quot; in password text field" classname="Login with invalid phone number and/or password" time="0.549"/>
  <testcase name="User click login button" classname="Login with invalid phone number and/or password" time="0.552"/>
  <testcase name="User is not on Home Page" classname="Login with invalid phone number and/or password" time="0.549"/>
  <testcase name="User see &quot;Wrong Phone/Pass Format&quot; as the error message on login page" classname="Login with invalid phone number and/or password" time="0.148"/>
  <testcase name="classMethod" classname="Login with invalid phone number and/or password" time="26.097"/>
  <testcase name="User is on app login page" classname="Login with invalid phone number and/or password" time="8.895"/>
  <testcase name="User input &quot;qwertyuiop&quot; in phone number field" classname="Login with invalid phone number and/or password" time="0.649"/>
  <testcase name="User input &quot;Pass1234&quot; in password text field" classname="Login with invalid phone number and/or password" time="0.548"/>
  <testcase name="User click login button" classname="Login with invalid phone number and/or password" time="0.55"/>
  <testcase name="User is not on Home Page" classname="Login with invalid phone number and/or password" time="0.549"/>
  <testcase name="User see &quot;Wrong Phone/Pass Format&quot; as the error message on login page" classname="Login with invalid phone number and/or password" time="0.212"/>
  <testcase name="classMethod" classname="Login with invalid phone number and/or password" time="22.303"/>
  <testcase name="User is on app login page" classname="Login with invalid phone number and/or password" time="4.002"/>
[...]
@Android @Login @Invalid
Scenario Outline: Login with invalid phone number and/or password           ?[90m# src/test/resources/features/Login/Login.feature:198?[0m

@Android @Login @Invalid
Scenario Outline: Login with invalid phone number and/or password           ?[90m# src/test/resources/features/Login/Login.feature:199?[0m

@Android @Login @Invalid
Scenario Outline: Login with invalid phone number and/or password           ?[90m# src/test/resources/features/Login/Login.feature:200?[0m
]]></system-out>
  <system-err><![CDATA[May 16, 2020 10:03:25 PM io.appium.java_client.remote.AppiumCommandExecutor$1 lambda$0
INFO: Detected dialect: W3C
May 16, 2020 10:03:38 PM io.appium.java_client.remote.AppiumCommandExecutor$1 lambda$0
INFO: Detected dialect: W3C
May 16, 2020 10:03:52 PM io.appium.java_client.remote.AppiumCommandExecutor$1 lambda$0
INFO: Detected dialect: W3C
May 16, 2020 10:04:05 PM io.appium.java_client.remote.AppiumCommandExecutor$1 lambda$0
INFO: Detected dialect: W3C
May 16, 2020 10:04:19 PM io.appium.java_client.remote.AppiumCommandExecutor$1 lambda$0
INFO: Detected dialect: W3C
May 16, 2020 10:04:53 PM io.appium.java_client.remote.AppiumCommandExecutor$1 lambda$0
INFO: Detected dialect: W3C
May 16, 2020 10:05:10 PM io.appium.java_client.remote.AppiumCommandExecutor$1 lambda$0
INFO: Detected dialect: W3C
May 16, 2020 10:05:43 PM io.appium.java_client.remote.AppiumCommandExecutor$1 lambda$0
INFO: Detected dialect: W3C
May 16, 2020 10:06:18 PM io.appium.java_client.remote.AppiumCommandExecutor$1 lambda$0
INFO: Detected dialect: W3C
May 16, 2020 10:06:48 PM io.appium.java_client.remote.AppiumCommandExecutor$1 lambda$0
INFO: Detected dialect: W3C
May 16, 2020 10:07:20 PM io.appium.java_client.remote.AppiumCommandExecutor$1 lambda$0
INFO: Detected dialect: W3C
May 16, 2020 10:07:36 PM io.appium.java_client.remote.AppiumCommandExecutor$1 lambda$0
INFO: Detected dialect: W3C
May 16, 2020 10:07:55 PM io.appium.java_client.remote.AppiumCommandExecutor$1 lambda$0
INFO: Detected dialect: W3C
May 16, 2020 10:08:15 PM io.appium.java_client.remote.AppiumCommandExecutor$1 lambda$0
INFO: Detected dialect: W3C
May 16, 2020 10:08:50 PM io.appium.java_client.remote.AppiumCommandExecutor$1 lambda$0
INFO: Detected dialect: W3C
May 16, 2020 10:09:11 PM io.appium.java_client.remote.AppiumCommandExecutor$1 lambda$0
INFO: Detected dialect: W3C
May 16, 2020 10:09:43 PM io.appium.java_client.remote.AppiumCommandExecutor$1 lambda$0
INFO: Detected dialect: W3C
May 16, 2020 10:10:14 PM io.appium.java_client.remote.AppiumCommandExecutor$1 lambda$0
INFO: Detected dialect: W3C
May 16, 2020 10:10:37 PM io.appium.java_client.remote.AppiumCommandExecutor$1 lambda$0
INFO: Detected dialect: W3C
May 16, 2020 10:11:01 PM io.appium.java_client.remote.AppiumCommandExecutor$1 lambda$0
INFO: Detected dialect: W3C
May 16, 2020 10:11:34 PM io.appium.java_client.remote.AppiumCommandExecutor$1 lambda$0
INFO: Detected dialect: W3C
May 16, 2020 10:12:01 PM io.appium.java_client.remote.AppiumCommandExecutor$1 lambda$0
INFO: Detected dialect: W3C
May 16, 2020 10:12:28 PM io.appium.java_client.remote.AppiumCommandExecutor$1 lambda$0
INFO: Detected dialect: W3C
May 16, 2020 10:12:58 PM io.appium.java_client.remote.AppiumCommandExecutor$1 lambda$0
INFO: Detected dialect: W3C
May 16, 2020 10:13:21 PM io.appium.java_client.remote.AppiumCommandExecutor$1 lambda$0
INFO: Detected dialect: W3C
May 16, 2020 10:13:45 PM io.appium.java_client.remote.AppiumCommandExecutor$1 lambda$0
INFO: Detected dialect: W3C
May 16, 2020 10:14:07 PM io.appium.java_client.remote.AppiumCommandExecutor$1 lambda$0
INFO: Detected dialect: W3C
May 16, 2020 10:14:22 PM io.appium.java_client.remote.AppiumCommandExecutor$1 lambda$0
INFO: Detected dialect: W3C
May 16, 2020 10:14:37 PM io.appium.java_client.remote.AppiumCommandExecutor$1 lambda$0
INFO: Detected dialect: W3C
May 16, 2020 10:15:02 PM io.appium.java_client.remote.AppiumCommandExecutor$1 lambda$0
INFO: Detected dialect: W3C
May 16, 2020 10:15:28 PM io.appium.java_client.remote.AppiumCommandExecutor$1 lambda$0
INFO: Detected dialect: W3C
May 16, 2020 10:16:01 PM io.appium.java_client.remote.AppiumCommandExecutor$1 lambda$0
INFO: Detected dialect: W3C
May 16, 2020 10:16:18 PM io.appium.java_client.remote.AppiumCommandExecutor$1 lambda$0
INFO: Detected dialect: W3C
May 16, 2020 10:16:41 PM io.appium.java_client.remote.AppiumCommandExecutor$1 lambda$0
INFO: Detected dialect: W3C
May 16, 2020 10:17:01 PM io.appium.java_client.remote.AppiumCommandExecutor$1 lambda$0
INFO: Detected dialect: W3C
May 16, 2020 10:17:19 PM io.appium.java_client.remote.AppiumCommandExecutor$1 lambda$0
INFO: Detected dialect: W3C
May 16, 2020 10:17:37 PM io.appium.java_client.remote.AppiumCommandExecutor$1 lambda$0
INFO: Detected dialect: W3C
May 16, 2020 10:17:58 PM io.appium.java_client.remote.AppiumCommandExecutor$1 lambda$0
INFO: Detected dialect: W3C
May 16, 2020 10:18:20 PM io.appium.java_client.remote.AppiumCommandExecutor$1 lambda$0
INFO: Detected dialect: W3C
May 16, 2020 10:18:47 PM io.appium.java_client.remote.AppiumCommandExecutor$1 lambda$0
INFO: Detected dialect: W3C
May 16, 2020 10:19:12 PM io.appium.java_client.remote.AppiumCommandExecutor$1 lambda$0
INFO: Detected dialect: W3C
May 16, 2020 10:19:39 PM io.appium.java_client.remote.AppiumCommandExecutor$1 lambda$0
INFO: Detected dialect: W3C
May 16, 2020 10:19:54 PM io.appium.java_client.remote.AppiumCommandExecutor$1 lambda$0
INFO: Detected dialect: W3C
May 16, 2020 10:20:15 PM io.appium.java_client.remote.AppiumCommandExecutor$1 lambda$0
INFO: Detected dialect: W3C
May 16, 2020 10:20:47 PM io.appium.java_client.remote.AppiumCommandExecutor$1 lambda$0
INFO: Detected dialect: W3C
May 16, 2020 10:21:20 PM io.appium.java_client.remote.AppiumCommandExecutor$1 lambda$0
INFO: Detected dialect: W3C
May 16, 2020 10:21:44 PM io.appium.java_client.remote.AppiumCommandExecutor$1 lambda$0
INFO: Detected dialect: W3C
May 16, 2020 10:22:17 PM io.appium.java_client.remote.AppiumCommandExecutor$1 lambda$0
INFO: Detected dialect: W3C
May 16, 2020 10:22:45 PM io.appium.java_client.remote.AppiumCommandExecutor$1 lambda$0
INFO: Detected dialect: W3C
May 16, 2020 10:23:04 PM io.appium.java_client.remote.AppiumCommandExecutor$1 lambda$0
INFO: Detected dialect: W3C
May 16, 2020 10:23:28 PM io.appium.java_client.remote.AppiumCommandExecutor$1 lambda$0
INFO: Detected dialect: W3C
May 16, 2020 10:23:45 PM io.appium.java_client.remote.AppiumCommandExecutor$1 lambda$0
INFO: Detected dialect: W3C
May 16, 2020 10:24:03 PM io.appium.java_client.remote.AppiumCommandExecutor$1 lambda$0
INFO: Detected dialect: W3C
May 16, 2020 10:24:21 PM io.appium.java_client.remote.AppiumCommandExecutor$1 lambda$0
INFO: Detected dialect: W3C
May 16, 2020 10:24:49 PM io.appium.java_client.remote.AppiumCommandExecutor$1 lambda$0
INFO: Detected dialect: W3C
May 16, 2020 10:25:12 PM io.appium.java_client.remote.AppiumCommandExecutor$1 lambda$0
INFO: Detected dialect: W3C
May 16, 2020 10:25:45 PM io.appium.java_client.remote.AppiumCommandExecutor$1 lambda$0
INFO: Detected dialect: W3C
May 16, 2020 10:26:18 PM io.appium.java_client.remote.AppiumCommandExecutor$1 lambda$0
INFO: Detected dialect: W3C
May 16, 2020 10:26:38 PM io.appium.java_client.remote.AppiumCommandExecutor$1 lambda$0
INFO: Detected dialect: W3C
May 16, 2020 10:27:01 PM io.appium.java_client.remote.AppiumCommandExecutor$1 lambda$0
INFO: Detected dialect: W3C
May 16, 2020 10:27:29 PM io.appium.java_client.remote.AppiumCommandExecutor$1 lambda$0
INFO: Detected dialect: W3C
May 16, 2020 10:27:53 PM io.appium.java_client.remote.AppiumCommandExecutor$1 lambda$0
INFO: Detected dialect: W3C
May 16, 2020 10:28:14 PM io.appium.java_client.remote.AppiumCommandExecutor$1 lambda$0
INFO: Detected dialect: W3C
May 16, 2020 10:28:46 PM io.appium.java_client.remote.AppiumCommandExecutor$1 lambda$0
INFO: Detected dialect: W3C
May 16, 2020 10:29:19 PM io.appium.java_client.remote.AppiumCommandExecutor$1 lambda$0
INFO: Detected dialect: W3C
May 16, 2020 10:29:52 PM io.appium.java_client.remote.AppiumCommandExecutor$1 lambda$0
INFO: Detected dialect: W3C
May 16, 2020 10:30:21 PM io.appium.java_client.remote.AppiumCommandExecutor$1 lambda$0
INFO: Detected dialect: W3C
May 16, 2020 10:30:46 PM io.appium.java_client.remote.AppiumCommandExecutor$1 lambda$0
INFO: Detected dialect: W3C
May 16, 2020 10:31:19 PM io.appium.java_client.remote.AppiumCommandExecutor$1 lambda$0
INFO: Detected dialect: W3C
May 16, 2020 10:31:47 PM io.appium.java_client.remote.AppiumCommandExecutor$1 lambda$0
INFO: Detected dialect: W3C
May 16, 2020 10:32:09 PM io.appium.java_client.remote.AppiumCommandExecutor$1 lambda$0
INFO: Detected dialect: W3C
May 16, 2020 10:32:33 PM io.appium.java_client.remote.AppiumCommandExecutor$1 lambda$0
INFO: Detected dialect: W3C
May 16, 2020 10:33:01 PM io.appium.java_client.remote.AppiumCommandExecutor$1 lambda$0
INFO: Detected dialect: W3C
May 16, 2020 10:33:25 PM io.appium.java_client.remote.AppiumCommandExecutor$1 lambda$0
INFO: Detected dialect: W3C
May 16, 2020 10:33:55 PM io.appium.java_client.remote.AppiumCommandExecutor$1 lambda$0
INFO: Detected dialect: W3C
May 16, 2020 10:34:19 PM io.appium.java_client.remote.AppiumCommandExecutor$1 lambda$0
INFO: Detected dialect: W3C
May 16, 2020 10:34:50 PM io.appium.java_client.remote.AppiumCommandExecutor$1 lambda$0
INFO: Detected dialect: W3C
May 16, 2020 10:35:20 PM io.appium.java_client.remote.AppiumCommandExecutor$1 lambda$0
INFO: Detected dialect: W3C
May 16, 2020 10:35:46 PM io.appium.java_client.remote.AppiumCommandExecutor$1 lambda$0
INFO: Detected dialect: W3C
May 16, 2020 10:36:05 PM io.appium.java_client.remote.AppiumCommandExecutor$1 lambda$0
INFO: Detected dialect: W3C
May 16, 2020 10:36:26 PM io.appium.java_client.remote.AppiumCommandExecutor$1 lambda$0
INFO: Detected dialect: W3C
May 16, 2020 10:36:43 PM io.appium.java_client.remote.AppiumCommandExecutor$1 lambda$0
INFO: Detected dialect: W3C
May 16, 2020 10:37:09 PM io.appium.java_client.remote.AppiumCommandExecutor$1 lambda$0
INFO: Detected dialect: W3C
May 16, 2020 10:37:35 PM io.appium.java_client.remote.AppiumCommandExecutor$1 lambda$0
INFO: Detected dialect: W3C
May 16, 2020 10:38:01 PM io.appium.java_client.remote.AppiumCommandExecutor$1 lambda$0
INFO: Detected dialect: W3C
May 16, 2020 10:38:25 PM io.appium.java_client.remote.AppiumCommandExecutor$1 lambda$0
INFO: Detected dialect: W3C
May 16, 2020 10:38:59 PM io.appium.java_client.remote.AppiumCommandExecutor$1 lambda$0
INFO: Detected dialect: W3C
May 16, 2020 10:39:28 PM io.appium.java_client.remote.AppiumCommandExecutor$1 lambda$0
INFO: Detected dialect: W3C
May 16, 2020 10:39:47 PM io.appium.java_client.remote.AppiumCommandExecutor$1 lambda$0
INFO: Detected dialect: W3C
May 16, 2020 10:40:12 PM io.appium.java_client.remote.AppiumCommandExecutor$1 lambda$0
INFO: Detected dialect: W3C
May 16, 2020 10:40:37 PM io.appium.java_client.remote.AppiumCommandExecutor$1 lambda$0
INFO: Detected dialect: W3C
May 16, 2020 10:40:57 PM io.appium.java_client.remote.AppiumCommandExecutor$1 lambda$0
INFO: Detected dialect: W3C
May 16, 2020 10:41:14 PM io.appium.java_client.remote.AppiumCommandExecutor$1 lambda$0
INFO: Detected dialect: W3C
May 16, 2020 10:41:47 PM io.appium.java_client.remote.AppiumCommandExecutor$1 lambda$0
INFO: Detected dialect: W3C
May 16, 2020 10:42:22 PM io.appium.java_client.remote.AppiumCommandExecutor$1 lambda$0
INFO: Detected dialect: W3C
May 16, 2020 10:42:38 PM io.appium.java_client.remote.AppiumCommandExecutor$1 lambda$0
INFO: Detected dialect: W3C
May 16, 2020 10:42:56 PM io.appium.java_client.remote.AppiumCommandExecutor$1 lambda$0
INFO: Detected dialect: W3C
May 16, 2020 10:43:14 PM io.appium.java_client.remote.AppiumCommandExecutor$1 lambda$0
INFO: Detected dialect: W3C
May 16, 2020 10:43:36 PM io.appium.java_client.remote.AppiumCommandExecutor$1 lambda$0
INFO: Detected dialect: W3C
May 16, 2020 10:43:53 PM io.appium.java_client.remote.AppiumCommandExecutor$1 lambda$0
INFO: Detected dialect: W3C
May 16, 2020 10:44:21 PM io.appium.java_client.remote.AppiumCommandExecutor$1 lambda$0
INFO: Detected dialect: W3C
May 16, 2020 10:44:39 PM io.appium.java_client.remote.AppiumCommandExecutor$1 lambda$0
INFO: Detected dialect: W3C
May 16, 2020 10:44:57 PM io.appium.java_client.remote.AppiumCommandExecutor$1 lambda$0
INFO: Detected dialect: W3C
May 16, 2020 10:45:12 PM io.appium.java_client.remote.AppiumCommandExecutor$1 lambda$0
INFO: Detected dialect: W3C
May 16, 2020 10:45:39 PM io.appium.java_client.remote.AppiumCommandExecutor$1 lambda$0
INFO: Detected dialect: W3C
May 16, 2020 10:45:54 PM io.appium.java_client.remote.AppiumCommandExecutor$1 lambda$0
INFO: Detected dialect: W3C
May 16, 2020 10:46:20 PM io.appium.java_client.remote.AppiumCommandExecutor$1 lambda$0
INFO: Detected dialect: W3C
May 16, 2020 10:46:38 PM io.appium.java_client.remote.AppiumCommandExecutor$1 lambda$0
INFO: Detected dialect: W3C
May 16, 2020 10:47:01 PM io.appium.java_client.remote.AppiumCommandExecutor$1 lambda$0
INFO: Detected dialect: W3C
May 16, 2020 10:47:23 PM io.appium.java_client.remote.AppiumCommandExecutor$1 lambda$0
INFO: Detected dialect: W3C
May 16, 2020 10:47:52 PM io.appium.java_client.remote.AppiumCommandExecutor$1 lambda$0
INFO: Detected dialect: W3C
May 16, 2020 10:48:17 PM io.appium.java_client.remote.AppiumCommandExecutor$1 lambda$0
INFO: Detected dialect: W3C
May 16, 2020 10:48:43 PM io.appium.java_client.remote.AppiumCommandExecutor$1 lambda$0
INFO: Detected dialect: W3C
May 16, 2020 10:49:01 PM io.appium.java_client.remote.AppiumCommandExecutor$1 lambda$0
INFO: Detected dialect: W3C
May 16, 2020 10:49:23 PM io.appium.java_client.remote.AppiumCommandExecutor$1 lambda$0
INFO: Detected dialect: W3C
May 16, 2020 10:49:43 PM io.appium.java_client.remote.AppiumCommandExecutor$1 lambda$0
INFO: Detected dialect: W3C
May 16, 2020 10:50:00 PM io.appium.java_client.remote.AppiumCommandExecutor$1 lambda$0
INFO: Detected dialect: W3C
May 16, 2020 10:50:18 PM io.appium.java_client.remote.AppiumCommandExecutor$1 lambda$0
INFO: Detected dialect: W3C
May 16, 2020 10:50:38 PM io.appium.java_client.remote.AppiumCommandExecutor$1 lambda$0
INFO: Detected dialect: W3C
May 16, 2020 10:50:57 PM io.appium.java_client.remote.AppiumCommandExecutor$1 lambda$0
INFO: Detected dialect: W3C
May 16, 2020 10:51:16 PM io.appium.java_client.remote.AppiumCommandExecutor$1 lambda$0
INFO: Detected dialect: W3C
May 16, 2020 10:51:40 PM io.appium.java_client.remote.AppiumCommandExecutor$1 lambda$0
INFO: Detected dialect: W3C
May 16, 2020 10:52:14 PM io.appium.java_client.remote.AppiumCommandExecutor$1 lambda$0
INFO: Detected dialect: W3C
May 16, 2020 10:52:34 PM io.appium.java_client.remote.AppiumCommandExecutor$1 lambda$0
INFO: Detected dialect: W3C
May 16, 2020 10:53:01 PM io.appium.java_client.remote.AppiumCommandExecutor$1 lambda$0
INFO: Detected dialect: W3C
May 16, 2020 10:53:28 PM io.appium.java_client.remote.AppiumCommandExecutor$1 lambda$0
INFO: Detected dialect: W3C
May 16, 2020 10:54:01 PM io.appium.java_client.remote.AppiumCommandExecutor$1 lambda$0
INFO: Detected dialect: W3C
May 16, 2020 10:54:28 PM io.appium.java_client.remote.AppiumCommandExecutor$1 lambda$0
INFO: Detected dialect: W3C
May 16, 2020 10:55:00 PM io.appium.java_client.remote.AppiumCommandExecutor$1 lambda$0
INFO: Detected dialect: W3C
May 16, 2020 10:55:33 PM io.appium.java_client.remote.AppiumCommandExecutor$1 lambda$0
INFO: Detected dialect: W3C
May 16, 2020 10:56:01 PM io.appium.java_client.remote.AppiumCommandExecutor$1 lambda$0
INFO: Detected dialect: W3C
May 16, 2020 10:56:28 PM io.appium.java_client.remote.AppiumCommandExecutor$1 lambda$0
INFO: Detected dialect: W3C
May 16, 2020 10:56:58 PM io.appium.java_client.remote.AppiumCommandExecutor$1 lambda$0
INFO: Detected dialect: W3C
May 16, 2020 10:57:14 PM io.appium.java_client.remote.AppiumCommandExecutor$1 lambda$0
INFO: Detected dialect: W3C
May 16, 2020 10:57:39 PM io.appium.java_client.remote.AppiumCommandExecutor$1 lambda$0
INFO: Detected dialect: W3C
May 16, 2020 10:58:06 PM io.appium.java_client.remote.AppiumCommandExecutor$1 lambda$0
INFO: Detected dialect: W3C
May 16, 2020 10:58:40 PM io.appium.java_client.remote.AppiumCommandExecutor$1 lambda$0
INFO: Detected dialect: W3C
May 16, 2020 10:59:01 PM io.appium.java_client.remote.AppiumCommandExecutor$1 lambda$0
INFO: Detected dialect: W3C
May 16, 2020 10:59:28 PM io.appium.java_client.remote.AppiumCommandExecutor$1 lambda$0
INFO: Detected dialect: W3C
May 16, 2020 10:59:48 PM io.appium.java_client.remote.AppiumCommandExecutor$1 lambda$0
INFO: Detected dialect: W3C
May 16, 2020 11:00:03 PM io.appium.java_client.remote.AppiumCommandExecutor$1 lambda$0
INFO: Detected dialect: W3C
May 16, 2020 11:00:30 PM io.appium.java_client.remote.AppiumCommandExecutor$1 lambda$0
INFO: Detected dialect: W3C
May 16, 2020 11:01:00 PM io.appium.java_client.remote.AppiumCommandExecutor$1 lambda$0
INFO: Detected dialect: W3C
May 16, 2020 11:01:27 PM io.appium.java_client.remote.AppiumCommandExecutor$1 lambda$0
INFO: Detected dialect: W3C
May 16, 2020 11:01:57 PM io.appium.java_client.remote.AppiumCommandExecutor$1 lambda$0
INFO: Detected dialect: W3C
May 16, 2020 11:02:23 PM io.appium.java_client.remote.AppiumCommandExecutor$1 lambda$0
INFO: Detected dialect: W3C
May 16, 2020 11:02:41 PM io.appium.java_client.remote.AppiumCommandExecutor$1 lambda$0
INFO: Detected dialect: W3C
May 16, 2020 11:02:58 PM io.appium.java_client.remote.AppiumCommandExecutor$1 lambda$0
INFO: Detected dialect: W3C
May 16, 2020 11:03:16 PM io.appium.java_client.remote.AppiumCommandExecutor$1 lambda$0
INFO: Detected dialect: W3C
May 16, 2020 11:03:34 PM io.appium.java_client.remote.AppiumCommandExecutor$1 lambda$0
INFO: Detected dialect: W3C
May 16, 2020 11:03:58 PM io.appium.java_client.remote.AppiumCommandExecutor$1 lambda$0
INFO: Detected dialect: W3C
May 16, 2020 11:04:22 PM io.appium.java_client.remote.AppiumCommandExecutor$1 lambda$0
INFO: Detected dialect: W3C
May 16, 2020 11:04:41 PM io.appium.java_client.remote.AppiumCommandExecutor$1 lambda$0
INFO: Detected dialect: W3C
May 16, 2020 11:05:00 PM io.appium.java_client.remote.AppiumCommandExecutor$1 lambda$0
INFO: Detected dialect: W3C
May 16, 2020 11:05:25 PM io.appium.java_client.remote.AppiumCommandExecutor$1 lambda$0
INFO: Detected dialect: W3C
May 16, 2020 11:05:51 PM io.appium.java_client.remote.AppiumCommandExecutor$1 lambda$0
INFO: Detected dialect: W3C
May 16, 2020 11:06:13 PM io.appium.java_client.remote.AppiumCommandExecutor$1 lambda$0
INFO: Detected dialect: W3C
May 16, 2020 11:06:38 PM io.appium.java_client.remote.AppiumCommandExecutor$1 lambda$0
INFO: Detected dialect: W3C
May 16, 2020 11:06:57 PM io.appium.java_client.remote.AppiumCommandExecutor$1 lambda$0
INFO: Detected dialect: W3C
May 16, 2020 11:07:24 PM io.appium.java_client.remote.AppiumCommandExecutor$1 lambda$0
INFO: Detected dialect: W3C
May 16, 2020 11:07:57 PM io.appium.java_client.remote.AppiumCommandExecutor$1 lambda$0
INFO: Detected dialect: W3C
May 16, 2020 11:08:20 PM io.appium.java_client.remote.AppiumCommandExecutor$1 lambda$0
INFO: Detected dialect: W3C
May 16, 2020 11:08:47 PM io.appium.java_client.remote.AppiumCommandExecutor$1 lambda$0
INFO: Detected dialect: W3C
May 16, 2020 11:09:20 PM io.appium.java_client.remote.AppiumCommandExecutor$1 lambda$0
INFO: Detected dialect: W3C
May 16, 2020 11:09:45 PM io.appium.java_client.remote.AppiumCommandExecutor$1 lambda$0
INFO: Detected dialect: W3C
May 16, 2020 11:10:01 PM io.appium.java_client.remote.AppiumCommandExecutor$1 lambda$0
INFO: Detected dialect: W3C
May 16, 2020 11:10:28 PM io.appium.java_client.remote.AppiumCommandExecutor$1 lambda$0
INFO: Detected dialect: W3C
May 16, 2020 11:10:53 PM io.appium.java_client.remote.AppiumCommandExecutor$1 lambda$0
INFO: Detected dialect: W3C
May 16, 2020 11:11:18 PM io.appium.java_client.remote.AppiumCommandExecutor$1 lambda$0
INFO: Detected dialect: W3C
]]></system-err>
</testsuite>
