<?xml version="1.0" encoding="UTF-8"?>
<testsuite name="Login with valid phone number and password" tests="54" skipped="0" failures="6" errors="0" timestamp="2020-05-16T11:49:21" hostname="dnid0666l01.local" time="274.332">
  <properties/>
  <testcase name="User is on app login page" classname="Login with valid phone number and password" time="3.731"/>
  <testcase name="User input &quot;811123456&quot; in phone number field" classname="Login with valid phone number and password" time="0.597"/>
  <testcase name="User input &quot;Pass@123&quot; in password text field" classname="Login with valid phone number and password" time="0.533"/>
  <testcase name="User click login button" classname="Login with valid phone number and password" time="0.516"/>
  <testcase name="User is on Home Page" classname="Login with valid phone number and password" time="3.403"/>
  <testcase name="classMethod" classname="Login with valid phone number and password" time="24.548"/>
  <testcase name="User is on app login page" classname="Login with valid phone number and password" time="3.726"/>
  <testcase name="User input &quot;811654321&quot; in phone number field" classname="Login with valid phone number and password" time="0.676"/>
  <testcase name="User input &quot;Password123456!&quot; in password text field" classname="Login with valid phone number and password" time="0.549"/>
  <testcase name="User click login button" classname="Login with valid phone number and password" time="0.523"/>
  <testcase name="User is on Home Page" classname="Login with valid phone number and password" time="4.051"/>
  <testcase name="classMethod" classname="Login with valid phone number and password" time="19.032"/>
  <testcase name="User is on app login page" classname="Login with valid phone number and password" time="13.155"/>
  <testcase name="User input &quot;811243546&quot; in phone number field" classname="Login with valid phone number and password" time="0.648"/>
  <testcase name="User input &quot;LoginPassword#123456&quot; in password text field" classname="Login with valid phone number and password" time="0.574"/>
  <testcase name="User click login button" classname="Login with valid phone number and password" time="0.518"/>
  <testcase name="User is on Home Page" classname="Login with valid phone number and password" time="2.437"/>
  <testcase name="classMethod" classname="Login with valid phone number and password" time="29.52"/>
  <testcase name="User is on app login page" classname="Login with valid phone number and password" time="5.824"/>
  <testcase name="User input &quot;81812345678&quot; in phone number field" classname="Login with valid phone number and password" time="0.602"/>
  <testcase name="User input &quot;Pass.123&quot; in password text field" classname="Login with valid phone number and password" time="0.545"/>
  <testcase name="User click login button" classname="Login with valid phone number and password" time="0.521"/>
  <testcase name="User is on Home Page" classname="Login with valid phone number and password" time="16.652">
    <failure message="org.openqa.selenium.NoSuchElementException: An element could not be located on the page using the given search parameters.&#10;For documentation on this error, please visit: https://www.seleniumhq.org/exceptions/no_such_element.html&#10;Build info: version: '3.141.59', revision: 'e82be7d358', time: '2018-11-14T08:17:03'&#10;System info: host: 'dnid0666l01.local', ip: 'fe80:0:0:0:104e:4346:c63d:a4b7%en0', os.name: 'Mac OS X', os.arch: 'x86_64', os.version: '10.15.4', java.version: '1.8.0_251'&#10;Driver info: io.appium.java_client.android.AndroidDriver&#10;Capabilities {app: /Users/chenr/IdeaProjects/F..., appPackage: com.rifqimukhtar.phonepayment, autoGrantPermissions: true, automationName: UiAutomator2, databaseEnabled: false, desired: {app: /Users/chenr/IdeaProjects/F..., autoGrantPermissions: true, automationName: UiAutomator2, deviceName: device, newCommandTimeout: 120, platformName: android, platformVersion: 6.0, udid: emulator-5554}, deviceApiLevel: 23, deviceManufacturer: unknown, deviceModel: Android SDK built for x86, deviceName: emulator-5554, deviceScreenDensity: 240, deviceScreenSize: 480x800, deviceUDID: emulator-5554, javascriptEnabled: true, locationContextEnabled: false, networkConnectionEnabled: true, newCommandTimeout: 120, pixelRatio: 1.5, platform: LINUX, platformName: Android, platformVersion: 6.0, statBarHeight: 36, takesScreenshot: true, udid: emulator-5554, viewportRect: {height: 764, left: 0, top: 36, width: 480}, warnings: {}, webStorageEnabled: false}&#10;Session ID: 02283412-666c-4bfa-b0f0-3b0289894005&#10;*** Element info: {Using=id, value=tvWelcomeUser}" type="org.openqa.selenium.NoSuchElementException">org.openqa.selenium.NoSuchElementException: An element could not be located on the page using the given search parameters.
For documentation on this error, please visit: https://www.seleniumhq.org/exceptions/no_such_element.html
Build info: version: '3.141.59', revision: 'e82be7d358', time: '2018-11-14T08:17:03'
System info: host: 'dnid0666l01.local', ip: 'fe80:0:0:0:104e:4346:c63d:a4b7%en0', os.name: 'Mac OS X', os.arch: 'x86_64', os.version: '10.15.4', java.version: '1.8.0_251'
Driver info: io.appium.java_client.android.AndroidDriver
Capabilities {app: /Users/chenr/IdeaProjects/F..., appPackage: com.rifqimukhtar.phonepayment, autoGrantPermissions: true, automationName: UiAutomator2, databaseEnabled: false, desired: {app: /Users/chenr/IdeaProjects/F..., autoGrantPermissions: true, automationName: UiAutomator2, deviceName: device, newCommandTimeout: 120, platformName: android, platformVersion: 6.0, udid: emulator-5554}, deviceApiLevel: 23, deviceManufacturer: unknown, deviceModel: Android SDK built for x86, deviceName: emulator-5554, deviceScreenDensity: 240, deviceScreenSize: 480x800, deviceUDID: emulator-5554, javascriptEnabled: true, locationContextEnabled: false, networkConnectionEnabled: true, newCommandTimeout: 120, pixelRatio: 1.5, platform: LINUX, platformName: Android, platformVersion: 6.0, statBarHeight: 36, takesScreenshot: true, udid: emulator-5554, viewportRect: {height: 764, left: 0, top: 36, width: 480}, warnings: {}, webStorageEnabled: false}
Session ID: 02283412-666c-4bfa-b0f0-3b0289894005
*** Element info: {Using=id, value=tvWelcomeUser}
	at sun.reflect.NativeConstructorAccessorImpl.newInstance0(Native Method)
	at sun.reflect.NativeConstructorAccessorImpl.newInstance(NativeConstructorAccessorImpl.java:62)
	at sun.reflect.DelegatingConstructorAccessorImpl.newInstance(DelegatingConstructorAccessorImpl.java:45)
	at java.lang.reflect.Constructor.newInstance(Constructor.java:423)
	at org.openqa.selenium.remote.http.W3CHttpResponseCodec.createException(W3CHttpResponseCodec.java:187)
	at org.openqa.selenium.remote.http.W3CHttpResponseCodec.decode(W3CHttpResponseCodec.java:122)
	at org.openqa.selenium.remote.http.W3CHttpResponseCodec.decode(W3CHttpResponseCodec.java:49)
	at org.openqa.selenium.remote.HttpCommandExecutor.execute(HttpCommandExecutor.java:158)
	at io.appium.java_client.remote.AppiumCommandExecutor.execute(AppiumCommandExecutor.java:239)
	at org.openqa.selenium.remote.RemoteWebDriver.execute(RemoteWebDriver.java:552)
	at io.appium.java_client.DefaultGenericMobileDriver.execute(DefaultGenericMobileDriver.java:41)
	at io.appium.java_client.AppiumDriver.execute(AppiumDriver.java:1)
	at io.appium.java_client.android.AndroidDriver.execute(AndroidDriver.java:1)
	at org.openqa.selenium.remote.RemoteWebDriver.findElement(RemoteWebDriver.java:323)
	at io.appium.java_client.DefaultGenericMobileDriver.findElement(DefaultGenericMobileDriver.java:61)
	at io.appium.java_client.AppiumDriver.findElement(AppiumDriver.java:1)
	at io.appium.java_client.android.AndroidDriver.findElement(AndroidDriver.java:1)
	at org.openqa.selenium.remote.RemoteWebDriver.findElementById(RemoteWebDriver.java:372)
	at io.appium.java_client.DefaultGenericMobileDriver.findElementById(DefaultGenericMobileDriver.java:69)
	at io.appium.java_client.AppiumDriver.findElementById(AppiumDriver.java:1)
	at io.appium.java_client.android.AndroidDriver.findElementById(AndroidDriver.java:1)
	at org.openqa.selenium.By$ById.findElement(By.java:188)
	at org.openqa.selenium.remote.RemoteWebDriver.findElement(RemoteWebDriver.java:315)
	at io.appium.java_client.DefaultGenericMobileDriver.findElement(DefaultGenericMobileDriver.java:57)
	at io.appium.java_client.AppiumDriver.findElement(AppiumDriver.java:1)
	at io.appium.java_client.android.AndroidDriver.findElement(AndroidDriver.java:1)
	at demo.pages.HomePage.onHomePage(HomePage.java:14)
	at demo.steps.LoginDef.userIsOnHomePage(LoginDef.java:36)
	at ✽.User is on Home Page(file:///Users/chenr/IdeaProjects/FinalProject_QA/src/test/resources/features/Login/Login.feature:9)
</failure>
  </testcase>
  <testcase name="classMethod" classname="Login with valid phone number and password" time="41.722">
    <failure message="org.openqa.selenium.NoSuchElementException: An element could not be located on the page using the given search parameters.&#10;For documentation on this error, please visit: https://www.seleniumhq.org/exceptions/no_such_element.html&#10;Build info: version: '3.141.59', revision: 'e82be7d358', time: '2018-11-14T08:17:03'&#10;System info: host: 'dnid0666l01.local', ip: 'fe80:0:0:0:104e:4346:c63d:a4b7%en0', os.name: 'Mac OS X', os.arch: 'x86_64', os.version: '10.15.4', java.version: '1.8.0_251'&#10;Driver info: io.appium.java_client.android.AndroidDriver&#10;Capabilities {app: /Users/chenr/IdeaProjects/F..., appPackage: com.rifqimukhtar.phonepayment, autoGrantPermissions: true, automationName: UiAutomator2, databaseEnabled: false, desired: {app: /Users/chenr/IdeaProjects/F..., autoGrantPermissions: true, automationName: UiAutomator2, deviceName: device, newCommandTimeout: 120, platformName: android, platformVersion: 6.0, udid: emulator-5554}, deviceApiLevel: 23, deviceManufacturer: unknown, deviceModel: Android SDK built for x86, deviceName: emulator-5554, deviceScreenDensity: 240, deviceScreenSize: 480x800, deviceUDID: emulator-5554, javascriptEnabled: true, locationContextEnabled: false, networkConnectionEnabled: true, newCommandTimeout: 120, pixelRatio: 1.5, platform: LINUX, platformName: Android, platformVersion: 6.0, statBarHeight: 36, takesScreenshot: true, udid: emulator-5554, viewportRect: {height: 764, left: 0, top: 36, width: 480}, warnings: {}, webStorageEnabled: false}&#10;Session ID: 02283412-666c-4bfa-b0f0-3b0289894005&#10;*** Element info: {Using=id, value=tvWelcomeUser}" type="org.openqa.selenium.NoSuchElementException">org.openqa.selenium.NoSuchElementException: An element could not be located on the page using the given search parameters.
For documentation on this error, please visit: https://www.seleniumhq.org/exceptions/no_such_element.html
Build info: version: '3.141.59', revision: 'e82be7d358', time: '2018-11-14T08:17:03'
System info: host: 'dnid0666l01.local', ip: 'fe80:0:0:0:104e:4346:c63d:a4b7%en0', os.name: 'Mac OS X', os.arch: 'x86_64', os.version: '10.15.4', java.version: '1.8.0_251'
Driver info: io.appium.java_client.android.AndroidDriver
Capabilities {app: /Users/chenr/IdeaProjects/F..., appPackage: com.rifqimukhtar.phonepayment, autoGrantPermissions: true, automationName: UiAutomator2, databaseEnabled: false, desired: {app: /Users/chenr/IdeaProjects/F..., autoGrantPermissions: true, automationName: UiAutomator2, deviceName: device, newCommandTimeout: 120, platformName: android, platformVersion: 6.0, udid: emulator-5554}, deviceApiLevel: 23, deviceManufacturer: unknown, deviceModel: Android SDK built for x86, deviceName: emulator-5554, deviceScreenDensity: 240, deviceScreenSize: 480x800, deviceUDID: emulator-5554, javascriptEnabled: true, locationContextEnabled: false, networkConnectionEnabled: true, newCommandTimeout: 120, pixelRatio: 1.5, platform: LINUX, platformName: Android, platformVersion: 6.0, statBarHeight: 36, takesScreenshot: true, udid: emulator-5554, viewportRect: {height: 764, left: 0, top: 36, width: 480}, warnings: {}, webStorageEnabled: false}
Session ID: 02283412-666c-4bfa-b0f0-3b0289894005
*** Element info: {Using=id, value=tvWelcomeUser}
	at sun.reflect.NativeConstructorAccessorImpl.newInstance0(Native Method)
	at sun.reflect.NativeConstructorAccessorImpl.newInstance(NativeConstructorAccessorImpl.java:62)
	at sun.reflect.DelegatingConstructorAccessorImpl.newInstance(DelegatingConstructorAccessorImpl.java:45)
	at java.lang.reflect.Constructor.newInstance(Constructor.java:423)
	at org.openqa.selenium.remote.http.W3CHttpResponseCodec.createException(W3CHttpResponseCodec.java:187)
	at org.openqa.selenium.remote.http.W3CHttpResponseCodec.decode(W3CHttpResponseCodec.java:122)
	at org.openqa.selenium.remote.http.W3CHttpResponseCodec.decode(W3CHttpResponseCodec.java:49)
	at org.openqa.selenium.remote.HttpCommandExecutor.execute(HttpCommandExecutor.java:158)
	at io.appium.java_client.remote.AppiumCommandExecutor.execute(AppiumCommandExecutor.java:239)
	at org.openqa.selenium.remote.RemoteWebDriver.execute(RemoteWebDriver.java:552)
	at io.appium.java_client.DefaultGenericMobileDriver.execute(DefaultGenericMobileDriver.java:41)
	at io.appium.java_client.AppiumDriver.execute(AppiumDriver.java:1)
	at io.appium.java_client.android.AndroidDriver.execute(AndroidDriver.java:1)
	at org.openqa.selenium.remote.RemoteWebDriver.findElement(RemoteWebDriver.java:323)
	at io.appium.java_client.DefaultGenericMobileDriver.findElement(DefaultGenericMobileDriver.java:61)
	at io.appium.java_client.AppiumDriver.findElement(AppiumDriver.java:1)
	at io.appium.java_client.android.AndroidDriver.findElement(AndroidDriver.java:1)
	at org.openqa.selenium.remote.RemoteWebDriver.findElementById(RemoteWebDriver.java:372)
	at io.appium.java_client.DefaultGenericMobileDriver.findElementById(DefaultGenericMobileDriver.java:69)
	at io.appium.java_client.AppiumDriver.findElementById(AppiumDriver.java:1)
	at io.appium.java_client.android.AndroidDriver.findElementById(AndroidDriver.java:1)
	at org.openqa.selenium.By$ById.findElement(By.java:188)
	at org.openqa.selenium.remote.RemoteWebDriver.findElement(RemoteWebDriver.java:315)
	at io.appium.java_client.DefaultGenericMobileDriver.findElement(DefaultGenericMobileDriver.java:57)
	at io.appium.java_client.AppiumDriver.findElement(AppiumDriver.java:1)
	at io.appium.java_client.android.AndroidDriver.findElement(AndroidDriver.java:1)
	at demo.pages.HomePage.onHomePage(HomePage.java:14)
	at demo.steps.LoginDef.userIsOnHomePage(LoginDef.java:36)
	at ✽.User is on Home Page(file:///Users/chenr/IdeaProjects/FinalProject_QA/src/test/resources/features/Login/Login.feature:9)
</failure>
  </testcase>
  <testcase name="User is on app login page" classname="Login with valid phone number and password" time="9.313"/>
  <testcase name="User input &quot;81912348765&quot; in phone number field" classname="Login with valid phone number and password" time="0.63"/>
  <testcase name="User input &quot;Password$123456&quot; in password text field" classname="Login with valid phone number and password" time="0.55"/>
  <testcase name="User click login button" classname="Login with valid phone number and password" time="0.519"/>
  <testcase name="User is on Home Page" classname="Login with valid phone number and password" time="4.052"/>
  <testcase name="classMethod" classname="Login with valid phone number and password" time="23.268"/>
  <testcase name="User is on app login page" classname="Login with valid phone number and password" time="5.777"/>
  <testcase name="User input &quot;87813245768&quot; in phone number field" classname="Login with valid phone number and password" time="0.613"/>
  <testcase name="User input &quot;Log1nP4ssword!234567&quot; in password text field" classname="Login with valid phone number and password" time="0.584"/>
  <testcase name="User click login button" classname="Login with valid phone number and password" time="0.523"/>
  <testcase name="User is on Home Page" classname="Login with valid phone number and password" time="3.387"/>
  <testcase name="classMethod" classname="Login with valid phone number and password" time="25.251"/>
  <testcase name="User is on app login page" classname="Login with valid phone number and password" time="13.146"/>
  <testcase name="User input &quot;895123456789&quot; in phone number field" classname="Login with valid phone number and password" time="0.651"/>
  <testcase name="User input &quot;Pass123%&quot; in password text field" classname="Login with valid phone number and password" time="0.642"/>
  <testcase name="User click login button" classname="Login with valid phone number and password" time="0.548"/>
  <testcase name="User is on Home Page" classname="Login with valid phone number and password" time="3.215"/>
  <testcase name="classMethod" classname="Login with valid phone number and password" time="30.843"/>
  <testcase name="User is on app login page" classname="Login with valid phone number and password" time="9.411"/>
  <testcase name="User input &quot;896987654321&quot; in phone number field" classname="Login with valid phone number and password" time="0.634"/>
  <testcase name="User input &quot;p4ssWord.132435&quot; in password text field" classname="Login with valid phone number and password" time="0.547"/>
  <testcase name="User click login button" classname="Login with valid phone number and password" time="0.551"/>
  <testcase name="User is on Home Page" classname="Login with valid phone number and password" time="16.491">
    <failure message="org.openqa.selenium.NoSuchElementException: An element could not be located on the page using the given search parameters.&#10;For documentation on this error, please visit: https://www.seleniumhq.org/exceptions/no_such_element.html&#10;Build info: version: '3.141.59', revision: 'e82be7d358', time: '2018-11-14T08:17:03'&#10;System info: host: 'dnid0666l01.local', ip: 'fe80:0:0:0:104e:4346:c63d:a4b7%en0', os.name: 'Mac OS X', os.arch: 'x86_64', os.version: '10.15.4', java.version: '1.8.0_251'&#10;Driver info: io.appium.java_client.android.AndroidDriver&#10;Capabilities {app: /Users/chenr/IdeaProjects/F..., appPackage: com.rifqimukhtar.phonepayment, autoGrantPermissions: true, automationName: UiAutomator2, databaseEnabled: false, desired: {app: /Users/chenr/IdeaProjects/F..., autoGrantPermissions: true, automationName: UiAutomator2, deviceName: device, newCommandTimeout: 120, platformName: android, platformVersion: 6.0, udid: emulator-5554}, deviceApiLevel: 23, deviceManufacturer: unknown, deviceModel: Android SDK built for x86, deviceName: emulator-5554, deviceScreenDensity: 240, deviceScreenSize: 480x800, deviceUDID: emulator-5554, javascriptEnabled: true, locationContextEnabled: false, networkConnectionEnabled: true, newCommandTimeout: 120, pixelRatio: 1.5, platform: LINUX, platformName: Android, platformVersion: 6.0, statBarHeight: 36, takesScreenshot: true, udid: emulator-5554, viewportRect: {height: 764, left: 0, top: 36, width: 480}, warnings: {}, webStorageEnabled: false}&#10;Session ID: 10a5836c-f1c8-43a2-8716-d706813fb90a&#10;*** Element info: {Using=id, value=tvWelcomeUser}" type="org.openqa.selenium.NoSuchElementException">org.openqa.selenium.NoSuchElementException: An element could not be located on the page using the given search parameters.
For documentation on this error, please visit: https://www.seleniumhq.org/exceptions/no_such_element.html
Build info: version: '3.141.59', revision: 'e82be7d358', time: '2018-11-14T08:17:03'
System info: host: 'dnid0666l01.local', ip: 'fe80:0:0:0:104e:4346:c63d:a4b7%en0', os.name: 'Mac OS X', os.arch: 'x86_64', os.version: '10.15.4', java.version: '1.8.0_251'
Driver info: io.appium.java_client.android.AndroidDriver
Capabilities {app: /Users/chenr/IdeaProjects/F..., appPackage: com.rifqimukhtar.phonepayment, autoGrantPermissions: true, automationName: UiAutomator2, databaseEnabled: false, desired: {app: /Users/chenr/IdeaProjects/F..., autoGrantPermissions: true, automationName: UiAutomator2, deviceName: device, newCommandTimeout: 120, platformName: android, platformVersion: 6.0, udid: emulator-5554}, deviceApiLevel: 23, deviceManufacturer: unknown, deviceModel: Android SDK built for x86, deviceName: emulator-5554, deviceScreenDensity: 240, deviceScreenSize: 480x800, deviceUDID: emulator-5554, javascriptEnabled: true, locationContextEnabled: false, networkConnectionEnabled: true, newCommandTimeout: 120, pixelRatio: 1.5, platform: LINUX, platformName: Android, platformVersion: 6.0, statBarHeight: 36, takesScreenshot: true, udid: emulator-5554, viewportRect: {height: 764, left: 0, top: 36, width: 480}, warnings: {}, webStorageEnabled: false}
Session ID: 10a5836c-f1c8-43a2-8716-d706813fb90a
*** Element info: {Using=id, value=tvWelcomeUser}
	at sun.reflect.NativeConstructorAccessorImpl.newInstance0(Native Method)
	at sun.reflect.NativeConstructorAccessorImpl.newInstance(NativeConstructorAccessorImpl.java:62)
	at sun.reflect.DelegatingConstructorAccessorImpl.newInstance(DelegatingConstructorAccessorImpl.java:45)
	at java.lang.reflect.Constructor.newInstance(Constructor.java:423)
	at org.openqa.selenium.remote.http.W3CHttpResponseCodec.createException(W3CHttpResponseCodec.java:187)
	at org.openqa.selenium.remote.http.W3CHttpResponseCodec.decode(W3CHttpResponseCodec.java:122)
	at org.openqa.selenium.remote.http.W3CHttpResponseCodec.decode(W3CHttpResponseCodec.java:49)
	at org.openqa.selenium.remote.HttpCommandExecutor.execute(HttpCommandExecutor.java:158)
	at io.appium.java_client.remote.AppiumCommandExecutor.execute(AppiumCommandExecutor.java:239)
	at org.openqa.selenium.remote.RemoteWebDriver.execute(RemoteWebDriver.java:552)
	at io.appium.java_client.DefaultGenericMobileDriver.execute(DefaultGenericMobileDriver.java:41)
	at io.appium.java_client.AppiumDriver.execute(AppiumDriver.java:1)
	at io.appium.java_client.android.AndroidDriver.execute(AndroidDriver.java:1)
	at org.openqa.selenium.remote.RemoteWebDriver.findElement(RemoteWebDriver.java:323)
	at io.appium.java_client.DefaultGenericMobileDriver.findElement(DefaultGenericMobileDriver.java:61)
	at io.appium.java_client.AppiumDriver.findElement(AppiumDriver.java:1)
	at io.appium.java_client.android.AndroidDriver.findElement(AndroidDriver.java:1)
	at org.openqa.selenium.remote.RemoteWebDriver.findElementById(RemoteWebDriver.java:372)
	at io.appium.java_client.DefaultGenericMobileDriver.findElementById(DefaultGenericMobileDriver.java:69)
	at io.appium.java_client.AppiumDriver.findElementById(AppiumDriver.java:1)
	at io.appium.java_client.android.AndroidDriver.findElementById(AndroidDriver.java:1)
	at org.openqa.selenium.By$ById.findElement(By.java:188)
	at org.openqa.selenium.remote.RemoteWebDriver.findElement(RemoteWebDriver.java:315)
	at io.appium.java_client.DefaultGenericMobileDriver.findElement(DefaultGenericMobileDriver.java:57)
	at io.appium.java_client.AppiumDriver.findElement(AppiumDriver.java:1)
	at io.appium.java_client.android.AndroidDriver.findElement(AndroidDriver.java:1)
	at demo.pages.HomePage.onHomePage(HomePage.java:14)
	at demo.steps.LoginDef.userIsOnHomePage(LoginDef.java:36)
	at ✽.User is on Home Page(file:///Users/chenr/IdeaProjects/FinalProject_QA/src/test/resources/features/Login/Login.feature:9)
</failure>
  </testcase>
  <testcase name="classMethod" classname="Login with valid phone number and password" time="43.509">
    <failure message="org.openqa.selenium.NoSuchElementException: An element could not be located on the page using the given search parameters.&#10;For documentation on this error, please visit: https://www.seleniumhq.org/exceptions/no_such_element.html&#10;Build info: version: '3.141.59', revision: 'e82be7d358', time: '2018-11-14T08:17:03'&#10;System info: host: 'dnid0666l01.local', ip: 'fe80:0:0:0:104e:4346:c63d:a4b7%en0', os.name: 'Mac OS X', os.arch: 'x86_64', os.version: '10.15.4', java.version: '1.8.0_251'&#10;Driver info: io.appium.java_client.android.AndroidDriver&#10;Capabilities {app: /Users/chenr/IdeaProjects/F..., appPackage: com.rifqimukhtar.phonepayment, autoGrantPermissions: true, automationName: UiAutomator2, databaseEnabled: false, desired: {app: /Users/chenr/IdeaProjects/F..., autoGrantPermissions: true, automationName: UiAutomator2, deviceName: device, newCommandTimeout: 120, platformName: android, platformVersion: 6.0, udid: emulator-5554}, deviceApiLevel: 23, deviceManufacturer: unknown, deviceModel: Android SDK built for x86, deviceName: emulator-5554, deviceScreenDensity: 240, deviceScreenSize: 480x800, deviceUDID: emulator-5554, javascriptEnabled: true, locationContextEnabled: false, networkConnectionEnabled: true, newCommandTimeout: 120, pixelRatio: 1.5, platform: LINUX, platformName: Android, platformVersion: 6.0, statBarHeight: 36, takesScreenshot: true, udid: emulator-5554, viewportRect: {height: 764, left: 0, top: 36, width: 480}, warnings: {}, webStorageEnabled: false}&#10;Session ID: 10a5836c-f1c8-43a2-8716-d706813fb90a&#10;*** Element info: {Using=id, value=tvWelcomeUser}" type="org.openqa.selenium.NoSuchElementException">org.openqa.selenium.NoSuchElementException: An element could not be located on the page using the given search parameters.
For documentation on this error, please visit: https://www.seleniumhq.org/exceptions/no_such_element.html
Build info: version: '3.141.59', revision: 'e82be7d358', time: '2018-11-14T08:17:03'
System info: host: 'dnid0666l01.local', ip: 'fe80:0:0:0:104e:4346:c63d:a4b7%en0', os.name: 'Mac OS X', os.arch: 'x86_64', os.version: '10.15.4', java.version: '1.8.0_251'
Driver info: io.appium.java_client.android.AndroidDriver
Capabilities {app: /Users/chenr/IdeaProjects/F..., appPackage: com.rifqimukhtar.phonepayment, autoGrantPermissions: true, automationName: UiAutomator2, databaseEnabled: false, desired: {app: /Users/chenr/IdeaProjects/F..., autoGrantPermissions: true, automationName: UiAutomator2, deviceName: device, newCommandTimeout: 120, platformName: android, platformVersion: 6.0, udid: emulator-5554}, deviceApiLevel: 23, deviceManufacturer: unknown, deviceModel: Android SDK built for x86, deviceName: emulator-5554, deviceScreenDensity: 240, deviceScreenSize: 480x800, deviceUDID: emulator-5554, javascriptEnabled: true, locationContextEnabled: false, networkConnectionEnabled: true, newCommandTimeout: 120, pixelRatio: 1.5, platform: LINUX, platformName: Android, platformVersion: 6.0, statBarHeight: 36, takesScreenshot: true, udid: emulator-5554, viewportRect: {height: 764, left: 0, top: 36, width: 480}, warnings: {}, webStorageEnabled: false}
Session ID: 10a5836c-f1c8-43a2-8716-d706813fb90a
*** Element info: {Using=id, value=tvWelcomeUser}
	at sun.reflect.NativeConstructorAccessorImpl.newInstance0(Native Method)
	at sun.reflect.NativeConstructorAccessorImpl.newInstance(NativeConstructorAccessorImpl.java:62)
	at sun.reflect.DelegatingConstructorAccessorImpl.newInstance(DelegatingConstructorAccessorImpl.java:45)
	at java.lang.reflect.Constructor.newInstance(Constructor.java:423)
	at org.openqa.selenium.remote.http.W3CHttpResponseCodec.createException(W3CHttpResponseCodec.java:187)
	at org.openqa.selenium.remote.http.W3CHttpResponseCodec.decode(W3CHttpResponseCodec.java:122)
	at org.openqa.selenium.remote.http.W3CHttpResponseCodec.decode(W3CHttpResponseCodec.java:49)
	at org.openqa.selenium.remote.HttpCommandExecutor.execute(HttpCommandExecutor.java:158)
	at io.appium.java_client.remote.AppiumCommandExecutor.execute(AppiumCommandExecutor.java:239)
	at org.openqa.selenium.remote.RemoteWebDriver.execute(RemoteWebDriver.java:552)
	at io.appium.java_client.DefaultGenericMobileDriver.execute(DefaultGenericMobileDriver.java:41)
	at io.appium.java_client.AppiumDriver.execute(AppiumDriver.java:1)
	at io.appium.java_client.android.AndroidDriver.execute(AndroidDriver.java:1)
	at org.openqa.selenium.remote.RemoteWebDriver.findElement(RemoteWebDriver.java:323)
	at io.appium.java_client.DefaultGenericMobileDriver.findElement(DefaultGenericMobileDriver.java:61)
	at io.appium.java_client.AppiumDriver.findElement(AppiumDriver.java:1)
	at io.appium.java_client.android.AndroidDriver.findElement(AndroidDriver.java:1)
	at org.openqa.selenium.remote.RemoteWebDriver.findElementById(RemoteWebDriver.java:372)
	at io.appium.java_client.DefaultGenericMobileDriver.findElementById(DefaultGenericMobileDriver.java:69)
	at io.appium.java_client.AppiumDriver.findElementById(AppiumDriver.java:1)
	at io.appium.java_client.android.AndroidDriver.findElementById(AndroidDriver.java:1)
	at org.openqa.selenium.By$ById.findElement(By.java:188)
	at org.openqa.selenium.remote.RemoteWebDriver.findElement(RemoteWebDriver.java:315)
	at io.appium.java_client.DefaultGenericMobileDriver.findElement(DefaultGenericMobileDriver.java:57)
	at io.appium.java_client.AppiumDriver.findElement(AppiumDriver.java:1)
	at io.appium.java_client.android.AndroidDriver.findElement(AndroidDriver.java:1)
	at demo.pages.HomePage.onHomePage(HomePage.java:14)
	at demo.steps.LoginDef.userIsOnHomePage(LoginDef.java:36)
	at ✽.User is on Home Page(file:///Users/chenr/IdeaProjects/FinalProject_QA/src/test/resources/features/Login/Login.feature:9)
</failure>
  </testcase>
  <testcase name="User is on app login page" classname="Login with valid phone number and password" time="11.969"/>
  <testcase name="User input &quot;898918273645&quot; in phone number field" classname="Login with valid phone number and password" time="0.59"/>
  <testcase name="User input &quot;logiNpassworD123456,&quot; in password text field" classname="Login with valid phone number and password" time="0.54"/>
  <testcase name="User click login button" classname="Login with valid phone number and password" time="0.534"/>
  <testcase name="User is on Home Page" classname="Login with valid phone number and password" time="23.154">
    <failure message="org.openqa.selenium.NoSuchElementException: An element could not be located on the page using the given search parameters.&#10;For documentation on this error, please visit: https://www.seleniumhq.org/exceptions/no_such_element.html&#10;Build info: version: '3.141.59', revision: 'e82be7d358', time: '2018-11-14T08:17:03'&#10;System info: host: 'dnid0666l01.local', ip: 'fe80:0:0:0:104e:4346:c63d:a4b7%en0', os.name: 'Mac OS X', os.arch: 'x86_64', os.version: '10.15.4', java.version: '1.8.0_251'&#10;Driver info: io.appium.java_client.android.AndroidDriver&#10;Capabilities {app: /Users/chenr/IdeaProjects/F..., appPackage: com.rifqimukhtar.phonepayment, autoGrantPermissions: true, automationName: UiAutomator2, databaseEnabled: false, desired: {app: /Users/chenr/IdeaProjects/F..., autoGrantPermissions: true, automationName: UiAutomator2, deviceName: device, newCommandTimeout: 120, platformName: android, platformVersion: 6.0, udid: emulator-5554}, deviceApiLevel: 23, deviceManufacturer: unknown, deviceModel: Android SDK built for x86, deviceName: emulator-5554, deviceScreenDensity: 240, deviceScreenSize: 480x800, deviceUDID: emulator-5554, javascriptEnabled: true, locationContextEnabled: false, networkConnectionEnabled: true, newCommandTimeout: 120, pixelRatio: 1.5, platform: LINUX, platformName: Android, platformVersion: 6.0, statBarHeight: 36, takesScreenshot: true, udid: emulator-5554, viewportRect: {height: 764, left: 0, top: 36, width: 480}, warnings: {}, webStorageEnabled: false}&#10;Session ID: 18c71820-0223-44ed-b8be-5860c10cb06c&#10;*** Element info: {Using=id, value=tvWelcomeUser}" type="org.openqa.selenium.NoSuchElementException">org.openqa.selenium.NoSuchElementException: An element could not be located on the page using the given search parameters.
For documentation on this error, please visit: https://www.seleniumhq.org/exceptions/no_such_element.html
Build info: version: '3.141.59', revision: 'e82be7d358', time: '2018-11-14T08:17:03'
System info: host: 'dnid0666l01.local', ip: 'fe80:0:0:0:104e:4346:c63d:a4b7%en0', os.name: 'Mac OS X', os.arch: 'x86_64', os.version: '10.15.4', java.version: '1.8.0_251'
Driver info: io.appium.java_client.android.AndroidDriver
Capabilities {app: /Users/chenr/IdeaProjects/F..., appPackage: com.rifqimukhtar.phonepayment, autoGrantPermissions: true, automationName: UiAutomator2, databaseEnabled: false, desired: {app: /Users/chenr/IdeaProjects/F..., autoGrantPermissions: true, automationName: UiAutomator2, deviceName: device, newCommandTimeout: 120, platformName: android, platformVersion: 6.0, udid: emulator-5554}, deviceApiLevel: 23, deviceManufacturer: unknown, deviceModel: Android SDK built for x86, deviceName: emulator-5554, deviceScreenDensity: 240, deviceScreenSize: 480x800, deviceUDID: emulator-5554, javascriptEnabled: true, locationContextEnabled: false, networkConnectionEnabled: true, newCommandTimeout: 120, pixelRatio: 1.5, platform: LINUX, platformName: Android, platformVersion: 6.0, statBarHeight: 36, takesScreenshot: true, udid: emulator-5554, viewportRect: {height: 764, left: 0, top: 36, width: 480}, warnings: {}, webStorageEnabled: false}
Session ID: 18c71820-0223-44ed-b8be-5860c10cb06c
*** Element info: {Using=id, value=tvWelcomeUser}
	at sun.reflect.NativeConstructorAccessorImpl.newInstance0(Native Method)
	at sun.reflect.NativeConstructorAccessorImpl.newInstance(NativeConstructorAccessorImpl.java:62)
	at sun.reflect.DelegatingConstructorAccessorImpl.newInstance(DelegatingConstructorAccessorImpl.java:45)
	at java.lang.reflect.Constructor.newInstance(Constructor.java:423)
	at org.openqa.selenium.remote.http.W3CHttpResponseCodec.createException(W3CHttpResponseCodec.java:187)
	at org.openqa.selenium.remote.http.W3CHttpResponseCodec.decode(W3CHttpResponseCodec.java:122)
	at org.openqa.selenium.remote.http.W3CHttpResponseCodec.decode(W3CHttpResponseCodec.java:49)
	at org.openqa.selenium.remote.HttpCommandExecutor.execute(HttpCommandExecutor.java:158)
	at io.appium.java_client.remote.AppiumCommandExecutor.execute(AppiumCommandExecutor.java:239)
	at org.openqa.selenium.remote.RemoteWebDriver.execute(RemoteWebDriver.java:552)
	at io.appium.java_client.DefaultGenericMobileDriver.execute(DefaultGenericMobileDriver.java:41)
	at io.appium.java_client.AppiumDriver.execute(AppiumDriver.java:1)
	at io.appium.java_client.android.AndroidDriver.execute(AndroidDriver.java:1)
	at org.openqa.selenium.remote.RemoteWebDriver.findElement(RemoteWebDriver.java:323)
	at io.appium.java_client.DefaultGenericMobileDriver.findElement(DefaultGenericMobileDriver.java:61)
	at io.appium.java_client.AppiumDriver.findElement(AppiumDriver.java:1)
	at io.appium.java_client.android.AndroidDriver.findElement(AndroidDriver.java:1)
	at org.openqa.selenium.remote.RemoteWebDriver.findElementById(RemoteWebDriver.java:372)
	at io.appium.java_client.DefaultGenericMobileDriver.findElementById(DefaultGenericMobileDriver.java:69)
	at io.appium.java_client.AppiumDriver.findElementById(AppiumDriver.java:1)
	at io.appium.java_client.android.AndroidDriver.findElementById(AndroidDriver.java:1)
	at org.openqa.selenium.By$ById.findElement(By.java:188)
	at org.openqa.selenium.remote.RemoteWebDriver.findElement(RemoteWebDriver.java:315)
	at io.appium.java_client.DefaultGenericMobileDriver.findElement(DefaultGenericMobileDriver.java:57)
	at io.appium.java_client.AppiumDriver.findElement(AppiumDriver.java:1)
	at io.appium.java_client.android.AndroidDriver.findElement(AndroidDriver.java:1)
	at demo.pages.HomePage.onHomePage(HomePage.java:14)
	at demo.steps.LoginDef.userIsOnHomePage(LoginDef.java:36)
	at ✽.User is on Home Page(file:///Users/chenr/IdeaProjects/FinalProject_QA/src/test/resources/features/Login/Login.feature:9)
</failure>
  </testcase>
  <testcase name="classMethod" classname="Login with valid phone number and password" time="51.878">
    <failure message="org.openqa.selenium.NoSuchElementException: An element could not be located on the page using the given search parameters.&#10;For documentation on this error, please visit: https://www.seleniumhq.org/exceptions/no_such_element.html&#10;Build info: version: '3.141.59', revision: 'e82be7d358', time: '2018-11-14T08:17:03'&#10;System info: host: 'dnid0666l01.local', ip: 'fe80:0:0:0:104e:4346:c63d:a4b7%en0', os.name: 'Mac OS X', os.arch: 'x86_64', os.version: '10.15.4', java.version: '1.8.0_251'&#10;Driver info: io.appium.java_client.android.AndroidDriver&#10;Capabilities {app: /Users/chenr/IdeaProjects/F..., appPackage: com.rifqimukhtar.phonepayment, autoGrantPermissions: true, automationName: UiAutomator2, databaseEnabled: false, desired: {app: /Users/chenr/IdeaProjects/F..., autoGrantPermissions: true, automationName: UiAutomator2, deviceName: device, newCommandTimeout: 120, platformName: android, platformVersion: 6.0, udid: emulator-5554}, deviceApiLevel: 23, deviceManufacturer: unknown, deviceModel: Android SDK built for x86, deviceName: emulator-5554, deviceScreenDensity: 240, deviceScreenSize: 480x800, deviceUDID: emulator-5554, javascriptEnabled: true, locationContextEnabled: false, networkConnectionEnabled: true, newCommandTimeout: 120, pixelRatio: 1.5, platform: LINUX, platformName: Android, platformVersion: 6.0, statBarHeight: 36, takesScreenshot: true, udid: emulator-5554, viewportRect: {height: 764, left: 0, top: 36, width: 480}, warnings: {}, webStorageEnabled: false}&#10;Session ID: 18c71820-0223-44ed-b8be-5860c10cb06c&#10;*** Element info: {Using=id, value=tvWelcomeUser}" type="org.openqa.selenium.NoSuchElementException">org.openqa.selenium.NoSuchElementException: An element could not be located on the page using the given search parameters.
For documentation on this error, please visit: https://www.seleniumhq.org/exceptions/no_such_element.html
Build info: version: '3.141.59', revision: 'e82be7d358', time: '2018-11-14T08:17:03'
System info: host: 'dnid0666l01.local', ip: 'fe80:0:0:0:104e:4346:c63d:a4b7%en0', os.name: 'Mac OS X', os.arch: 'x86_64', os.version: '10.15.4', java.version: '1.8.0_251'
Driver info: io.appium.java_client.android.AndroidDriver
Capabilities {app: /Users/chenr/IdeaProjects/F..., appPackage: com.rifqimukhtar.phonepayment, autoGrantPermissions: true, automationName: UiAutomator2, databaseEnabled: false, desired: {app: /Users/chenr/IdeaProjects/F..., autoGrantPermissions: true, automationName: UiAutomator2, deviceName: device, newCommandTimeout: 120, platformName: android, platformVersion: 6.0, udid: emulator-5554}, deviceApiLevel: 23, deviceManufacturer: unknown, deviceModel: Android SDK built for x86, deviceName: emulator-5554, deviceScreenDensity: 240, deviceScreenSize: 480x800, deviceUDID: emulator-5554, javascriptEnabled: true, locationContextEnabled: false, networkConnectionEnabled: true, newCommandTimeout: 120, pixelRatio: 1.5, platform: LINUX, platformName: Android, platformVersion: 6.0, statBarHeight: 36, takesScreenshot: true, udid: emulator-5554, viewportRect: {height: 764, left: 0, top: 36, width: 480}, warnings: {}, webStorageEnabled: false}
Session ID: 18c71820-0223-44ed-b8be-5860c10cb06c
*** Element info: {Using=id, value=tvWelcomeUser}
	at sun.reflect.NativeConstructorAccessorImpl.newInstance0(Native Method)
	at sun.reflect.NativeConstructorAccessorImpl.newInstance(NativeConstructorAccessorImpl.java:62)
	at sun.reflect.DelegatingConstructorAccessorImpl.newInstance(DelegatingConstructorAccessorImpl.java:45)
	at java.lang.reflect.Constructor.newInstance(Constructor.java:423)
	at org.openqa.selenium.remote.http.W3CHttpResponseCodec.createException(W3CHttpResponseCodec.java:187)
	at org.openqa.selenium.remote.http.W3CHttpResponseCodec.decode(W3CHttpResponseCodec.java:122)
	at org.openqa.selenium.remote.http.W3CHttpResponseCodec.decode(W3CHttpResponseCodec.java:49)
	at org.openqa.selenium.remote.HttpCommandExecutor.execute(HttpCommandExecutor.java:158)
	at io.appium.java_client.remote.AppiumCommandExecutor.execute(AppiumCommandExecutor.java:239)
	at org.openqa.selenium.remote.RemoteWebDriver.execute(RemoteWebDriver.java:552)
	at io.appium.java_client.DefaultGenericMobileDriver.execute(DefaultGenericMobileDriver.java:41)
	at io.appium.java_client.AppiumDriver.execute(AppiumDriver.java:1)
	at io.appium.java_client.android.AndroidDriver.execute(AndroidDriver.java:1)
	at org.openqa.selenium.remote.RemoteWebDriver.findElement(RemoteWebDriver.java:323)
	at io.appium.java_client.DefaultGenericMobileDriver.findElement(DefaultGenericMobileDriver.java:61)
	at io.appium.java_client.AppiumDriver.findElement(AppiumDriver.java:1)
	at io.appium.java_client.android.AndroidDriver.findElement(AndroidDriver.java:1)
	at org.openqa.selenium.remote.RemoteWebDriver.findElementById(RemoteWebDriver.java:372)
	at io.appium.java_client.DefaultGenericMobileDriver.findElementById(DefaultGenericMobileDriver.java:69)
	at io.appium.java_client.AppiumDriver.findElementById(AppiumDriver.java:1)
	at io.appium.java_client.android.AndroidDriver.findElementById(AndroidDriver.java:1)
	at org.openqa.selenium.By$ById.findElement(By.java:188)
	at org.openqa.selenium.remote.RemoteWebDriver.findElement(RemoteWebDriver.java:315)
	at io.appium.java_client.DefaultGenericMobileDriver.findElement(DefaultGenericMobileDriver.java:57)
	at io.appium.java_client.AppiumDriver.findElement(AppiumDriver.java:1)
	at io.appium.java_client.android.AndroidDriver.findElement(AndroidDriver.java:1)
	at demo.pages.HomePage.onHomePage(HomePage.java:14)
	at demo.steps.LoginDef.userIsOnHomePage(LoginDef.java:36)
	at ✽.User is on Home Page(file:///Users/chenr/IdeaProjects/FinalProject_QA/src/test/resources/features/Login/Login.feature:9)
</failure>
  </testcase>
  <system-out><![CDATA[
@Android @Login @Valid
Scenario Outline: Login with valid phone number and password ?[90m# src/test/resources/features/Login/Login.feature:12?[0m

@Android @Login @Valid
Scenario Outline: Login with valid phone number and password ?[90m# src/test/resources/features/Login/Login.feature:13?[0m

@Android @Login @Valid
Scenario Outline: Login with valid phone number and password   ?[90m# src/test/resources/features/Login/Login.feature:14?[0m

@Android @Login @Valid
Scenario Outline: Login with valid phone number and password ?[90m# src/test/resources/features/Login/Login.feature:15?[0m

@Android @Login @Valid
Scenario Outline: Login with valid phone number and password ?[90m# src/test/resources/features/Login/Login.feature:16?[0m

@Android @Login @Valid
Scenario Outline: Login with valid phone number and password   ?[90m# src/test/resources/features/Login/Login.feature:17?[0m

@Android @Login @Valid
Scenario Outline: Login with valid phone number and password ?[90m# src/test/resources/features/Login/Login.feature:18?[0m

@Android @Login @Valid
Scenario Outline: Login with valid phone number and password ?[90m# src/test/resources/features/Login/Login.feature:19?[0m

@Android @Login @Valid
Scenario Outline: Login with valid phone number and password   ?[90m# src/test/resources/features/Login/Login.feature:20?[0m
]]></system-out>
  <system-err><![CDATA[May 16, 2020 6:49:21 PM io.appium.java_client.remote.AppiumCommandExecutor$1 lambda$0
INFO: Detected dialect: W3C
May 16, 2020 6:49:39 PM io.appium.java_client.remote.AppiumCommandExecutor$1 lambda$0
INFO: Detected dialect: W3C
May 16, 2020 6:50:01 PM io.appium.java_client.remote.AppiumCommandExecutor$1 lambda$0
INFO: Detected dialect: W3C
May 16, 2020 6:50:36 PM io.appium.java_client.remote.AppiumCommandExecutor$1 lambda$0
INFO: Detected dialect: W3C
May 16, 2020 6:51:08 PM io.appium.java_client.remote.AppiumCommandExecutor$1 lambda$0
INFO: Detected dialect: W3C
May 16, 2020 6:51:38 PM io.appium.java_client.remote.AppiumCommandExecutor$1 lambda$0
INFO: Detected dialect: W3C
May 16, 2020 6:52:01 PM io.appium.java_client.remote.AppiumCommandExecutor$1 lambda$0
INFO: Detected dialect: W3C
May 16, 2020 6:52:35 PM io.appium.java_client.remote.AppiumCommandExecutor$1 lambda$0
INFO: Detected dialect: W3C
May 16, 2020 6:53:18 PM io.appium.java_client.remote.AppiumCommandExecutor$1 lambda$0
INFO: Detected dialect: W3C
]]></system-err>
</testsuite>
