<?xml version="1.0" encoding="UTF-8"?>
<testsuite name="demo.CucumberRunner" tests="0" skipped="0" failures="0" errors="0" timestamp="1970-01-01T00:00:00" hostname="dnid0666l01.local" time="0.0">
  <properties/>
  <system-out><![CDATA[  ?[32mGiven ?[0m?[32mUser is on app login page?[0m                                           ?[90m# demo.steps.LoginDef.userIsOnAppLoginPage()?[0m
  ?[32mWhen ?[0m?[32mUser input ?[0m?[32m?[1m""?[0m?[32m in phone number field?[0m                                  ?[90m# demo.steps.LoginDef.userInputInPhoneNumberField(java.lang.String)?[0m
  ?[32mAnd ?[0m?[32mUser input ?[0m?[32m?[1m"Pass@123"?[0m?[32m in password text field?[0m                          ?[90m# demo.steps.LoginDef.userInputInPasswordTextField(java.lang.String)?[0m
  ?[32mAnd ?[0m?[32mUser click login button?[0m                                               ?[90m# demo.steps.LoginDef.userClickSignInButton()?[0m
  ?[32mThen ?[0m?[32mUser is not on Home Page?[0m                                             ?[90m# demo.steps.LoginDef.userIsNotOnHomePage()?[0m
  ?[32mAnd ?[0m?[32mUser see ?[0m?[32m?[1m"Wrong Phone/Pass Format"?[0m?[32m as the error message on login page?[0m ?[90m# demo.steps.LoginDef.userSeeAsTheErrorMessageOnLoginPage(java.lang.String)?[0m
  ?[32mGiven ?[0m?[32mUser is on app login page?[0m                                           ?[90m# demo.steps.LoginDef.userIsOnAppLoginPage()?[0m
  ?[32mWhen ?[0m?[32mUser input ?[0m?[32m?[1m"81112345"?[0m?[32m in phone number field?[0m                          ?[90m# demo.steps.LoginDef.userInputInPhoneNumberField(java.lang.String)?[0m
  ?[32mAnd ?[0m?[32mUser input ?[0m?[32m?[1m"Pass@123"?[0m?[32m in password text field?[0m                          ?[90m# demo.steps.LoginDef.userInputInPasswordTextField(java.lang.String)?[0m
  ?[32mAnd ?[0m?[32mUser click login button?[0m                                               ?[90m# demo.steps.LoginDef.userClickSignInButton()?[0m
  ?[32mThen ?[0m?[32mUser is not on Home Page?[0m                                             ?[90m# demo.steps.LoginDef.userIsNotOnHomePage()?[0m
  ?[32mAnd ?[0m?[32mUser see ?[0m?[32m?[1m"Wrong Phone/Pass Format"?[0m?[32m as the error message on login page?[0m ?[90m# demo.steps.LoginDef.userSeeAsTheErrorMessageOnLoginPage(java.lang.String)?[0m
  ?[32mGiven ?[0m?[32mUser is on app login page?[0m                                           ?[90m# demo.steps.LoginDef.userIsOnAppLoginPage()?[0m
  ?[32mWhen ?[0m?[32mUser input ?[0m?[32m?[1m"8959182736450"?[0m?[32m in phone number field?[0m                     ?[90m# demo.steps.LoginDef.userInputInPhoneNumberField(java.lang.String)?[0m
  ?[32mAnd ?[0m?[32mUser input ?[0m?[32m?[1m"Pass@123"?[0m?[32m in password text field?[0m                          ?[90m# demo.steps.LoginDef.userInputInPasswordTextField(java.lang.String)?[0m
  ?[32mAnd ?[0m?[32mUser click login button?[0m                                               ?[90m# demo.steps.LoginDef.userClickSignInButton()?[0m
  ?[32mThen ?[0m?[32mUser is not on Home Page?[0m                                             ?[90m# demo.steps.LoginDef.userIsNotOnHomePage()?[0m
  ?[32mAnd ?[0m?[32mUser see ?[0m?[32m?[1m"Wrong Phone/Pass Format"?[0m?[32m as the error message on login page?[0m ?[90m# demo.steps.LoginDef.userSeeAsTheErrorMessageOnLoginPage(java.lang.String)?[0m
  ?[32mGiven ?[0m?[32mUser is on app login page?[0m                                           ?[90m# demo.steps.LoginDef.userIsOnAppLoginPage()?[0m
  ?[32mWhen ?[0m?[32mUser input ?[0m?[32m?[1m"qwertyuiop"?[0m?[32m in phone number field?[0m                        ?[90m# demo.steps.LoginDef.userInputInPhoneNumberField(java.lang.String)?[0m
  ?[32mAnd ?[0m?[32mUser input ?[0m?[32m?[1m"Pass@123"?[0m?[32m in password text field?[0m                          ?[90m# demo.steps.LoginDef.userInputInPasswordTextField(java.lang.String)?[0m
  ?[32mAnd ?[0m?[32mUser click login button?[0m                                               ?[90m# demo.steps.LoginDef.userClickSignInButton()?[0m
  ?[32mThen ?[0m?[32mUser is not on Home Page?[0m                                             ?[90m# demo.steps.LoginDef.userIsNotOnHomePage()?[0m
  ?[32mAnd ?[0m?[32mUser see ?[0m?[32m?[1m"Wrong Phone/Pass Format"?[0m?[32m as the error message on login page?[0m ?[90m# demo.steps.LoginDef.userSeeAsTheErrorMessageOnLoginPage(java.lang.String)?[0m
  ?[32mGiven ?[0m?[32mUser is on app login page?[0m                                           ?[90m# demo.steps.LoginDef.userIsOnAppLoginPage()?[0m
  ?[32mWhen ?[0m?[32mUser input ?[0m?[32m?[1m"qwerty12345"?[0m?[32m in phone number field?[0m                       ?[90m# demo.steps.LoginDef.userInputInPhoneNumberField(java.lang.String)?[0m
  ?[32mAnd ?[0m?[32mUser input ?[0m?[32m?[1m"Pass@123"?[0m?[32m in password text field?[0m                          ?[90m# demo.steps.LoginDef.userInputInPasswordTextField(java.lang.String)?[0m
  ?[32mAnd ?[0m?[32mUser click login button?[0m                                               ?[90m# demo.steps.LoginDef.userClickSignInButton()?[0m
  ?[32mThen ?[0m?[32mUser is not on Home Page?[0m                                             ?[90m# demo.steps.LoginDef.userIsNotOnHomePage()?[0m
  ?[32mAnd ?[0m?[32mUser see ?[0m?[32m?[1m"Wrong Phone/Pass Format"?[0m?[32m as the error message on login page?[0m ?[90m# demo.steps.LoginDef.userSeeAsTheErrorMessageOnLoginPage(java.lang.String)?[0m
  ?[32mGiven ?[0m?[32mUser is on app login page?[0m                                           ?[90m# demo.steps.LoginDef.userIsOnAppLoginPage()?[0m
  ?[32mWhen ?[0m?[32mUser input ?[0m?[32m?[1m".-,_,._,-"?[0m?[32m in phone number field?[0m                         ?[90m# demo.steps.LoginDef.userInputInPhoneNumberField(java.lang.String)?[0m
  ?[32mAnd ?[0m?[32mUser input ?[0m?[32m?[1m"Pass@123"?[0m?[32m in password text field?[0m                          ?[90m# demo.steps.LoginDef.userInputInPasswordTextField(java.lang.String)?[0m
  ?[32mAnd ?[0m?[32mUser click login button?[0m                                               ?[90m# demo.steps.LoginDef.userClickSignInButton()?[0m
  ?[32mThen ?[0m?[32mUser is not on Home Page?[0m                                             ?[90m# demo.steps.LoginDef.userIsNotOnHomePage()?[0m
  ?[32mAnd ?[0m?[32mUser see ?[0m?[32m?[1m"Wrong Phone/Pass Format"?[0m?[32m as the error message on login page?[0m ?[90m# demo.steps.LoginDef.userSeeAsTheErrorMessageOnLoginPage(java.lang.String)?[0m
  ?[32mGiven ?[0m?[32mUser is on app login page?[0m                                           ?[90m# demo.steps.LoginDef.userIsOnAppLoginPage()?[0m
  ?[32mWhen ?[0m?[32mUser input ?[0m?[32m?[1m"-8,11451.987_"?[0m?[32m in phone number field?[0m                     ?[90m# demo.steps.LoginDef.userInputInPhoneNumberField(java.lang.String)?[0m
  ?[32mAnd ?[0m?[32mUser input ?[0m?[32m?[1m"Pass@123"?[0m?[32m in password text field?[0m                          ?[90m# demo.steps.LoginDef.userInputInPasswordTextField(java.lang.String)?[0m
  ?[32mAnd ?[0m?[32mUser click login button?[0m                                               ?[90m# demo.steps.LoginDef.userClickSignInButton()?[0m
  ?[32mThen ?[0m?[32mUser is not on Home Page?[0m                                             ?[90m# demo.steps.LoginDef.userIsNotOnHomePage()?[0m
  ?[32mAnd ?[0m?[32mUser see ?[0m?[32m?[1m"Wrong Phone/Pass Format"?[0m?[32m as the error message on login page?[0m ?[90m# demo.steps.LoginDef.userSeeAsTheErrorMessageOnLoginPage(java.lang.String)?[0m
  ?[32mGiven ?[0m?[32mUser is on app login page?[0m                                           ?[90m# demo.steps.LoginDef.userIsOnAppLoginPage()?[0m
  ?[32mWhen ?[0m?[32mUser input ?[0m?[32m?[1m"81212345678"?[0m?[32m in phone number field?[0m                       ?[90m# demo.steps.LoginDef.userInputInPhoneNumberField(java.lang.String)?[0m
  ?[32mAnd ?[0m?[32mUser input ?[0m?[32m?[1m"Pass@123"?[0m?[32m in password text field?[0m                          ?[90m# demo.steps.LoginDef.userInputInPasswordTextField(java.lang.String)?[0m
  ?[32mAnd ?[0m?[32mUser click login button?[0m                                               ?[90m# demo.steps.LoginDef.userClickSignInButton()?[0m
  ?[32mThen ?[0m?[32mUser is not on Home Page?[0m                                             ?[90m# demo.steps.LoginDef.userIsNotOnHomePage()?[0m
  ?[31mAnd ?[0m?[31mUser see ?[0m?[31m?[1m"Wrong Phone/Pass Format"?[0m?[31m as the error message on login page?[0m ?[90m# demo.steps.LoginDef.userSeeAsTheErrorMessageOnLoginPage(java.lang.String)?[0m
      ?[31mjava.lang.AssertionError
	at org.junit.Assert.fail(Assert.java:87)
	at org.junit.Assert.assertTrue(Assert.java:42)
	at org.junit.Assert.assertTrue(Assert.java:53)
	at demo.steps.LoginDef.userSeeAsTheErrorMessageOnLoginPage(LoginDef.java:49)
	at ✽.User see "Wrong Phone/Pass Format" as the error message on login page(file:///Users/chenr/IdeaProjects/FinalProject_QA/src/test/resources/features/Login/Login.feature:29)
?[0m

    Embedding null [image/png 86572 bytes]


    Scenario Fail

  ?[32mGiven ?[0m?[32mUser is on app login page?[0m                                           ?[90m# demo.steps.LoginDef.userIsOnAppLoginPage()?[0m
  ?[32mWhen ?[0m?[32mUser input ?[0m?[32m?[1m"811123456"?[0m?[32m in phone number field?[0m                         ?[90m# demo.steps.LoginDef.userInputInPhoneNumberField(java.lang.String)?[0m
  ?[32mAnd ?[0m?[32mUser input ?[0m?[32m?[1m""?[0m?[32m in password text field?[0m                                  ?[90m# demo.steps.LoginDef.userInputInPasswordTextField(java.lang.String)?[0m
  ?[32mAnd ?[0m?[32mUser click login button?[0m                                               ?[90m# demo.steps.LoginDef.userClickSignInButton()?[0m
  ?[32mThen ?[0m?[32mUser is not on Home Page?[0m                                             ?[90m# demo.steps.LoginDef.userIsNotOnHomePage()?[0m
  ?[32mAnd ?[0m?[32mUser see ?[0m?[32m?[1m"Wrong Phone/Pass Format"?[0m?[32m as the error message on login page?[0m ?[90m# demo.steps.LoginDef.userSeeAsTheErrorMessageOnLoginPage(java.lang.String)?[0m
  ?[32mGiven ?[0m?[32mUser is on app login page?[0m                                           ?[90m# demo.steps.LoginDef.userIsOnAppLoginPage()?[0m
  ?[32mWhen ?[0m?[32mUser input ?[0m?[32m?[1m"811123456"?[0m?[32m in phone number field?[0m                         ?[90m# demo.steps.LoginDef.userInputInPhoneNumberField(java.lang.String)?[0m
  ?[32mAnd ?[0m?[32mUser input ?[0m?[32m?[1m"Pass@12"?[0m?[32m in password text field?[0m                           ?[90m# demo.steps.LoginDef.userInputInPasswordTextField(java.lang.String)?[0m
  ?[32mAnd ?[0m?[32mUser click login button?[0m                                               ?[90m# demo.steps.LoginDef.userClickSignInButton()?[0m
  ?[32mThen ?[0m?[32mUser is not on Home Page?[0m                                             ?[90m# demo.steps.LoginDef.userIsNotOnHomePage()?[0m
  ?[32mAnd ?[0m?[32mUser see ?[0m?[32m?[1m"Wrong Phone/Pass Format"?[0m?[32m as the error message on login page?[0m ?[90m# demo.steps.LoginDef.userSeeAsTheErrorMessageOnLoginPage(java.lang.String)?[0m
  ?[32mGiven ?[0m?[32mUser is on app login page?[0m                                           ?[90m# demo.steps.LoginDef.userIsOnAppLoginPage()?[0m
  ?[32mWhen ?[0m?[32mUser input ?[0m?[32m?[1m"811123456"?[0m?[32m in phone number field?[0m                         ?[90m# demo.steps.LoginDef.userInputInPhoneNumberField(java.lang.String)?[0m
  ?[32mAnd ?[0m?[32mUser input ?[0m?[32m?[1m"LoginPassword@1234567"?[0m?[32m in password text field?[0m             ?[90m# demo.steps.LoginDef.userInputInPasswordTextField(java.lang.String)?[0m
  ?[32mAnd ?[0m?[32mUser click login button?[0m                                               ?[90m# demo.steps.LoginDef.userClickSignInButton()?[0m
  ?[32mThen ?[0m?[32mUser is not on Home Page?[0m                                             ?[90m# demo.steps.LoginDef.userIsNotOnHomePage()?[0m
  ?[32mAnd ?[0m?[32mUser see ?[0m?[32m?[1m"Wrong Phone/Pass Format"?[0m?[32m as the error message on login page?[0m ?[90m# demo.steps.LoginDef.userSeeAsTheErrorMessageOnLoginPage(java.lang.String)?[0m
  ?[32mGiven ?[0m?[32mUser is on app login page?[0m                                           ?[90m# demo.steps.LoginDef.userIsOnAppLoginPage()?[0m
  ?[32mWhen ?[0m?[32mUser input ?[0m?[32m?[1m"811123456"?[0m?[32m in phone number field?[0m                         ?[90m# demo.steps.LoginDef.userInputInPhoneNumberField(java.lang.String)?[0m
  ?[32mAnd ?[0m?[32mUser input ?[0m?[32m?[1m"Pass @123"?[0m?[32m in password text field?[0m                         ?[90m# demo.steps.LoginDef.userInputInPasswordTextField(java.lang.String)?[0m
  ?[32mAnd ?[0m?[32mUser click login button?[0m                                               ?[90m# demo.steps.LoginDef.userClickSignInButton()?[0m
  ?[32mThen ?[0m?[32mUser is not on Home Page?[0m                                             ?[90m# demo.steps.LoginDef.userIsNotOnHomePage()?[0m
  ?[32mAnd ?[0m?[32mUser see ?[0m?[32m?[1m"Wrong Phone/Pass Format"?[0m?[32m as the error message on login page?[0m ?[90m# demo.steps.LoginDef.userSeeAsTheErrorMessageOnLoginPage(java.lang.String)?[0m
  ?[32mGiven ?[0m?[32mUser is on app login page?[0m                                           ?[90m# demo.steps.LoginDef.userIsOnAppLoginPage()?[0m
  ?[32mWhen ?[0m?[32mUser input ?[0m?[32m?[1m"811123456"?[0m?[32m in phone number field?[0m                         ?[90m# demo.steps.LoginDef.userInputInPhoneNumberField(java.lang.String)?[0m
  ?[32mAnd ?[0m?[32mUser input ?[0m?[32m?[1m"Pass1234"?[0m?[32m in password text field?[0m                          ?[90m# demo.steps.LoginDef.userInputInPasswordTextField(java.lang.String)?[0m
  ?[32mAnd ?[0m?[32mUser click login button?[0m                                               ?[90m# demo.steps.LoginDef.userClickSignInButton()?[0m
  ?[32mThen ?[0m?[32mUser is not on Home Page?[0m                                             ?[90m# demo.steps.LoginDef.userIsNotOnHomePage()?[0m
  ?[32mAnd ?[0m?[32mUser see ?[0m?[32m?[1m"Wrong Phone/Pass Format"?[0m?[32m as the error message on login page?[0m ?[90m# demo.steps.LoginDef.userSeeAsTheErrorMessageOnLoginPage(java.lang.String)?[0m
  ?[32mGiven ?[0m?[32mUser is on app login page?[0m                                           ?[90m# demo.steps.LoginDef.userIsOnAppLoginPage()?[0m
  ?[32mWhen ?[0m?[32mUser input ?[0m?[32m?[1m"811123456"?[0m?[32m in phone number field?[0m                         ?[90m# demo.steps.LoginDef.userInputInPhoneNumberField(java.lang.String)?[0m
  ?[32mAnd ?[0m?[32mUser input ?[0m?[32m?[1m"Pass!@#$"?[0m?[32m in password text field?[0m                          ?[90m# demo.steps.LoginDef.userInputInPasswordTextField(java.lang.String)?[0m
  ?[32mAnd ?[0m?[32mUser click login button?[0m                                               ?[90m# demo.steps.LoginDef.userClickSignInButton()?[0m
  ?[32mThen ?[0m?[32mUser is not on Home Page?[0m                                             ?[90m# demo.steps.LoginDef.userIsNotOnHomePage()?[0m
  ?[32mAnd ?[0m?[32mUser see ?[0m?[32m?[1m"Wrong Phone/Pass Format"?[0m?[32m as the error message on login page?[0m ?[90m# demo.steps.LoginDef.userSeeAsTheErrorMessageOnLoginPage(java.lang.String)?[0m
  ?[32mGiven ?[0m?[32mUser is on app login page?[0m                                           ?[90m# demo.steps.LoginDef.userIsOnAppLoginPage()?[0m
  ?[32mWhen ?[0m?[32mUser input ?[0m?[32m?[1m"811123456"?[0m?[32m in phone number field?[0m                         ?[90m# demo.steps.LoginDef.userInputInPhoneNumberField(java.lang.String)?[0m
  ?[32mAnd ?[0m?[32mUser input ?[0m?[32m?[1m"pass@123"?[0m?[32m in password text field?[0m                          ?[90m# demo.steps.LoginDef.userInputInPasswordTextField(java.lang.String)?[0m
  ?[32mAnd ?[0m?[32mUser click login button?[0m                                               ?[90m# demo.steps.LoginDef.userClickSignInButton()?[0m
  ?[32mThen ?[0m?[32mUser is not on Home Page?[0m                                             ?[90m# demo.steps.LoginDef.userIsNotOnHomePage()?[0m
  ?[32mAnd ?[0m?[32mUser see ?[0m?[32m?[1m"Wrong Phone/Pass Format"?[0m?[32m as the error message on login page?[0m ?[90m# demo.steps.LoginDef.userSeeAsTheErrorMessageOnLoginPage(java.lang.String)?[0m
  ?[32mGiven ?[0m?[32mUser is on app login page?[0m                                           ?[90m# demo.steps.LoginDef.userIsOnAppLoginPage()?[0m
  ?[32mWhen ?[0m?[32mUser input ?[0m?[32m?[1m"811123456"?[0m?[32m in phone number field?[0m                         ?[90m# demo.steps.LoginDef.userInputInPhoneNumberField(java.lang.String)?[0m
  ?[32mAnd ?[0m?[32mUser input ?[0m?[32m?[1m"PASS@123"?[0m?[32m in password text field?[0m                          ?[90m# demo.steps.LoginDef.userInputInPasswordTextField(java.lang.String)?[0m
  ?[32mAnd ?[0m?[32mUser click login button?[0m                                               ?[90m# demo.steps.LoginDef.userClickSignInButton()?[0m
  ?[32mThen ?[0m?[32mUser is not on Home Page?[0m                                             ?[90m# demo.steps.LoginDef.userIsNotOnHomePage()?[0m
  ?[32mAnd ?[0m?[32mUser see ?[0m?[32m?[1m"Wrong Phone/Pass Format"?[0m?[32m as the error message on login page?[0m ?[90m# demo.steps.LoginDef.userSeeAsTheErrorMessageOnLoginPage(java.lang.String)?[0m
  ?[32mGiven ?[0m?[32mUser is on app login page?[0m                                           ?[90m# demo.steps.LoginDef.userIsOnAppLoginPage()?[0m
  ?[32mWhen ?[0m?[32mUser input ?[0m?[32m?[1m"811123456"?[0m?[32m in phone number field?[0m                         ?[90m# demo.steps.LoginDef.userInputInPhoneNumberField(java.lang.String)?[0m
  ?[32mAnd ?[0m?[32mUser input ?[0m?[32m?[1m"PASSword"?[0m?[32m in password text field?[0m                          ?[90m# demo.steps.LoginDef.userInputInPasswordTextField(java.lang.String)?[0m
  ?[32mAnd ?[0m?[32mUser click login button?[0m                                               ?[90m# demo.steps.LoginDef.userClickSignInButton()?[0m
  ?[32mThen ?[0m?[32mUser is not on Home Page?[0m                                             ?[90m# demo.steps.LoginDef.userIsNotOnHomePage()?[0m
  ?[32mAnd ?[0m?[32mUser see ?[0m?[32m?[1m"Wrong Phone/Pass Format"?[0m?[32m as the error message on login page?[0m ?[90m# demo.steps.LoginDef.userSeeAsTheErrorMessageOnLoginPage(java.lang.String)?[0m
  ?[32mGiven ?[0m?[32mUser is on app login page?[0m                                           ?[90m# demo.steps.LoginDef.userIsOnAppLoginPage()?[0m
  ?[32mWhen ?[0m?[32mUser input ?[0m?[32m?[1m"811123456"?[0m?[32m in phone number field?[0m                         ?[90m# demo.steps.LoginDef.userInputInPhoneNumberField(java.lang.String)?[0m
  ?[32mAnd ?[0m?[32mUser input ?[0m?[32m?[1m"pass1234"?[0m?[32m in password text field?[0m                          ?[90m# demo.steps.LoginDef.userInputInPasswordTextField(java.lang.String)?[0m
  ?[32mAnd ?[0m?[32mUser click login button?[0m                                               ?[90m# demo.steps.LoginDef.userClickSignInButton()?[0m
  ?[32mThen ?[0m?[32mUser is not on Home Page?[0m                                             ?[90m# demo.steps.LoginDef.userIsNotOnHomePage()?[0m
  ?[32mAnd ?[0m?[32mUser see ?[0m?[32m?[1m"Wrong Phone/Pass Format"?[0m?[32m as the error message on login page?[0m ?[90m# demo.steps.LoginDef.userSeeAsTheErrorMessageOnLoginPage(java.lang.String)?[0m
  ?[32mGiven ?[0m?[32mUser is on app login page?[0m                                           ?[90m# demo.steps.LoginDef.userIsOnAppLoginPage()?[0m
  ?[32mWhen ?[0m?[32mUser input ?[0m?[32m?[1m"811123456"?[0m?[32m in phone number field?[0m                         ?[90m# demo.steps.LoginDef.userInputInPhoneNumberField(java.lang.String)?[0m
  ?[32mAnd ?[0m?[32mUser input ?[0m?[32m?[1m"PASS1234"?[0m?[32m in password text field?[0m                          ?[90m# demo.steps.LoginDef.userInputInPasswordTextField(java.lang.String)?[0m
  ?[32mAnd ?[0m?[32mUser click login button?[0m                                               ?[90m# demo.steps.LoginDef.userClickSignInButton()?[0m
  ?[32mThen ?[0m?[32mUser is not on Home Page?[0m                                             ?[90m# demo.steps.LoginDef.userIsNotOnHomePage()?[0m
  ?[32mAnd ?[0m?[32mUser see ?[0m?[32m?[1m"Wrong Phone/Pass Format"?[0m?[32m as the error message on login page?[0m ?[90m# demo.steps.LoginDef.userSeeAsTheErrorMessageOnLoginPage(java.lang.String)?[0m
  ?[32mGiven ?[0m?[32mUser is on app login page?[0m                                           ?[90m# demo.steps.LoginDef.userIsOnAppLoginPage()?[0m
  ?[32mWhen ?[0m?[32mUser input ?[0m?[32m?[1m"811123456"?[0m?[32m in phone number field?[0m                         ?[90m# demo.steps.LoginDef.userInputInPhoneNumberField(java.lang.String)?[0m
  ?[32mAnd ?[0m?[32mUser input ?[0m?[32m?[1m"pass!@#$"?[0m?[32m in password text field?[0m                          ?[90m# demo.steps.LoginDef.userInputInPasswordTextField(java.lang.String)?[0m
  ?[32mAnd ?[0m?[32mUser click login button?[0m                                               ?[90m# demo.steps.LoginDef.userClickSignInButton()?[0m
  ?[32mThen ?[0m?[32mUser is not on Home Page?[0m                                             ?[90m# demo.steps.LoginDef.userIsNotOnHomePage()?[0m
  ?[32mAnd ?[0m?[32mUser see ?[0m?[32m?[1m"Wrong Phone/Pass Format"?[0m?[32m as the error message on login page?[0m ?[90m# demo.steps.LoginDef.userSeeAsTheErrorMessageOnLoginPage(java.lang.String)?[0m
  ?[32mGiven ?[0m?[32mUser is on app login page?[0m                                           ?[90m# demo.steps.LoginDef.userIsOnAppLoginPage()?[0m
  ?[32mWhen ?[0m?[32mUser input ?[0m?[32m?[1m"811123456"?[0m?[32m in phone number field?[0m                         ?[90m# demo.steps.LoginDef.userInputInPhoneNumberField(java.lang.String)?[0m
  ?[32mAnd ?[0m?[32mUser input ?[0m?[32m?[1m"PASS!@#$"?[0m?[32m in password text field?[0m                          ?[90m# demo.steps.LoginDef.userInputInPasswordTextField(java.lang.String)?[0m
  ?[32mAnd ?[0m?[32mUser click login button?[0m                                               ?[90m# demo.steps.LoginDef.userClickSignInButton()?[0m
  ?[32mThen ?[0m?[32mUser is not on Home Page?[0m                                             ?[90m# demo.steps.LoginDef.userIsNotOnHomePage()?[0m
  ?[32mAnd ?[0m?[32mUser see ?[0m?[32m?[1m"Wrong Phone/Pass Format"?[0m?[32m as the error message on login page?[0m ?[90m# demo.steps.LoginDef.userSeeAsTheErrorMessageOnLoginPage(java.lang.String)?[0m
  ?[32mGiven ?[0m?[32mUser is on app login page?[0m                                           ?[90m# demo.steps.LoginDef.userIsOnAppLoginPage()?[0m
  ?[32mWhen ?[0m?[32mUser input ?[0m?[32m?[1m"811123456"?[0m?[32m in phone number field?[0m                         ?[90m# demo.steps.LoginDef.userInputInPhoneNumberField(java.lang.String)?[0m
  ?[32mAnd ?[0m?[32mUser input ?[0m?[32m?[1m"!@#$1234"?[0m?[32m in password text field?[0m                          ?[90m# demo.steps.LoginDef.userInputInPasswordTextField(java.lang.String)?[0m
  ?[32mAnd ?[0m?[32mUser click login button?[0m                                               ?[90m# demo.steps.LoginDef.userClickSignInButton()?[0m
  ?[32mThen ?[0m?[32mUser is not on Home Page?[0m                                             ?[90m# demo.steps.LoginDef.userIsNotOnHomePage()?[0m
  ?[32mAnd ?[0m?[32mUser see ?[0m?[32m?[1m"Wrong Phone/Pass Format"?[0m?[32m as the error message on login page?[0m ?[90m# demo.steps.LoginDef.userSeeAsTheErrorMessageOnLoginPage(java.lang.String)?[0m
  ?[32mGiven ?[0m?[32mUser is on app login page?[0m                                           ?[90m# demo.steps.LoginDef.userIsOnAppLoginPage()?[0m
  ?[32mWhen ?[0m?[32mUser input ?[0m?[32m?[1m"811123456"?[0m?[32m in phone number field?[0m                         ?[90m# demo.steps.LoginDef.userInputInPhoneNumberField(java.lang.String)?[0m
  ?[32mAnd ?[0m?[32mUser input ?[0m?[32m?[1m"!@#$%^&*"?[0m?[32m in password text field?[0m                          ?[90m# demo.steps.LoginDef.userInputInPasswordTextField(java.lang.String)?[0m
  ?[32mAnd ?[0m?[32mUser click login button?[0m                                               ?[90m# demo.steps.LoginDef.userClickSignInButton()?[0m
  ?[32mThen ?[0m?[32mUser is not on Home Page?[0m                                             ?[90m# demo.steps.LoginDef.userIsNotOnHomePage()?[0m
  ?[32mAnd ?[0m?[32mUser see ?[0m?[32m?[1m"Wrong Phone/Pass Format"?[0m?[32m as the error message on login page?[0m ?[90m# demo.steps.LoginDef.userSeeAsTheErrorMessageOnLoginPage(java.lang.String)?[0m
  ?[32mGiven ?[0m?[32mUser is on app login page?[0m                                           ?[90m# demo.steps.LoginDef.userIsOnAppLoginPage()?[0m
  ?[32mWhen ?[0m?[32mUser input ?[0m?[32m?[1m"811123456"?[0m?[32m in phone number field?[0m                         ?[90m# demo.steps.LoginDef.userInputInPhoneNumberField(java.lang.String)?[0m
  ?[32mAnd ?[0m?[32mUser input ?[0m?[32m?[1m"12345678"?[0m?[32m in password text field?[0m                          ?[90m# demo.steps.LoginDef.userInputInPasswordTextField(java.lang.String)?[0m
  ?[32mAnd ?[0m?[32mUser click login button?[0m                                               ?[90m# demo.steps.LoginDef.userClickSignInButton()?[0m
  ?[32mThen ?[0m?[32mUser is not on Home Page?[0m                                             ?[90m# demo.steps.LoginDef.userIsNotOnHomePage()?[0m
  ?[32mAnd ?[0m?[32mUser see ?[0m?[32m?[1m"Wrong Phone/Pass Format"?[0m?[32m as the error message on login page?[0m ?[90m# demo.steps.LoginDef.userSeeAsTheErrorMessageOnLoginPage(java.lang.String)?[0m
  ?[32mGiven ?[0m?[32mUser is on app login page?[0m                                           ?[90m# demo.steps.LoginDef.userIsOnAppLoginPage()?[0m
  ?[32mWhen ?[0m?[32mUser input ?[0m?[32m?[1m"811123456"?[0m?[32m in phone number field?[0m                         ?[90m# demo.steps.LoginDef.userInputInPhoneNumberField(java.lang.String)?[0m
  ?[32mAnd ?[0m?[32mUser input ?[0m?[32m?[1m"PASSWORD"?[0m?[32m in password text field?[0m                          ?[90m# demo.steps.LoginDef.userInputInPasswordTextField(java.lang.String)?[0m
  ?[32mAnd ?[0m?[32mUser click login button?[0m                                               ?[90m# demo.steps.LoginDef.userClickSignInButton()?[0m
  ?[32mThen ?[0m?[32mUser is not on Home Page?[0m                                             ?[90m# demo.steps.LoginDef.userIsNotOnHomePage()?[0m
  ?[32mAnd ?[0m?[32mUser see ?[0m?[32m?[1m"Wrong Phone/Pass Format"?[0m?[32m as the error message on login page?[0m ?[90m# demo.steps.LoginDef.userSeeAsTheErrorMessageOnLoginPage(java.lang.String)?[0m
  ?[32mGiven ?[0m?[32mUser is on app login page?[0m                                           ?[90m# demo.steps.LoginDef.userIsOnAppLoginPage()?[0m
  ?[32mWhen ?[0m?[32mUser input ?[0m?[32m?[1m"811123456"?[0m?[32m in phone number field?[0m                         ?[90m# demo.steps.LoginDef.userInputInPhoneNumberField(java.lang.String)?[0m
  ?[32mAnd ?[0m?[32mUser input ?[0m?[32m?[1m"password"?[0m?[32m in password text field?[0m                          ?[90m# demo.steps.LoginDef.userInputInPasswordTextField(java.lang.String)?[0m
  ?[32mAnd ?[0m?[32mUser click login button?[0m                                               ?[90m# demo.steps.LoginDef.userClickSignInButton()?[0m
  ?[32mThen ?[0m?[32mUser is not on Home Page?[0m                                             ?[90m# demo.steps.LoginDef.userIsNotOnHomePage()?[0m
  ?[32mAnd ?[0m?[32mUser see ?[0m?[32m?[1m"Wrong Phone/Pass Format"?[0m?[32m as the error message on login page?[0m ?[90m# demo.steps.LoginDef.userSeeAsTheErrorMessageOnLoginPage(java.lang.String)?[0m
  ?[32mGiven ?[0m?[32mUser is on app login page?[0m                                           ?[90m# demo.steps.LoginDef.userIsOnAppLoginPage()?[0m
  ?[32mWhen ?[0m?[32mUser input ?[0m?[32m?[1m""?[0m?[32m in phone number field?[0m                                  ?[90m# demo.steps.LoginDef.userInputInPhoneNumberField(java.lang.String)?[0m
  ?[32mAnd ?[0m?[32mUser input ?[0m?[32m?[1m""?[0m?[32m in password text field?[0m                                  ?[90m# demo.steps.LoginDef.userInputInPasswordTextField(java.lang.String)?[0m
  ?[32mAnd ?[0m?[32mUser click login button?[0m                                               ?[90m# demo.steps.LoginDef.userClickSignInButton()?[0m
  ?[32mThen ?[0m?[32mUser is not on Home Page?[0m                                             ?[90m# demo.steps.LoginDef.userIsNotOnHomePage()?[0m
  ?[32mAnd ?[0m?[32mUser see ?[0m?[32m?[1m"Wrong Phone/Pass Format"?[0m?[32m as the error message on login page?[0m ?[90m# demo.steps.LoginDef.userSeeAsTheErrorMessageOnLoginPage(java.lang.String)?[0m
  ?[32mGiven ?[0m?[32mUser is on app login page?[0m                                           ?[90m# demo.steps.LoginDef.userIsOnAppLoginPage()?[0m
  ?[32mWhen ?[0m?[32mUser input ?[0m?[32m?[1m""?[0m?[32m in phone number field?[0m                                  ?[90m# demo.steps.LoginDef.userInputInPhoneNumberField(java.lang.String)?[0m
  ?[32mAnd ?[0m?[32mUser input ?[0m?[32m?[1m"Pass@12"?[0m?[32m in password text field?[0m                           ?[90m# demo.steps.LoginDef.userInputInPasswordTextField(java.lang.String)?[0m
  ?[32mAnd ?[0m?[32mUser click login button?[0m                                               ?[90m# demo.steps.LoginDef.userClickSignInButton()?[0m
  ?[32mThen ?[0m?[32mUser is not on Home Page?[0m                                             ?[90m# demo.steps.LoginDef.userIsNotOnHomePage()?[0m
  ?[32mAnd ?[0m?[32mUser see ?[0m?[32m?[1m"Wrong Phone/Pass Format"?[0m?[32m as the error message on login page?[0m ?[90m# demo.steps.LoginDef.userSeeAsTheErrorMessageOnLoginPage(java.lang.String)?[0m
  ?[32mGiven ?[0m?[32mUser is on app login page?[0m                                           ?[90m# demo.steps.LoginDef.userIsOnAppLoginPage()?[0m
  ?[32mWhen ?[0m?[32mUser input ?[0m?[32m?[1m""?[0m?[32m in phone number field?[0m                                  ?[90m# demo.steps.LoginDef.userInputInPhoneNumberField(java.lang.String)?[0m
  ?[32mAnd ?[0m?[32mUser input ?[0m?[32m?[1m"LoginPassword@1234567"?[0m?[32m in password text field?[0m             ?[90m# demo.steps.LoginDef.userInputInPasswordTextField(java.lang.String)?[0m
  ?[32mAnd ?[0m?[32mUser click login button?[0m                                               ?[90m# demo.steps.LoginDef.userClickSignInButton()?[0m
  ?[32mThen ?[0m?[32mUser is not on Home Page?[0m                                             ?[90m# demo.steps.LoginDef.userIsNotOnHomePage()?[0m
  ?[32mAnd ?[0m?[32mUser see ?[0m?[32m?[1m"Wrong Phone/Pass Format"?[0m?[32m as the error message on login page?[0m ?[90m# demo.steps.LoginDef.userSeeAsTheErrorMessageOnLoginPage(java.lang.String)?[0m
  ?[32mGiven ?[0m?[32mUser is on app login page?[0m                                           ?[90m# demo.steps.LoginDef.userIsOnAppLoginPage()?[0m
  ?[32mWhen ?[0m?[32mUser input ?[0m?[32m?[1m""?[0m?[32m in phone number field?[0m                                  ?[90m# demo.steps.LoginDef.userInputInPhoneNumberField(java.lang.String)?[0m
  ?[32mAnd ?[0m?[32mUser input ?[0m?[32m?[1m"Pass @123"?[0m?[32m in password text field?[0m                         ?[90m# demo.steps.LoginDef.userInputInPasswordTextField(java.lang.String)?[0m
  ?[32mAnd ?[0m?[32mUser click login button?[0m                                               ?[90m# demo.steps.LoginDef.userClickSignInButton()?[0m
  ?[32mThen ?[0m?[32mUser is not on Home Page?[0m                                             ?[90m# demo.steps.LoginDef.userIsNotOnHomePage()?[0m
  ?[32mAnd ?[0m?[32mUser see ?[0m?[32m?[1m"Wrong Phone/Pass Format"?[0m?[32m as the error message on login page?[0m ?[90m# demo.steps.LoginDef.userSeeAsTheErrorMessageOnLoginPage(java.lang.String)?[0m
  ?[32mGiven ?[0m?[32mUser is on app login page?[0m                                           ?[90m# demo.steps.LoginDef.userIsOnAppLoginPage()?[0m
  ?[32mWhen ?[0m?[32mUser input ?[0m?[32m?[1m""?[0m?[32m in phone number field?[0m                                  ?[90m# demo.steps.LoginDef.userInputInPhoneNumberField(java.lang.String)?[0m
  ?[32mAnd ?[0m?[32mUser input ?[0m?[32m?[1m"Pass1234"?[0m?[32m in password text field?[0m                          ?[90m# demo.steps.LoginDef.userInputInPasswordTextField(java.lang.String)?[0m
  ?[32mAnd ?[0m?[32mUser click login button?[0m                                               ?[90m# demo.steps.LoginDef.userClickSignInButton()?[0m
  ?[32mThen ?[0m?[32mUser is not on Home Page?[0m                                             ?[90m# demo.steps.LoginDef.userIsNotOnHomePage()?[0m
  ?[32mAnd ?[0m?[32mUser see ?[0m?[32m?[1m"Wrong Phone/Pass Format"?[0m?[32m as the error message on login page?[0m ?[90m# demo.steps.LoginDef.userSeeAsTheErrorMessageOnLoginPage(java.lang.String)?[0m
  ?[32mGiven ?[0m?[32mUser is on app login page?[0m                                           ?[90m# demo.steps.LoginDef.userIsOnAppLoginPage()?[0m
  ?[32mWhen ?[0m?[32mUser input ?[0m?[32m?[1m""?[0m?[32m in phone number field?[0m                                  ?[90m# demo.steps.LoginDef.userInputInPhoneNumberField(java.lang.String)?[0m
  ?[32mAnd ?[0m?[32mUser input ?[0m?[32m?[1m"Pass!@#$"?[0m?[32m in password text field?[0m                          ?[90m# demo.steps.LoginDef.userInputInPasswordTextField(java.lang.String)?[0m
  ?[32mAnd ?[0m?[32mUser click login button?[0m                                               ?[90m# demo.steps.LoginDef.userClickSignInButton()?[0m
  ?[32mThen ?[0m?[32mUser is not on Home Page?[0m                                             ?[90m# demo.steps.LoginDef.userIsNotOnHomePage()?[0m
  ?[32mAnd ?[0m?[32mUser see ?[0m?[32m?[1m"Wrong Phone/Pass Format"?[0m?[32m as the error message on login page?[0m ?[90m# demo.steps.LoginDef.userSeeAsTheErrorMessageOnLoginPage(java.lang.String)?[0m
  ?[32mGiven ?[0m?[32mUser is on app login page?[0m                                           ?[90m# demo.steps.LoginDef.userIsOnAppLoginPage()?[0m
  ?[32mWhen ?[0m?[32mUser input ?[0m?[32m?[1m""?[0m?[32m in phone number field?[0m                                  ?[90m# demo.steps.LoginDef.userInputInPhoneNumberField(java.lang.String)?[0m
  ?[32mAnd ?[0m?[32mUser input ?[0m?[32m?[1m"pass@123"?[0m?[32m in password text field?[0m                          ?[90m# demo.steps.LoginDef.userInputInPasswordTextField(java.lang.String)?[0m
  ?[32mAnd ?[0m?[32mUser click login button?[0m                                               ?[90m# demo.steps.LoginDef.userClickSignInButton()?[0m
  ?[32mThen ?[0m?[32mUser is not on Home Page?[0m                                             ?[90m# demo.steps.LoginDef.userIsNotOnHomePage()?[0m
  ?[32mAnd ?[0m?[32mUser see ?[0m?[32m?[1m"Wrong Phone/Pass Format"?[0m?[32m as the error message on login page?[0m ?[90m# demo.steps.LoginDef.userSeeAsTheErrorMessageOnLoginPage(java.lang.String)?[0m
  ?[32mGiven ?[0m?[32mUser is on app login page?[0m                                           ?[90m# demo.steps.LoginDef.userIsOnAppLoginPage()?[0m
  ?[32mWhen ?[0m?[32mUser input ?[0m?[32m?[1m""?[0m?[32m in phone number field?[0m                                  ?[90m# demo.steps.LoginDef.userInputInPhoneNumberField(java.lang.String)?[0m
  ?[32mAnd ?[0m?[32mUser input ?[0m?[32m?[1m"PASS@123"?[0m?[32m in password text field?[0m                          ?[90m# demo.steps.LoginDef.userInputInPasswordTextField(java.lang.String)?[0m
  ?[32mAnd ?[0m?[32mUser click login button?[0m                                               ?[90m# demo.steps.LoginDef.userClickSignInButton()?[0m
  ?[32mThen ?[0m?[32mUser is not on Home Page?[0m                                             ?[90m# demo.steps.LoginDef.userIsNotOnHomePage()?[0m
  ?[32mAnd ?[0m?[32mUser see ?[0m?[32m?[1m"Wrong Phone/Pass Format"?[0m?[32m as the error message on login page?[0m ?[90m# demo.steps.LoginDef.userSeeAsTheErrorMessageOnLoginPage(java.lang.String)?[0m
  ?[32mGiven ?[0m?[32mUser is on app login page?[0m                                           ?[90m# demo.steps.LoginDef.userIsOnAppLoginPage()?[0m
  ?[32mWhen ?[0m?[32mUser input ?[0m?[32m?[1m""?[0m?[32m in phone number field?[0m                                  ?[90m# demo.steps.LoginDef.userInputInPhoneNumberField(java.lang.String)?[0m
  ?[32mAnd ?[0m?[32mUser input ?[0m?[32m?[1m"PASSword"?[0m?[32m in password text field?[0m                          ?[90m# demo.steps.LoginDef.userInputInPasswordTextField(java.lang.String)?[0m
  ?[32mAnd ?[0m?[32mUser click login button?[0m                                               ?[90m# demo.steps.LoginDef.userClickSignInButton()?[0m
  ?[32mThen ?[0m?[32mUser is not on Home Page?[0m                                             ?[90m# demo.steps.LoginDef.userIsNotOnHomePage()?[0m
  ?[32mAnd ?[0m?[32mUser see ?[0m?[32m?[1m"Wrong Phone/Pass Format"?[0m?[32m as the error message on login page?[0m ?[90m# demo.steps.LoginDef.userSeeAsTheErrorMessageOnLoginPage(java.lang.String)?[0m
  ?[32mGiven ?[0m?[32mUser is on app login page?[0m                                           ?[90m# demo.steps.LoginDef.userIsOnAppLoginPage()?[0m
  ?[32mWhen ?[0m?[32mUser input ?[0m?[32m?[1m""?[0m?[32m in phone number field?[0m                                  ?[90m# demo.steps.LoginDef.userInputInPhoneNumberField(java.lang.String)?[0m
  ?[32mAnd ?[0m?[32mUser input ?[0m?[32m?[1m"pass1234"?[0m?[32m in password text field?[0m                          ?[90m# demo.steps.LoginDef.userInputInPasswordTextField(java.lang.String)?[0m
  ?[32mAnd ?[0m?[32mUser click login button?[0m                                               ?[90m# demo.steps.LoginDef.userClickSignInButton()?[0m
  ?[32mThen ?[0m?[32mUser is not on Home Page?[0m                                             ?[90m# demo.steps.LoginDef.userIsNotOnHomePage()?[0m
  ?[32mAnd ?[0m?[32mUser see ?[0m?[32m?[1m"Wrong Phone/Pass Format"?[0m?[32m as the error message on login page?[0m ?[90m# demo.steps.LoginDef.userSeeAsTheErrorMessageOnLoginPage(java.lang.String)?[0m
  ?[32mGiven ?[0m?[32mUser is on app login page?[0m                                           ?[90m# demo.steps.LoginDef.userIsOnAppLoginPage()?[0m
  ?[32mWhen ?[0m?[32mUser input ?[0m?[32m?[1m""?[0m?[32m in phone number field?[0m                                  ?[90m# demo.steps.LoginDef.userInputInPhoneNumberField(java.lang.String)?[0m
  ?[32mAnd ?[0m?[32mUser input ?[0m?[32m?[1m"PASS1234"?[0m?[32m in password text field?[0m                          ?[90m# demo.steps.LoginDef.userInputInPasswordTextField(java.lang.String)?[0m
  ?[32mAnd ?[0m?[32mUser click login button?[0m                                               ?[90m# demo.steps.LoginDef.userClickSignInButton()?[0m
  ?[32mThen ?[0m?[32mUser is not on Home Page?[0m                                             ?[90m# demo.steps.LoginDef.userIsNotOnHomePage()?[0m
  ?[32mAnd ?[0m?[32mUser see ?[0m?[32m?[1m"Wrong Phone/Pass Format"?[0m?[32m as the error message on login page?[0m ?[90m# demo.steps.LoginDef.userSeeAsTheErrorMessageOnLoginPage(java.lang.String)?[0m
  ?[32mGiven ?[0m?[32mUser is on app login page?[0m                                           ?[90m# demo.steps.LoginDef.userIsOnAppLoginPage()?[0m
  ?[32mWhen ?[0m?[32mUser input ?[0m?[32m?[1m""?[0m?[32m in phone number field?[0m                                  ?[90m# demo.steps.LoginDef.userInputInPhoneNumberField(java.lang.String)?[0m
  ?[32mAnd ?[0m?[32mUser input ?[0m?[32m?[1m"pass!@#$"?[0m?[32m in password text field?[0m                          ?[90m# demo.steps.LoginDef.userInputInPasswordTextField(java.lang.String)?[0m
  ?[32mAnd ?[0m?[32mUser click login button?[0m                                               ?[90m# demo.steps.LoginDef.userClickSignInButton()?[0m
  ?[32mThen ?[0m?[32mUser is not on Home Page?[0m                                             ?[90m# demo.steps.LoginDef.userIsNotOnHomePage()?[0m
  ?[32mAnd ?[0m?[32mUser see ?[0m?[32m?[1m"Wrong Phone/Pass Format"?[0m?[32m as the error message on login page?[0m ?[90m# demo.steps.LoginDef.userSeeAsTheErrorMessageOnLoginPage(java.lang.String)?[0m
  ?[32mGiven ?[0m?[32mUser is on app login page?[0m                                           ?[90m# demo.steps.LoginDef.userIsOnAppLoginPage()?[0m
  ?[32mWhen ?[0m?[32mUser input ?[0m?[32m?[1m""?[0m?[32m in phone number field?[0m                                  ?[90m# demo.steps.LoginDef.userInputInPhoneNumberField(java.lang.String)?[0m
  ?[32mAnd ?[0m?[32mUser input ?[0m?[32m?[1m"PASS!@#$"?[0m?[32m in password text field?[0m                          ?[90m# demo.steps.LoginDef.userInputInPasswordTextField(java.lang.String)?[0m
  ?[32mAnd ?[0m?[32mUser click login button?[0m                                               ?[90m# demo.steps.LoginDef.userClickSignInButton()?[0m
  ?[32mThen ?[0m?[32mUser is not on Home Page?[0m                                             ?[90m# demo.steps.LoginDef.userIsNotOnHomePage()?[0m
  ?[32mAnd ?[0m?[32mUser see ?[0m?[32m?[1m"Wrong Phone/Pass Format"?[0m?[32m as the error message on login page?[0m ?[90m# demo.steps.LoginDef.userSeeAsTheErrorMessageOnLoginPage(java.lang.String)?[0m
  ?[32mGiven ?[0m?[32mUser is on app login page?[0m                                           ?[90m# demo.steps.LoginDef.userIsOnAppLoginPage()?[0m
  ?[32mWhen ?[0m?[32mUser input ?[0m?[32m?[1m""?[0m?[32m in phone number field?[0m                                  ?[90m# demo.steps.LoginDef.userInputInPhoneNumberField(java.lang.String)?[0m
  ?[32mAnd ?[0m?[32mUser input ?[0m?[32m?[1m"!@#$1234"?[0m?[32m in password text field?[0m                          ?[90m# demo.steps.LoginDef.userInputInPasswordTextField(java.lang.String)?[0m
  ?[32mAnd ?[0m?[32mUser click login button?[0m                                               ?[90m# demo.steps.LoginDef.userClickSignInButton()?[0m
  ?[32mThen ?[0m?[32mUser is not on Home Page?[0m                                             ?[90m# demo.steps.LoginDef.userIsNotOnHomePage()?[0m
  ?[32mAnd ?[0m?[32mUser see ?[0m?[32m?[1m"Wrong Phone/Pass Format"?[0m?[32m as the error message on login page?[0m ?[90m# demo.steps.LoginDef.userSeeAsTheErrorMessageOnLoginPage(java.lang.String)?[0m
  ?[32mGiven ?[0m?[32mUser is on app login page?[0m                                           ?[90m# demo.steps.LoginDef.userIsOnAppLoginPage()?[0m
  ?[32mWhen ?[0m?[32mUser input ?[0m?[32m?[1m""?[0m?[32m in phone number field?[0m                                  ?[90m# demo.steps.LoginDef.userInputInPhoneNumberField(java.lang.String)?[0m
  ?[32mAnd ?[0m?[32mUser input ?[0m?[32m?[1m"!@#$%^&*"?[0m?[32m in password text field?[0m                          ?[90m# demo.steps.LoginDef.userInputInPasswordTextField(java.lang.String)?[0m
  ?[32mAnd ?[0m?[32mUser click login button?[0m                                               ?[90m# demo.steps.LoginDef.userClickSignInButton()?[0m
  ?[32mThen ?[0m?[32mUser is not on Home Page?[0m                                             ?[90m# demo.steps.LoginDef.userIsNotOnHomePage()?[0m
  ?[32mAnd ?[0m?[32mUser see ?[0m?[32m?[1m"Wrong Phone/Pass Format"?[0m?[32m as the error message on login page?[0m ?[90m# demo.steps.LoginDef.userSeeAsTheErrorMessageOnLoginPage(java.lang.String)?[0m
  ?[32mGiven ?[0m?[32mUser is on app login page?[0m                                           ?[90m# demo.steps.LoginDef.userIsOnAppLoginPage()?[0m
  ?[32mWhen ?[0m?[32mUser input ?[0m?[32m?[1m""?[0m?[32m in phone number field?[0m                                  ?[90m# demo.steps.LoginDef.userInputInPhoneNumberField(java.lang.String)?[0m
  ?[32mAnd ?[0m?[32mUser input ?[0m?[32m?[1m"12345678"?[0m?[32m in password text field?[0m                          ?[90m# demo.steps.LoginDef.userInputInPasswordTextField(java.lang.String)?[0m
  ?[32mAnd ?[0m?[32mUser click login button?[0m                                               ?[90m# demo.steps.LoginDef.userClickSignInButton()?[0m
  ?[32mThen ?[0m?[32mUser is not on Home Page?[0m                                             ?[90m# demo.steps.LoginDef.userIsNotOnHomePage()?[0m
  ?[32mAnd ?[0m?[32mUser see ?[0m?[32m?[1m"Wrong Phone/Pass Format"?[0m?[32m as the error message on login page?[0m ?[90m# demo.steps.LoginDef.userSeeAsTheErrorMessageOnLoginPage(java.lang.String)?[0m
  ?[32mGiven ?[0m?[32mUser is on app login page?[0m                                           ?[90m# demo.steps.LoginDef.userIsOnAppLoginPage()?[0m
  ?[32mWhen ?[0m?[32mUser input ?[0m?[32m?[1m""?[0m?[32m in phone number field?[0m                                  ?[90m# demo.steps.LoginDef.userInputInPhoneNumberField(java.lang.String)?[0m
  ?[32mAnd ?[0m?[32mUser input ?[0m?[32m?[1m"PASSWORD"?[0m?[32m in password text field?[0m                          ?[90m# demo.steps.LoginDef.userInputInPasswordTextField(java.lang.String)?[0m
  ?[32mAnd ?[0m?[32mUser click login button?[0m                                               ?[90m# demo.steps.LoginDef.userClickSignInButton()?[0m
  ?[32mThen ?[0m?[32mUser is not on Home Page?[0m                                             ?[90m# demo.steps.LoginDef.userIsNotOnHomePage()?[0m
  ?[32mAnd ?[0m?[32mUser see ?[0m?[32m?[1m"Wrong Phone/Pass Format"?[0m?[32m as the error message on login page?[0m ?[90m# demo.steps.LoginDef.userSeeAsTheErrorMessageOnLoginPage(java.lang.String)?[0m
  ?[32mGiven ?[0m?[32mUser is on app login page?[0m                                           ?[90m# demo.steps.LoginDef.userIsOnAppLoginPage()?[0m
  ?[32mWhen ?[0m?[32mUser input ?[0m?[32m?[1m""?[0m?[32m in phone number field?[0m                                  ?[90m# demo.steps.LoginDef.userInputInPhoneNumberField(java.lang.String)?[0m
  ?[32mAnd ?[0m?[32mUser input ?[0m?[32m?[1m"password"?[0m?[32m in password text field?[0m                          ?[90m# demo.steps.LoginDef.userInputInPasswordTextField(java.lang.String)?[0m
  ?[32mAnd ?[0m?[32mUser click login button?[0m                                               ?[90m# demo.steps.LoginDef.userClickSignInButton()?[0m
  ?[32mThen ?[0m?[32mUser is not on Home Page?[0m                                             ?[90m# demo.steps.LoginDef.userIsNotOnHomePage()?[0m
  ?[32mAnd ?[0m?[32mUser see ?[0m?[32m?[1m"Wrong Phone/Pass Format"?[0m?[32m as the error message on login page?[0m ?[90m# demo.steps.LoginDef.userSeeAsTheErrorMessageOnLoginPage(java.lang.String)?[0m
  ?[32mGiven ?[0m?[32mUser is on app login page?[0m                                           ?[90m# demo.steps.LoginDef.userIsOnAppLoginPage()?[0m
  ?[32mWhen ?[0m?[32mUser input ?[0m?[32m?[1m"81112345"?[0m?[32m in phone number field?[0m                          ?[90m# demo.steps.LoginDef.userInputInPhoneNumberField(java.lang.String)?[0m
  ?[32mAnd ?[0m?[32mUser input ?[0m?[32m?[1m""?[0m?[32m in password text field?[0m                                  ?[90m# demo.steps.LoginDef.userInputInPasswordTextField(java.lang.String)?[0m
  ?[32mAnd ?[0m?[32mUser click login button?[0m                                               ?[90m# demo.steps.LoginDef.userClickSignInButton()?[0m
  ?[32mThen ?[0m?[32mUser is not on Home Page?[0m                                             ?[90m# demo.steps.LoginDef.userIsNotOnHomePage()?[0m
  ?[32mAnd ?[0m?[32mUser see ?[0m?[32m?[1m"Wrong Phone/Pass Format"?[0m?[32m as the error message on login page?[0m ?[90m# demo.steps.LoginDef.userSeeAsTheErrorMessageOnLoginPage(java.lang.String)?[0m
  ?[32mGiven ?[0m?[32mUser is on app login page?[0m                                           ?[90m# demo.steps.LoginDef.userIsOnAppLoginPage()?[0m
  ?[32mWhen ?[0m?[32mUser input ?[0m?[32m?[1m"81112345"?[0m?[32m in phone number field?[0m                          ?[90m# demo.steps.LoginDef.userInputInPhoneNumberField(java.lang.String)?[0m
  ?[32mAnd ?[0m?[32mUser input ?[0m?[32m?[1m"Pass@12"?[0m?[32m in password text field?[0m                           ?[90m# demo.steps.LoginDef.userInputInPasswordTextField(java.lang.String)?[0m
  ?[32mAnd ?[0m?[32mUser click login button?[0m                                               ?[90m# demo.steps.LoginDef.userClickSignInButton()?[0m
  ?[32mThen ?[0m?[32mUser is not on Home Page?[0m                                             ?[90m# demo.steps.LoginDef.userIsNotOnHomePage()?[0m
  ?[32mAnd ?[0m?[32mUser see ?[0m?[32m?[1m"Wrong Phone/Pass Format"?[0m?[32m as the error message on login page?[0m ?[90m# demo.steps.LoginDef.userSeeAsTheErrorMessageOnLoginPage(java.lang.String)?[0m
  ?[32mGiven ?[0m?[32mUser is on app login page?[0m                                           ?[90m# demo.steps.LoginDef.userIsOnAppLoginPage()?[0m
  ?[32mWhen ?[0m?[32mUser input ?[0m?[32m?[1m"81112345"?[0m?[32m in phone number field?[0m                          ?[90m# demo.steps.LoginDef.userInputInPhoneNumberField(java.lang.String)?[0m
  ?[32mAnd ?[0m?[32mUser input ?[0m?[32m?[1m"LoginPassword@1234567"?[0m?[32m in password text field?[0m             ?[90m# demo.steps.LoginDef.userInputInPasswordTextField(java.lang.String)?[0m
  ?[32mAnd ?[0m?[32mUser click login button?[0m                                               ?[90m# demo.steps.LoginDef.userClickSignInButton()?[0m
  ?[32mThen ?[0m?[32mUser is not on Home Page?[0m                                             ?[90m# demo.steps.LoginDef.userIsNotOnHomePage()?[0m
  ?[32mAnd ?[0m?[32mUser see ?[0m?[32m?[1m"Wrong Phone/Pass Format"?[0m?[32m as the error message on login page?[0m ?[90m# demo.steps.LoginDef.userSeeAsTheErrorMessageOnLoginPage(java.lang.String)?[0m
  ?[32mGiven ?[0m?[32mUser is on app login page?[0m                                           ?[90m# demo.steps.LoginDef.userIsOnAppLoginPage()?[0m
  ?[32mWhen ?[0m?[32mUser input ?[0m?[32m?[1m"81112345"?[0m?[32m in phone number field?[0m                          ?[90m# demo.steps.LoginDef.userInputInPhoneNumberField(java.lang.String)?[0m
  ?[32mAnd ?[0m?[32mUser input ?[0m?[32m?[1m"Pass @123"?[0m?[32m in password text field?[0m                         ?[90m# demo.steps.LoginDef.userInputInPasswordTextField(java.lang.String)?[0m
  ?[32mAnd ?[0m?[32mUser click login button?[0m                                               ?[90m# demo.steps.LoginDef.userClickSignInButton()?[0m
  ?[32mThen ?[0m?[32mUser is not on Home Page?[0m                                             ?[90m# demo.steps.LoginDef.userIsNotOnHomePage()?[0m
  ?[32mAnd ?[0m?[32mUser see ?[0m?[32m?[1m"Wrong Phone/Pass Format"?[0m?[32m as the error message on login page?[0m ?[90m# demo.steps.LoginDef.userSeeAsTheErrorMessageOnLoginPage(java.lang.String)?[0m
  ?[32mGiven ?[0m?[32mUser is on app login page?[0m                                           ?[90m# demo.steps.LoginDef.userIsOnAppLoginPage()?[0m
  ?[32mWhen ?[0m?[32mUser input ?[0m?[32m?[1m"81112345"?[0m?[32m in phone number field?[0m                          ?[90m# demo.steps.LoginDef.userInputInPhoneNumberField(java.lang.String)?[0m
  ?[32mAnd ?[0m?[32mUser input ?[0m?[32m?[1m"Pass1234"?[0m?[32m in password text field?[0m                          ?[90m# demo.steps.LoginDef.userInputInPasswordTextField(java.lang.String)?[0m
  ?[32mAnd ?[0m?[32mUser click login button?[0m                                               ?[90m# demo.steps.LoginDef.userClickSignInButton()?[0m
  ?[32mThen ?[0m?[32mUser is not on Home Page?[0m                                             ?[90m# demo.steps.LoginDef.userIsNotOnHomePage()?[0m
  ?[32mAnd ?[0m?[32mUser see ?[0m?[32m?[1m"Wrong Phone/Pass Format"?[0m?[32m as the error message on login page?[0m ?[90m# demo.steps.LoginDef.userSeeAsTheErrorMessageOnLoginPage(java.lang.String)?[0m
  ?[32mGiven ?[0m?[32mUser is on app login page?[0m                                           ?[90m# demo.steps.LoginDef.userIsOnAppLoginPage()?[0m
  ?[32mWhen ?[0m?[32mUser input ?[0m?[32m?[1m"81112345"?[0m?[32m in phone number field?[0m                          ?[90m# demo.steps.LoginDef.userInputInPhoneNumberField(java.lang.String)?[0m
  ?[32mAnd ?[0m?[32mUser input ?[0m?[32m?[1m"pass@123"?[0m?[32m in password text field?[0m                          ?[90m# demo.steps.LoginDef.userInputInPasswordTextField(java.lang.String)?[0m
  ?[32mAnd ?[0m?[32mUser click login button?[0m                                               ?[90m# demo.steps.LoginDef.userClickSignInButton()?[0m
  ?[32mThen ?[0m?[32mUser is not on Home Page?[0m                                             ?[90m# demo.steps.LoginDef.userIsNotOnHomePage()?[0m
  ?[32mAnd ?[0m?[32mUser see ?[0m?[32m?[1m"Wrong Phone/Pass Format"?[0m?[32m as the error message on login page?[0m ?[90m# demo.steps.LoginDef.userSeeAsTheErrorMessageOnLoginPage(java.lang.String)?[0m
  ?[32mGiven ?[0m?[32mUser is on app login page?[0m                                           ?[90m# demo.steps.LoginDef.userIsOnAppLoginPage()?[0m
  ?[32mWhen ?[0m?[32mUser input ?[0m?[32m?[1m"81112345"?[0m?[32m in phone number field?[0m                          ?[90m# demo.steps.LoginDef.userInputInPhoneNumberField(java.lang.String)?[0m
  ?[32mAnd ?[0m?[32mUser input ?[0m?[32m?[1m"PASS@123"?[0m?[32m in password text field?[0m                          ?[90m# demo.steps.LoginDef.userInputInPasswordTextField(java.lang.String)?[0m
  ?[32mAnd ?[0m?[32mUser click login button?[0m                                               ?[90m# demo.steps.LoginDef.userClickSignInButton()?[0m
  ?[32mThen ?[0m?[32mUser is not on Home Page?[0m                                             ?[90m# demo.steps.LoginDef.userIsNotOnHomePage()?[0m
  ?[32mAnd ?[0m?[32mUser see ?[0m?[32m?[1m"Wrong Phone/Pass Format"?[0m?[32m as the error message on login page?[0m ?[90m# demo.steps.LoginDef.userSeeAsTheErrorMessageOnLoginPage(java.lang.String)?[0m
  ?[32mGiven ?[0m?[32mUser is on app login page?[0m                                           ?[90m# demo.steps.LoginDef.userIsOnAppLoginPage()?[0m
  ?[32mWhen ?[0m?[32mUser input ?[0m?[32m?[1m"81112345"?[0m?[32m in phone number field?[0m                          ?[90m# demo.steps.LoginDef.userInputInPhoneNumberField(java.lang.String)?[0m
  ?[32mAnd ?[0m?[32mUser input ?[0m?[32m?[1m"PASSword"?[0m?[32m in password text field?[0m                          ?[90m# demo.steps.LoginDef.userInputInPasswordTextField(java.lang.String)?[0m
  ?[32mAnd ?[0m?[32mUser click login button?[0m                                               ?[90m# demo.steps.LoginDef.userClickSignInButton()?[0m
  ?[32mThen ?[0m?[32mUser is not on Home Page?[0m                                             ?[90m# demo.steps.LoginDef.userIsNotOnHomePage()?[0m
  ?[32mAnd ?[0m?[32mUser see ?[0m?[32m?[1m"Wrong Phone/Pass Format"?[0m?[32m as the error message on login page?[0m ?[90m# demo.steps.LoginDef.userSeeAsTheErrorMessageOnLoginPage(java.lang.String)?[0m
  ?[32mGiven ?[0m?[32mUser is on app login page?[0m                                           ?[90m# demo.steps.LoginDef.userIsOnAppLoginPage()?[0m
  ?[32mWhen ?[0m?[32mUser input ?[0m?[32m?[1m"81112345"?[0m?[32m in phone number field?[0m                          ?[90m# demo.steps.LoginDef.userInputInPhoneNumberField(java.lang.String)?[0m
  ?[32mAnd ?[0m?[32mUser input ?[0m?[32m?[1m"pass1234"?[0m?[32m in password text field?[0m                          ?[90m# demo.steps.LoginDef.userInputInPasswordTextField(java.lang.String)?[0m
  ?[32mAnd ?[0m?[32mUser click login button?[0m                                               ?[90m# demo.steps.LoginDef.userClickSignInButton()?[0m
  ?[32mThen ?[0m?[32mUser is not on Home Page?[0m                                             ?[90m# demo.steps.LoginDef.userIsNotOnHomePage()?[0m
  ?[32mAnd ?[0m?[32mUser see ?[0m?[32m?[1m"Wrong Phone/Pass Format"?[0m?[32m as the error message on login page?[0m ?[90m# demo.steps.LoginDef.userSeeAsTheErrorMessageOnLoginPage(java.lang.String)?[0m
  ?[32mGiven ?[0m?[32mUser is on app login page?[0m                                           ?[90m# demo.steps.LoginDef.userIsOnAppLoginPage()?[0m
  ?[32mWhen ?[0m?[32mUser input ?[0m?[32m?[1m"81112345"?[0m?[32m in phone number field?[0m                          ?[90m# demo.steps.LoginDef.userInputInPhoneNumberField(java.lang.String)?[0m
  ?[32mAnd ?[0m?[32mUser input ?[0m?[32m?[1m"PASS1234"?[0m?[32m in password text field?[0m                          ?[90m# demo.steps.LoginDef.userInputInPasswordTextField(java.lang.String)?[0m
  ?[32mAnd ?[0m?[32mUser click login button?[0m                                               ?[90m# demo.steps.LoginDef.userClickSignInButton()?[0m
  ?[32mThen ?[0m?[32mUser is not on Home Page?[0m                                             ?[90m# demo.steps.LoginDef.userIsNotOnHomePage()?[0m
  ?[32mAnd ?[0m?[32mUser see ?[0m?[32m?[1m"Wrong Phone/Pass Format"?[0m?[32m as the error message on login page?[0m ?[90m# demo.steps.LoginDef.userSeeAsTheErrorMessageOnLoginPage(java.lang.String)?[0m
  ?[32mGiven ?[0m?[32mUser is on app login page?[0m                                           ?[90m# demo.steps.LoginDef.userIsOnAppLoginPage()?[0m
  ?[32mWhen ?[0m?[32mUser input ?[0m?[32m?[1m"81112345"?[0m?[32m in phone number field?[0m                          ?[90m# demo.steps.LoginDef.userInputInPhoneNumberField(java.lang.String)?[0m
  ?[32mAnd ?[0m?[32mUser input ?[0m?[32m?[1m"pass!@#$"?[0m?[32m in password text field?[0m                          ?[90m# demo.steps.LoginDef.userInputInPasswordTextField(java.lang.String)?[0m
  ?[32mAnd ?[0m?[32mUser click login button?[0m                                               ?[90m# demo.steps.LoginDef.userClickSignInButton()?[0m
  ?[32mThen ?[0m?[32mUser is not on Home Page?[0m                                             ?[90m# demo.steps.LoginDef.userIsNotOnHomePage()?[0m
  ?[32mAnd ?[0m?[32mUser see ?[0m?[32m?[1m"Wrong Phone/Pass Format"?[0m?[32m as the error message on login page?[0m ?[90m# demo.steps.LoginDef.userSeeAsTheErrorMessageOnLoginPage(java.lang.String)?[0m
  ?[32mGiven ?[0m?[32mUser is on app login page?[0m                                           ?[90m# demo.steps.LoginDef.userIsOnAppLoginPage()?[0m
  ?[32mWhen ?[0m?[32mUser input ?[0m?[32m?[1m"81112345"?[0m?[32m in phone number field?[0m                          ?[90m# demo.steps.LoginDef.userInputInPhoneNumberField(java.lang.String)?[0m
  ?[32mAnd ?[0m?[32mUser input ?[0m?[32m?[1m"PASS!@#$"?[0m?[32m in password text field?[0m                          ?[90m# demo.steps.LoginDef.userInputInPasswordTextField(java.lang.String)?[0m
  ?[32mAnd ?[0m?[32mUser click login button?[0m                                               ?[90m# demo.steps.LoginDef.userClickSignInButton()?[0m
  ?[32mThen ?[0m?[32mUser is not on Home Page?[0m                                             ?[90m# demo.steps.LoginDef.userIsNotOnHomePage()?[0m
  ?[32mAnd ?[0m?[32mUser see ?[0m?[32m?[1m"Wrong Phone/Pass Format"?[0m?[32m as the error message on login page?[0m ?[90m# demo.steps.LoginDef.userSeeAsTheErrorMessageOnLoginPage(java.lang.String)?[0m
  ?[32mGiven ?[0m?[32mUser is on app login page?[0m                                           ?[90m# demo.steps.LoginDef.userIsOnAppLoginPage()?[0m
  ?[32mWhen ?[0m?[32mUser input ?[0m?[32m?[1m"81112345"?[0m?[32m in phone number field?[0m                          ?[90m# demo.steps.LoginDef.userInputInPhoneNumberField(java.lang.String)?[0m
  ?[32mAnd ?[0m?[32mUser input ?[0m?[32m?[1m"!@#$1234"?[0m?[32m in password text field?[0m                          ?[90m# demo.steps.LoginDef.userInputInPasswordTextField(java.lang.String)?[0m
  ?[32mAnd ?[0m?[32mUser click login button?[0m                                               ?[90m# demo.steps.LoginDef.userClickSignInButton()?[0m
  ?[32mThen ?[0m?[32mUser is not on Home Page?[0m                                             ?[90m# demo.steps.LoginDef.userIsNotOnHomePage()?[0m
  ?[32mAnd ?[0m?[32mUser see ?[0m?[32m?[1m"Wrong Phone/Pass Format"?[0m?[32m as the error message on login page?[0m ?[90m# demo.steps.LoginDef.userSeeAsTheErrorMessageOnLoginPage(java.lang.String)?[0m
  ?[32mGiven ?[0m?[32mUser is on app login page?[0m                                           ?[90m# demo.steps.LoginDef.userIsOnAppLoginPage()?[0m
  ?[32mWhen ?[0m?[32mUser input ?[0m?[32m?[1m"81112345"?[0m?[32m in phone number field?[0m                          ?[90m# demo.steps.LoginDef.userInputInPhoneNumberField(java.lang.String)?[0m
  ?[32mAnd ?[0m?[32mUser input ?[0m?[32m?[1m"!@#$%^&*"?[0m?[32m in password text field?[0m                          ?[90m# demo.steps.LoginDef.userInputInPasswordTextField(java.lang.String)?[0m
  ?[32mAnd ?[0m?[32mUser click login button?[0m                                               ?[90m# demo.steps.LoginDef.userClickSignInButton()?[0m
  ?[32mThen ?[0m?[32mUser is not on Home Page?[0m                                             ?[90m# demo.steps.LoginDef.userIsNotOnHomePage()?[0m
  ?[32mAnd ?[0m?[32mUser see ?[0m?[32m?[1m"Wrong Phone/Pass Format"?[0m?[32m as the error message on login page?[0m ?[90m# demo.steps.LoginDef.userSeeAsTheErrorMessageOnLoginPage(java.lang.String)?[0m
  ?[32mGiven ?[0m?[32mUser is on app login page?[0m                                           ?[90m# demo.steps.LoginDef.userIsOnAppLoginPage()?[0m
  ?[32mWhen ?[0m?[32mUser input ?[0m?[32m?[1m"81112345"?[0m?[32m in phone number field?[0m                          ?[90m# demo.steps.LoginDef.userInputInPhoneNumberField(java.lang.String)?[0m
  ?[32mAnd ?[0m?[32mUser input ?[0m?[32m?[1m"12345678"?[0m?[32m in password text field?[0m                          ?[90m# demo.steps.LoginDef.userInputInPasswordTextField(java.lang.String)?[0m
  ?[32mAnd ?[0m?[32mUser click login button?[0m                                               ?[90m# demo.steps.LoginDef.userClickSignInButton()?[0m
  ?[32mThen ?[0m?[32mUser is not on Home Page?[0m                                             ?[90m# demo.steps.LoginDef.userIsNotOnHomePage()?[0m
  ?[32mAnd ?[0m?[32mUser see ?[0m?[32m?[1m"Wrong Phone/Pass Format"?[0m?[32m as the error message on login page?[0m ?[90m# demo.steps.LoginDef.userSeeAsTheErrorMessageOnLoginPage(java.lang.String)?[0m
  ?[32mGiven ?[0m?[32mUser is on app login page?[0m                                           ?[90m# demo.steps.LoginDef.userIsOnAppLoginPage()?[0m
  ?[32mWhen ?[0m?[32mUser input ?[0m?[32m?[1m"81112345"?[0m?[32m in phone number field?[0m                          ?[90m# demo.steps.LoginDef.userInputInPhoneNumberField(java.lang.String)?[0m
  ?[32mAnd ?[0m?[32mUser input ?[0m?[32m?[1m"PASSWORD"?[0m?[32m in password text field?[0m                          ?[90m# demo.steps.LoginDef.userInputInPasswordTextField(java.lang.String)?[0m
  ?[32mAnd ?[0m?[32mUser click login button?[0m                                               ?[90m# demo.steps.LoginDef.userClickSignInButton()?[0m
  ?[32mThen ?[0m?[32mUser is not on Home Page?[0m                                             ?[90m# demo.steps.LoginDef.userIsNotOnHomePage()?[0m
  ?[32mAnd ?[0m?[32mUser see ?[0m?[32m?[1m"Wrong Phone/Pass Format"?[0m?[32m as the error message on login page?[0m ?[90m# demo.steps.LoginDef.userSeeAsTheErrorMessageOnLoginPage(java.lang.String)?[0m
  ?[32mGiven ?[0m?[32mUser is on app login page?[0m                                           ?[90m# demo.steps.LoginDef.userIsOnAppLoginPage()?[0m
  ?[32mWhen ?[0m?[32mUser input ?[0m?[32m?[1m"81112345"?[0m?[32m in phone number field?[0m                          ?[90m# demo.steps.LoginDef.userInputInPhoneNumberField(java.lang.String)?[0m
  ?[32mAnd ?[0m?[32mUser input ?[0m?[32m?[1m"password"?[0m?[32m in password text field?[0m                          ?[90m# demo.steps.LoginDef.userInputInPasswordTextField(java.lang.String)?[0m
  ?[32mAnd ?[0m?[32mUser click login button?[0m                                               ?[90m# demo.steps.LoginDef.userClickSignInButton()?[0m
  ?[32mThen ?[0m?[32mUser is not on Home Page?[0m                                             ?[90m# demo.steps.LoginDef.userIsNotOnHomePage()?[0m
  ?[32mAnd ?[0m?[32mUser see ?[0m?[32m?[1m"Wrong Phone/Pass Format"?[0m?[32m as the error message on login page?[0m ?[90m# demo.steps.LoginDef.userSeeAsTheErrorMessageOnLoginPage(java.lang.String)?[0m
  ?[32mGiven ?[0m?[32mUser is on app login page?[0m                                           ?[90m# demo.steps.LoginDef.userIsOnAppLoginPage()?[0m
  ?[32mWhen ?[0m?[32mUser input ?[0m?[32m?[1m"8959182736450"?[0m?[32m in phone number field?[0m                     ?[90m# demo.steps.LoginDef.userInputInPhoneNumberField(java.lang.String)?[0m
  ?[32mAnd ?[0m?[32mUser input ?[0m?[32m?[1m""?[0m?[32m in password text field?[0m                                  ?[90m# demo.steps.LoginDef.userInputInPasswordTextField(java.lang.String)?[0m
  ?[32mAnd ?[0m?[32mUser click login button?[0m                                               ?[90m# demo.steps.LoginDef.userClickSignInButton()?[0m
  ?[32mThen ?[0m?[32mUser is not on Home Page?[0m                                             ?[90m# demo.steps.LoginDef.userIsNotOnHomePage()?[0m
  ?[32mAnd ?[0m?[32mUser see ?[0m?[32m?[1m"Wrong Phone/Pass Format"?[0m?[32m as the error message on login page?[0m ?[90m# demo.steps.LoginDef.userSeeAsTheErrorMessageOnLoginPage(java.lang.String)?[0m
  ?[32mGiven ?[0m?[32mUser is on app login page?[0m                                           ?[90m# demo.steps.LoginDef.userIsOnAppLoginPage()?[0m
  ?[32mWhen ?[0m?[32mUser input ?[0m?[32m?[1m"8959182736450"?[0m?[32m in phone number field?[0m                     ?[90m# demo.steps.LoginDef.userInputInPhoneNumberField(java.lang.String)?[0m
  ?[32mAnd ?[0m?[32mUser input ?[0m?[32m?[1m"Pass@12"?[0m?[32m in password text field?[0m                           ?[90m# demo.steps.LoginDef.userInputInPasswordTextField(java.lang.String)?[0m
  ?[32mAnd ?[0m?[32mUser click login button?[0m                                               ?[90m# demo.steps.LoginDef.userClickSignInButton()?[0m
  ?[32mThen ?[0m?[32mUser is not on Home Page?[0m                                             ?[90m# demo.steps.LoginDef.userIsNotOnHomePage()?[0m
  ?[32mAnd ?[0m?[32mUser see ?[0m?[32m?[1m"Wrong Phone/Pass Format"?[0m?[32m as the error message on login page?[0m ?[90m# demo.steps.LoginDef.userSeeAsTheErrorMessageOnLoginPage(java.lang.String)?[0m
  ?[32mGiven ?[0m?[32mUser is on app login page?[0m                                           ?[90m# demo.steps.LoginDef.userIsOnAppLoginPage()?[0m
  ?[32mWhen ?[0m?[32mUser input ?[0m?[32m?[1m"8959182736450"?[0m?[32m in phone number field?[0m                     ?[90m# demo.steps.LoginDef.userInputInPhoneNumberField(java.lang.String)?[0m
  ?[32mAnd ?[0m?[32mUser input ?[0m?[32m?[1m"LoginPassword@1234567"?[0m?[32m in password text field?[0m             ?[90m# demo.steps.LoginDef.userInputInPasswordTextField(java.lang.String)?[0m
  ?[32mAnd ?[0m?[32mUser click login button?[0m                                               ?[90m# demo.steps.LoginDef.userClickSignInButton()?[0m
  ?[32mThen ?[0m?[32mUser is not on Home Page?[0m                                             ?[90m# demo.steps.LoginDef.userIsNotOnHomePage()?[0m
  ?[32mAnd ?[0m?[32mUser see ?[0m?[32m?[1m"Wrong Phone/Pass Format"?[0m?[32m as the error message on login page?[0m ?[90m# demo.steps.LoginDef.userSeeAsTheErrorMessageOnLoginPage(java.lang.String)?[0m
  ?[32mGiven ?[0m?[32mUser is on app login page?[0m                                           ?[90m# demo.steps.LoginDef.userIsOnAppLoginPage()?[0m
  ?[32mWhen ?[0m?[32mUser input ?[0m?[32m?[1m"8959182736450"?[0m?[32m in phone number field?[0m                     ?[90m# demo.steps.LoginDef.userInputInPhoneNumberField(java.lang.String)?[0m
  ?[32mAnd ?[0m?[32mUser input ?[0m?[32m?[1m"Pass @123"?[0m?[32m in password text field?[0m                         ?[90m# demo.steps.LoginDef.userInputInPasswordTextField(java.lang.String)?[0m
  ?[32mAnd ?[0m?[32mUser click login button?[0m                                               ?[90m# demo.steps.LoginDef.userClickSignInButton()?[0m
  ?[32mThen ?[0m?[32mUser is not on Home Page?[0m                                             ?[90m# demo.steps.LoginDef.userIsNotOnHomePage()?[0m
  ?[32mAnd ?[0m?[32mUser see ?[0m?[32m?[1m"Wrong Phone/Pass Format"?[0m?[32m as the error message on login page?[0m ?[90m# demo.steps.LoginDef.userSeeAsTheErrorMessageOnLoginPage(java.lang.String)?[0m
  ?[32mGiven ?[0m?[32mUser is on app login page?[0m                                           ?[90m# demo.steps.LoginDef.userIsOnAppLoginPage()?[0m
  ?[32mWhen ?[0m?[32mUser input ?[0m?[32m?[1m"8959182736450"?[0m?[32m in phone number field?[0m                     ?[90m# demo.steps.LoginDef.userInputInPhoneNumberField(java.lang.String)?[0m
  ?[32mAnd ?[0m?[32mUser input ?[0m?[32m?[1m"Pass1234"?[0m?[32m in password text field?[0m                          ?[90m# demo.steps.LoginDef.userInputInPasswordTextField(java.lang.String)?[0m
  ?[32mAnd ?[0m?[32mUser click login button?[0m                                               ?[90m# demo.steps.LoginDef.userClickSignInButton()?[0m
  ?[32mThen ?[0m?[32mUser is not on Home Page?[0m                                             ?[90m# demo.steps.LoginDef.userIsNotOnHomePage()?[0m
  ?[32mAnd ?[0m?[32mUser see ?[0m?[32m?[1m"Wrong Phone/Pass Format"?[0m?[32m as the error message on login page?[0m ?[90m# demo.steps.LoginDef.userSeeAsTheErrorMessageOnLoginPage(java.lang.String)?[0m
  ?[32mGiven ?[0m?[32mUser is on app login page?[0m                                           ?[90m# demo.steps.LoginDef.userIsOnAppLoginPage()?[0m
  ?[32mWhen ?[0m?[32mUser input ?[0m?[32m?[1m"8959182736450"?[0m?[32m in phone number field?[0m                     ?[90m# demo.steps.LoginDef.userInputInPhoneNumberField(java.lang.String)?[0m
  ?[32mAnd ?[0m?[32mUser input ?[0m?[32m?[1m"Pass!@#$"?[0m?[32m in password text field?[0m                          ?[90m# demo.steps.LoginDef.userInputInPasswordTextField(java.lang.String)?[0m
  ?[32mAnd ?[0m?[32mUser click login button?[0m                                               ?[90m# demo.steps.LoginDef.userClickSignInButton()?[0m
  ?[32mThen ?[0m?[32mUser is not on Home Page?[0m                                             ?[90m# demo.steps.LoginDef.userIsNotOnHomePage()?[0m
  ?[32mAnd ?[0m?[32mUser see ?[0m?[32m?[1m"Wrong Phone/Pass Format"?[0m?[32m as the error message on login page?[0m ?[90m# demo.steps.LoginDef.userSeeAsTheErrorMessageOnLoginPage(java.lang.String)?[0m
  ?[32mGiven ?[0m?[32mUser is on app login page?[0m                                           ?[90m# demo.steps.LoginDef.userIsOnAppLoginPage()?[0m
  ?[32mWhen ?[0m?[32mUser input ?[0m?[32m?[1m"8959182736450"?[0m?[32m in phone number field?[0m                     ?[90m# demo.steps.LoginDef.userInputInPhoneNumberField(java.lang.String)?[0m
  ?[32mAnd ?[0m?[32mUser input ?[0m?[32m?[1m"pass@123"?[0m?[32m in password text field?[0m                          ?[90m# demo.steps.LoginDef.userInputInPasswordTextField(java.lang.String)?[0m
  ?[32mAnd ?[0m?[32mUser click login button?[0m                                               ?[90m# demo.steps.LoginDef.userClickSignInButton()?[0m
  ?[32mThen ?[0m?[32mUser is not on Home Page?[0m                                             ?[90m# demo.steps.LoginDef.userIsNotOnHomePage()?[0m
  ?[32mAnd ?[0m?[32mUser see ?[0m?[32m?[1m"Wrong Phone/Pass Format"?[0m?[32m as the error message on login page?[0m ?[90m# demo.steps.LoginDef.userSeeAsTheErrorMessageOnLoginPage(java.lang.String)?[0m
  ?[32mGiven ?[0m?[32mUser is on app login page?[0m                                           ?[90m# demo.steps.LoginDef.userIsOnAppLoginPage()?[0m
  ?[32mWhen ?[0m?[32mUser input ?[0m?[32m?[1m"8959182736450"?[0m?[32m in phone number field?[0m                     ?[90m# demo.steps.LoginDef.userInputInPhoneNumberField(java.lang.String)?[0m
  ?[32mAnd ?[0m?[32mUser input ?[0m?[32m?[1m"PASS@123"?[0m?[32m in password text field?[0m                          ?[90m# demo.steps.LoginDef.userInputInPasswordTextField(java.lang.String)?[0m
  ?[32mAnd ?[0m?[32mUser click login button?[0m                                               ?[90m# demo.steps.LoginDef.userClickSignInButton()?[0m
  ?[32mThen ?[0m?[32mUser is not on Home Page?[0m                                             ?[90m# demo.steps.LoginDef.userIsNotOnHomePage()?[0m
  ?[32mAnd ?[0m?[32mUser see ?[0m?[32m?[1m"Wrong Phone/Pass Format"?[0m?[32m as the error message on login page?[0m ?[90m# demo.steps.LoginDef.userSeeAsTheErrorMessageOnLoginPage(java.lang.String)?[0m
  ?[32mGiven ?[0m?[32mUser is on app login page?[0m                                           ?[90m# demo.steps.LoginDef.userIsOnAppLoginPage()?[0m
  ?[32mWhen ?[0m?[32mUser input ?[0m?[32m?[1m"8959182736450"?[0m?[32m in phone number field?[0m                     ?[90m# demo.steps.LoginDef.userInputInPhoneNumberField(java.lang.String)?[0m
  ?[32mAnd ?[0m?[32mUser input ?[0m?[32m?[1m"PASSword"?[0m?[32m in password text field?[0m                          ?[90m# demo.steps.LoginDef.userInputInPasswordTextField(java.lang.String)?[0m
  ?[32mAnd ?[0m?[32mUser click login button?[0m                                               ?[90m# demo.steps.LoginDef.userClickSignInButton()?[0m
  ?[32mThen ?[0m?[32mUser is not on Home Page?[0m                                             ?[90m# demo.steps.LoginDef.userIsNotOnHomePage()?[0m
  ?[32mAnd ?[0m?[32mUser see ?[0m?[32m?[1m"Wrong Phone/Pass Format"?[0m?[32m as the error message on login page?[0m ?[90m# demo.steps.LoginDef.userSeeAsTheErrorMessageOnLoginPage(java.lang.String)?[0m
  ?[32mGiven ?[0m?[32mUser is on app login page?[0m                                           ?[90m# demo.steps.LoginDef.userIsOnAppLoginPage()?[0m
  ?[32mWhen ?[0m?[32mUser input ?[0m?[32m?[1m"8959182736450"?[0m?[32m in phone number field?[0m                     ?[90m# demo.steps.LoginDef.userInputInPhoneNumberField(java.lang.String)?[0m
  ?[32mAnd ?[0m?[32mUser input ?[0m?[32m?[1m"pass1234"?[0m?[32m in password text field?[0m                          ?[90m# demo.steps.LoginDef.userInputInPasswordTextField(java.lang.String)?[0m
  ?[32mAnd ?[0m?[32mUser click login button?[0m                                               ?[90m# demo.steps.LoginDef.userClickSignInButton()?[0m
  ?[32mThen ?[0m?[32mUser is not on Home Page?[0m                                             ?[90m# demo.steps.LoginDef.userIsNotOnHomePage()?[0m
  ?[32mAnd ?[0m?[32mUser see ?[0m?[32m?[1m"Wrong Phone/Pass Format"?[0m?[32m as the error message on login page?[0m ?[90m# demo.steps.LoginDef.userSeeAsTheErrorMessageOnLoginPage(java.lang.String)?[0m
  ?[32mGiven ?[0m?[32mUser is on app login page?[0m                                           ?[90m# demo.steps.LoginDef.userIsOnAppLoginPage()?[0m
  ?[32mWhen ?[0m?[32mUser input ?[0m?[32m?[1m"8959182736450"?[0m?[32m in phone number field?[0m                     ?[90m# demo.steps.LoginDef.userInputInPhoneNumberField(java.lang.String)?[0m
  ?[32mAnd ?[0m?[32mUser input ?[0m?[32m?[1m"PASS1234"?[0m?[32m in password text field?[0m                          ?[90m# demo.steps.LoginDef.userInputInPasswordTextField(java.lang.String)?[0m
  ?[32mAnd ?[0m?[32mUser click login button?[0m                                               ?[90m# demo.steps.LoginDef.userClickSignInButton()?[0m
  ?[32mThen ?[0m?[32mUser is not on Home Page?[0m                                             ?[90m# demo.steps.LoginDef.userIsNotOnHomePage()?[0m
  ?[32mAnd ?[0m?[32mUser see ?[0m?[32m?[1m"Wrong Phone/Pass Format"?[0m?[32m as the error message on login page?[0m ?[90m# demo.steps.LoginDef.userSeeAsTheErrorMessageOnLoginPage(java.lang.String)?[0m
  ?[32mGiven ?[0m?[32mUser is on app login page?[0m                                           ?[90m# demo.steps.LoginDef.userIsOnAppLoginPage()?[0m
  ?[32mWhen ?[0m?[32mUser input ?[0m?[32m?[1m"8959182736450"?[0m?[32m in phone number field?[0m                     ?[90m# demo.steps.LoginDef.userInputInPhoneNumberField(java.lang.String)?[0m
  ?[32mAnd ?[0m?[32mUser input ?[0m?[32m?[1m"pass!@#$"?[0m?[32m in password text field?[0m                          ?[90m# demo.steps.LoginDef.userInputInPasswordTextField(java.lang.String)?[0m
  ?[32mAnd ?[0m?[32mUser click login button?[0m                                               ?[90m# demo.steps.LoginDef.userClickSignInButton()?[0m
  ?[32mThen ?[0m?[32mUser is not on Home Page?[0m                                             ?[90m# demo.steps.LoginDef.userIsNotOnHomePage()?[0m
  ?[32mAnd ?[0m?[32mUser see ?[0m?[32m?[1m"Wrong Phone/Pass Format"?[0m?[32m as the error message on login page?[0m ?[90m# demo.steps.LoginDef.userSeeAsTheErrorMessageOnLoginPage(java.lang.String)?[0m
  ?[32mGiven ?[0m?[32mUser is on app login page?[0m                                           ?[90m# demo.steps.LoginDef.userIsOnAppLoginPage()?[0m
  ?[32mWhen ?[0m?[32mUser input ?[0m?[32m?[1m"8959182736450"?[0m?[32m in phone number field?[0m                     ?[90m# demo.steps.LoginDef.userInputInPhoneNumberField(java.lang.String)?[0m
  ?[32mAnd ?[0m?[32mUser input ?[0m?[32m?[1m"PASS!@#$"?[0m?[32m in password text field?[0m                          ?[90m# demo.steps.LoginDef.userInputInPasswordTextField(java.lang.String)?[0m
  ?[32mAnd ?[0m?[32mUser click login button?[0m                                               ?[90m# demo.steps.LoginDef.userClickSignInButton()?[0m
  ?[32mThen ?[0m?[32mUser is not on Home Page?[0m                                             ?[90m# demo.steps.LoginDef.userIsNotOnHomePage()?[0m
  ?[32mAnd ?[0m?[32mUser see ?[0m?[32m?[1m"Wrong Phone/Pass Format"?[0m?[32m as the error message on login page?[0m ?[90m# demo.steps.LoginDef.userSeeAsTheErrorMessageOnLoginPage(java.lang.String)?[0m
  ?[32mGiven ?[0m?[32mUser is on app login page?[0m                                           ?[90m# demo.steps.LoginDef.userIsOnAppLoginPage()?[0m
  ?[32mWhen ?[0m?[32mUser input ?[0m?[32m?[1m"8959182736450"?[0m?[32m in phone number field?[0m                     ?[90m# demo.steps.LoginDef.userInputInPhoneNumberField(java.lang.String)?[0m
  ?[32mAnd ?[0m?[32mUser input ?[0m?[32m?[1m"!@#$1234"?[0m?[32m in password text field?[0m                          ?[90m# demo.steps.LoginDef.userInputInPasswordTextField(java.lang.String)?[0m
  ?[32mAnd ?[0m?[32mUser click login button?[0m                                               ?[90m# demo.steps.LoginDef.userClickSignInButton()?[0m
  ?[32mThen ?[0m?[32mUser is not on Home Page?[0m                                             ?[90m# demo.steps.LoginDef.userIsNotOnHomePage()?[0m
  ?[32mAnd ?[0m?[32mUser see ?[0m?[32m?[1m"Wrong Phone/Pass Format"?[0m?[32m as the error message on login page?[0m ?[90m# demo.steps.LoginDef.userSeeAsTheErrorMessageOnLoginPage(java.lang.String)?[0m
  ?[32mGiven ?[0m?[32mUser is on app login page?[0m                                           ?[90m# demo.steps.LoginDef.userIsOnAppLoginPage()?[0m
  ?[32mWhen ?[0m?[32mUser input ?[0m?[32m?[1m"8959182736450"?[0m?[32m in phone number field?[0m                     ?[90m# demo.steps.LoginDef.userInputInPhoneNumberField(java.lang.String)?[0m
  ?[32mAnd ?[0m?[32mUser input ?[0m?[32m?[1m"!@#$%^&*"?[0m?[32m in password text field?[0m                          ?[90m# demo.steps.LoginDef.userInputInPasswordTextField(java.lang.String)?[0m
  ?[32mAnd ?[0m?[32mUser click login button?[0m                                               ?[90m# demo.steps.LoginDef.userClickSignInButton()?[0m
  ?[32mThen ?[0m?[32mUser is not on Home Page?[0m                                             ?[90m# demo.steps.LoginDef.userIsNotOnHomePage()?[0m
  ?[32mAnd ?[0m?[32mUser see ?[0m?[32m?[1m"Wrong Phone/Pass Format"?[0m?[32m as the error message on login page?[0m ?[90m# demo.steps.LoginDef.userSeeAsTheErrorMessageOnLoginPage(java.lang.String)?[0m
  ?[32mGiven ?[0m?[32mUser is on app login page?[0m                                           ?[90m# demo.steps.LoginDef.userIsOnAppLoginPage()?[0m
  ?[32mWhen ?[0m?[32mUser input ?[0m?[32m?[1m"8959182736450"?[0m?[32m in phone number field?[0m                     ?[90m# demo.steps.LoginDef.userInputInPhoneNumberField(java.lang.String)?[0m
  ?[32mAnd ?[0m?[32mUser input ?[0m?[32m?[1m"12345678"?[0m?[32m in password text field?[0m                          ?[90m# demo.steps.LoginDef.userInputInPasswordTextField(java.lang.String)?[0m
  ?[32mAnd ?[0m?[32mUser click login button?[0m                                               ?[90m# demo.steps.LoginDef.userClickSignInButton()?[0m
  ?[32mThen ?[0m?[32mUser is not on Home Page?[0m                                             ?[90m# demo.steps.LoginDef.userIsNotOnHomePage()?[0m
[...]
  ?[32mThen ?[0m?[32mUser is not on Home Page?[0m                                             ?[90m# demo.steps.LoginDef.userIsNotOnHomePage()?[0m
  ?[32mAnd ?[0m?[32mUser see ?[0m?[32m?[1m"Wrong Phone/Pass Format"?[0m?[32m as the error message on login page?[0m ?[90m# demo.steps.LoginDef.userSeeAsTheErrorMessageOnLoginPage(java.lang.String)?[0m
  ?[32mGiven ?[0m?[32mUser is on app login page?[0m                                           ?[90m# demo.steps.LoginDef.userIsOnAppLoginPage()?[0m
  ?[32mWhen ?[0m?[32mUser input ?[0m?[32m?[1m"81212345678"?[0m?[32m in phone number field?[0m                       ?[90m# demo.steps.LoginDef.userInputInPhoneNumberField(java.lang.String)?[0m
  ?[32mAnd ?[0m?[32mUser input ?[0m?[32m?[1m""?[0m?[32m in password text field?[0m                                  ?[90m# demo.steps.LoginDef.userInputInPasswordTextField(java.lang.String)?[0m
  ?[32mAnd ?[0m?[32mUser click login button?[0m                                               ?[90m# demo.steps.LoginDef.userClickSignInButton()?[0m
  ?[32mThen ?[0m?[32mUser is not on Home Page?[0m                                             ?[90m# demo.steps.LoginDef.userIsNotOnHomePage()?[0m
  ?[32mAnd ?[0m?[32mUser see ?[0m?[32m?[1m"Wrong Phone/Pass Format"?[0m?[32m as the error message on login page?[0m ?[90m# demo.steps.LoginDef.userSeeAsTheErrorMessageOnLoginPage(java.lang.String)?[0m
  ?[32mGiven ?[0m?[32mUser is on app login page?[0m                                           ?[90m# demo.steps.LoginDef.userIsOnAppLoginPage()?[0m
  ?[32mWhen ?[0m?[32mUser input ?[0m?[32m?[1m"81212345678"?[0m?[32m in phone number field?[0m                       ?[90m# demo.steps.LoginDef.userInputInPhoneNumberField(java.lang.String)?[0m
  ?[32mAnd ?[0m?[32mUser input ?[0m?[32m?[1m"Pass@12"?[0m?[32m in password text field?[0m                           ?[90m# demo.steps.LoginDef.userInputInPasswordTextField(java.lang.String)?[0m
  ?[32mAnd ?[0m?[32mUser click login button?[0m                                               ?[90m# demo.steps.LoginDef.userClickSignInButton()?[0m
  ?[32mThen ?[0m?[32mUser is not on Home Page?[0m                                             ?[90m# demo.steps.LoginDef.userIsNotOnHomePage()?[0m
  ?[32mAnd ?[0m?[32mUser see ?[0m?[32m?[1m"Wrong Phone/Pass Format"?[0m?[32m as the error message on login page?[0m ?[90m# demo.steps.LoginDef.userSeeAsTheErrorMessageOnLoginPage(java.lang.String)?[0m
  ?[32mGiven ?[0m?[32mUser is on app login page?[0m                                           ?[90m# demo.steps.LoginDef.userIsOnAppLoginPage()?[0m
  ?[32mWhen ?[0m?[32mUser input ?[0m?[32m?[1m"81212345678"?[0m?[32m in phone number field?[0m                       ?[90m# demo.steps.LoginDef.userInputInPhoneNumberField(java.lang.String)?[0m
  ?[32mAnd ?[0m?[32mUser input ?[0m?[32m?[1m"LoginPassword@1234567"?[0m?[32m in password text field?[0m             ?[90m# demo.steps.LoginDef.userInputInPasswordTextField(java.lang.String)?[0m
  ?[32mAnd ?[0m?[32mUser click login button?[0m                                               ?[90m# demo.steps.LoginDef.userClickSignInButton()?[0m
  ?[32mThen ?[0m?[32mUser is not on Home Page?[0m                                             ?[90m# demo.steps.LoginDef.userIsNotOnHomePage()?[0m
  ?[32mAnd ?[0m?[32mUser see ?[0m?[32m?[1m"Wrong Phone/Pass Format"?[0m?[32m as the error message on login page?[0m ?[90m# demo.steps.LoginDef.userSeeAsTheErrorMessageOnLoginPage(java.lang.String)?[0m
  ?[32mGiven ?[0m?[32mUser is on app login page?[0m                                           ?[90m# demo.steps.LoginDef.userIsOnAppLoginPage()?[0m
  ?[32mWhen ?[0m?[32mUser input ?[0m?[32m?[1m"81212345678"?[0m?[32m in phone number field?[0m                       ?[90m# demo.steps.LoginDef.userInputInPhoneNumberField(java.lang.String)?[0m
  ?[32mAnd ?[0m?[32mUser input ?[0m?[32m?[1m"Pass @123"?[0m?[32m in password text field?[0m                         ?[90m# demo.steps.LoginDef.userInputInPasswordTextField(java.lang.String)?[0m
  ?[32mAnd ?[0m?[32mUser click login button?[0m                                               ?[90m# demo.steps.LoginDef.userClickSignInButton()?[0m
  ?[32mThen ?[0m?[32mUser is not on Home Page?[0m                                             ?[90m# demo.steps.LoginDef.userIsNotOnHomePage()?[0m
  ?[32mAnd ?[0m?[32mUser see ?[0m?[32m?[1m"Wrong Phone/Pass Format"?[0m?[32m as the error message on login page?[0m ?[90m# demo.steps.LoginDef.userSeeAsTheErrorMessageOnLoginPage(java.lang.String)?[0m
  ?[32mGiven ?[0m?[32mUser is on app login page?[0m                                           ?[90m# demo.steps.LoginDef.userIsOnAppLoginPage()?[0m
  ?[32mWhen ?[0m?[32mUser input ?[0m?[32m?[1m"81212345678"?[0m?[32m in phone number field?[0m                       ?[90m# demo.steps.LoginDef.userInputInPhoneNumberField(java.lang.String)?[0m
  ?[32mAnd ?[0m?[32mUser input ?[0m?[32m?[1m"Pass1234"?[0m?[32m in password text field?[0m                          ?[90m# demo.steps.LoginDef.userInputInPasswordTextField(java.lang.String)?[0m
  ?[32mAnd ?[0m?[32mUser click login button?[0m                                               ?[90m# demo.steps.LoginDef.userClickSignInButton()?[0m
  ?[32mThen ?[0m?[32mUser is not on Home Page?[0m                                             ?[90m# demo.steps.LoginDef.userIsNotOnHomePage()?[0m
  ?[32mAnd ?[0m?[32mUser see ?[0m?[32m?[1m"Wrong Phone/Pass Format"?[0m?[32m as the error message on login page?[0m ?[90m# demo.steps.LoginDef.userSeeAsTheErrorMessageOnLoginPage(java.lang.String)?[0m
  ?[32mGiven ?[0m?[32mUser is on app login page?[0m                                           ?[90m# demo.steps.LoginDef.userIsOnAppLoginPage()?[0m
  ?[32mWhen ?[0m?[32mUser input ?[0m?[32m?[1m"81212345678"?[0m?[32m in phone number field?[0m                       ?[90m# demo.steps.LoginDef.userInputInPhoneNumberField(java.lang.String)?[0m
  ?[32mAnd ?[0m?[32mUser input ?[0m?[32m?[1m"Pass!@#$"?[0m?[32m in password text field?[0m                          ?[90m# demo.steps.LoginDef.userInputInPasswordTextField(java.lang.String)?[0m
  ?[32mAnd ?[0m?[32mUser click login button?[0m                                               ?[90m# demo.steps.LoginDef.userClickSignInButton()?[0m
  ?[32mThen ?[0m?[32mUser is not on Home Page?[0m                                             ?[90m# demo.steps.LoginDef.userIsNotOnHomePage()?[0m
  ?[32mAnd ?[0m?[32mUser see ?[0m?[32m?[1m"Wrong Phone/Pass Format"?[0m?[32m as the error message on login page?[0m ?[90m# demo.steps.LoginDef.userSeeAsTheErrorMessageOnLoginPage(java.lang.String)?[0m
  ?[32mGiven ?[0m?[32mUser is on app login page?[0m                                           ?[90m# demo.steps.LoginDef.userIsOnAppLoginPage()?[0m
  ?[32mWhen ?[0m?[32mUser input ?[0m?[32m?[1m"81212345678"?[0m?[32m in phone number field?[0m                       ?[90m# demo.steps.LoginDef.userInputInPhoneNumberField(java.lang.String)?[0m
  ?[32mAnd ?[0m?[32mUser input ?[0m?[32m?[1m"pass@123"?[0m?[32m in password text field?[0m                          ?[90m# demo.steps.LoginDef.userInputInPasswordTextField(java.lang.String)?[0m
  ?[32mAnd ?[0m?[32mUser click login button?[0m                                               ?[90m# demo.steps.LoginDef.userClickSignInButton()?[0m
  ?[32mThen ?[0m?[32mUser is not on Home Page?[0m                                             ?[90m# demo.steps.LoginDef.userIsNotOnHomePage()?[0m
  ?[32mAnd ?[0m?[32mUser see ?[0m?[32m?[1m"Wrong Phone/Pass Format"?[0m?[32m as the error message on login page?[0m ?[90m# demo.steps.LoginDef.userSeeAsTheErrorMessageOnLoginPage(java.lang.String)?[0m
  ?[32mGiven ?[0m?[32mUser is on app login page?[0m                                           ?[90m# demo.steps.LoginDef.userIsOnAppLoginPage()?[0m
  ?[32mWhen ?[0m?[32mUser input ?[0m?[32m?[1m"81212345678"?[0m?[32m in phone number field?[0m                       ?[90m# demo.steps.LoginDef.userInputInPhoneNumberField(java.lang.String)?[0m
  ?[32mAnd ?[0m?[32mUser input ?[0m?[32m?[1m"PASS@123"?[0m?[32m in password text field?[0m                          ?[90m# demo.steps.LoginDef.userInputInPasswordTextField(java.lang.String)?[0m
  ?[32mAnd ?[0m?[32mUser click login button?[0m                                               ?[90m# demo.steps.LoginDef.userClickSignInButton()?[0m
  ?[32mThen ?[0m?[32mUser is not on Home Page?[0m                                             ?[90m# demo.steps.LoginDef.userIsNotOnHomePage()?[0m
  ?[32mAnd ?[0m?[32mUser see ?[0m?[32m?[1m"Wrong Phone/Pass Format"?[0m?[32m as the error message on login page?[0m ?[90m# demo.steps.LoginDef.userSeeAsTheErrorMessageOnLoginPage(java.lang.String)?[0m
  ?[32mGiven ?[0m?[32mUser is on app login page?[0m                                           ?[90m# demo.steps.LoginDef.userIsOnAppLoginPage()?[0m
  ?[32mWhen ?[0m?[32mUser input ?[0m?[32m?[1m"81212345678"?[0m?[32m in phone number field?[0m                       ?[90m# demo.steps.LoginDef.userInputInPhoneNumberField(java.lang.String)?[0m
  ?[32mAnd ?[0m?[32mUser input ?[0m?[32m?[1m"PASSword"?[0m?[32m in password text field?[0m                          ?[90m# demo.steps.LoginDef.userInputInPasswordTextField(java.lang.String)?[0m
  ?[32mAnd ?[0m?[32mUser click login button?[0m                                               ?[90m# demo.steps.LoginDef.userClickSignInButton()?[0m
  ?[32mThen ?[0m?[32mUser is not on Home Page?[0m                                             ?[90m# demo.steps.LoginDef.userIsNotOnHomePage()?[0m
  ?[32mAnd ?[0m?[32mUser see ?[0m?[32m?[1m"Wrong Phone/Pass Format"?[0m?[32m as the error message on login page?[0m ?[90m# demo.steps.LoginDef.userSeeAsTheErrorMessageOnLoginPage(java.lang.String)?[0m
  ?[32mGiven ?[0m?[32mUser is on app login page?[0m                                           ?[90m# demo.steps.LoginDef.userIsOnAppLoginPage()?[0m
  ?[32mWhen ?[0m?[32mUser input ?[0m?[32m?[1m"81212345678"?[0m?[32m in phone number field?[0m                       ?[90m# demo.steps.LoginDef.userInputInPhoneNumberField(java.lang.String)?[0m
  ?[32mAnd ?[0m?[32mUser input ?[0m?[32m?[1m"pass1234"?[0m?[32m in password text field?[0m                          ?[90m# demo.steps.LoginDef.userInputInPasswordTextField(java.lang.String)?[0m
  ?[32mAnd ?[0m?[32mUser click login button?[0m                                               ?[90m# demo.steps.LoginDef.userClickSignInButton()?[0m
  ?[32mThen ?[0m?[32mUser is not on Home Page?[0m                                             ?[90m# demo.steps.LoginDef.userIsNotOnHomePage()?[0m
  ?[32mAnd ?[0m?[32mUser see ?[0m?[32m?[1m"Wrong Phone/Pass Format"?[0m?[32m as the error message on login page?[0m ?[90m# demo.steps.LoginDef.userSeeAsTheErrorMessageOnLoginPage(java.lang.String)?[0m
  ?[32mGiven ?[0m?[32mUser is on app login page?[0m                                           ?[90m# demo.steps.LoginDef.userIsOnAppLoginPage()?[0m
  ?[32mWhen ?[0m?[32mUser input ?[0m?[32m?[1m"81212345678"?[0m?[32m in phone number field?[0m                       ?[90m# demo.steps.LoginDef.userInputInPhoneNumberField(java.lang.String)?[0m
  ?[32mAnd ?[0m?[32mUser input ?[0m?[32m?[1m"PASS1234"?[0m?[32m in password text field?[0m                          ?[90m# demo.steps.LoginDef.userInputInPasswordTextField(java.lang.String)?[0m
  ?[32mAnd ?[0m?[32mUser click login button?[0m                                               ?[90m# demo.steps.LoginDef.userClickSignInButton()?[0m
  ?[32mThen ?[0m?[32mUser is not on Home Page?[0m                                             ?[90m# demo.steps.LoginDef.userIsNotOnHomePage()?[0m
  ?[32mAnd ?[0m?[32mUser see ?[0m?[32m?[1m"Wrong Phone/Pass Format"?[0m?[32m as the error message on login page?[0m ?[90m# demo.steps.LoginDef.userSeeAsTheErrorMessageOnLoginPage(java.lang.String)?[0m
  ?[32mGiven ?[0m?[32mUser is on app login page?[0m                                           ?[90m# demo.steps.LoginDef.userIsOnAppLoginPage()?[0m
  ?[32mWhen ?[0m?[32mUser input ?[0m?[32m?[1m"81212345678"?[0m?[32m in phone number field?[0m                       ?[90m# demo.steps.LoginDef.userInputInPhoneNumberField(java.lang.String)?[0m
  ?[32mAnd ?[0m?[32mUser input ?[0m?[32m?[1m"pass!@#$"?[0m?[32m in password text field?[0m                          ?[90m# demo.steps.LoginDef.userInputInPasswordTextField(java.lang.String)?[0m
  ?[32mAnd ?[0m?[32mUser click login button?[0m                                               ?[90m# demo.steps.LoginDef.userClickSignInButton()?[0m
  ?[32mThen ?[0m?[32mUser is not on Home Page?[0m                                             ?[90m# demo.steps.LoginDef.userIsNotOnHomePage()?[0m
  ?[32mAnd ?[0m?[32mUser see ?[0m?[32m?[1m"Wrong Phone/Pass Format"?[0m?[32m as the error message on login page?[0m ?[90m# demo.steps.LoginDef.userSeeAsTheErrorMessageOnLoginPage(java.lang.String)?[0m
  ?[32mGiven ?[0m?[32mUser is on app login page?[0m                                           ?[90m# demo.steps.LoginDef.userIsOnAppLoginPage()?[0m
  ?[32mWhen ?[0m?[32mUser input ?[0m?[32m?[1m"81212345678"?[0m?[32m in phone number field?[0m                       ?[90m# demo.steps.LoginDef.userInputInPhoneNumberField(java.lang.String)?[0m
  ?[32mAnd ?[0m?[32mUser input ?[0m?[32m?[1m"PASS!@#$"?[0m?[32m in password text field?[0m                          ?[90m# demo.steps.LoginDef.userInputInPasswordTextField(java.lang.String)?[0m
  ?[32mAnd ?[0m?[32mUser click login button?[0m                                               ?[90m# demo.steps.LoginDef.userClickSignInButton()?[0m
  ?[32mThen ?[0m?[32mUser is not on Home Page?[0m                                             ?[90m# demo.steps.LoginDef.userIsNotOnHomePage()?[0m
  ?[32mAnd ?[0m?[32mUser see ?[0m?[32m?[1m"Wrong Phone/Pass Format"?[0m?[32m as the error message on login page?[0m ?[90m# demo.steps.LoginDef.userSeeAsTheErrorMessageOnLoginPage(java.lang.String)?[0m
  ?[32mGiven ?[0m?[32mUser is on app login page?[0m                                           ?[90m# demo.steps.LoginDef.userIsOnAppLoginPage()?[0m
  ?[32mWhen ?[0m?[32mUser input ?[0m?[32m?[1m"81212345678"?[0m?[32m in phone number field?[0m                       ?[90m# demo.steps.LoginDef.userInputInPhoneNumberField(java.lang.String)?[0m
  ?[32mAnd ?[0m?[32mUser input ?[0m?[32m?[1m"!@#$1234"?[0m?[32m in password text field?[0m                          ?[90m# demo.steps.LoginDef.userInputInPasswordTextField(java.lang.String)?[0m
  ?[32mAnd ?[0m?[32mUser click login button?[0m                                               ?[90m# demo.steps.LoginDef.userClickSignInButton()?[0m
  ?[32mThen ?[0m?[32mUser is not on Home Page?[0m                                             ?[90m# demo.steps.LoginDef.userIsNotOnHomePage()?[0m
  ?[32mAnd ?[0m?[32mUser see ?[0m?[32m?[1m"Wrong Phone/Pass Format"?[0m?[32m as the error message on login page?[0m ?[90m# demo.steps.LoginDef.userSeeAsTheErrorMessageOnLoginPage(java.lang.String)?[0m
  ?[32mGiven ?[0m?[32mUser is on app login page?[0m                                           ?[90m# demo.steps.LoginDef.userIsOnAppLoginPage()?[0m
  ?[32mWhen ?[0m?[32mUser input ?[0m?[32m?[1m"81212345678"?[0m?[32m in phone number field?[0m                       ?[90m# demo.steps.LoginDef.userInputInPhoneNumberField(java.lang.String)?[0m
  ?[32mAnd ?[0m?[32mUser input ?[0m?[32m?[1m"!@#$%^&*"?[0m?[32m in password text field?[0m                          ?[90m# demo.steps.LoginDef.userInputInPasswordTextField(java.lang.String)?[0m
  ?[32mAnd ?[0m?[32mUser click login button?[0m                                               ?[90m# demo.steps.LoginDef.userClickSignInButton()?[0m
  ?[32mThen ?[0m?[32mUser is not on Home Page?[0m                                             ?[90m# demo.steps.LoginDef.userIsNotOnHomePage()?[0m
  ?[32mAnd ?[0m?[32mUser see ?[0m?[32m?[1m"Wrong Phone/Pass Format"?[0m?[32m as the error message on login page?[0m ?[90m# demo.steps.LoginDef.userSeeAsTheErrorMessageOnLoginPage(java.lang.String)?[0m
  ?[32mGiven ?[0m?[32mUser is on app login page?[0m                                           ?[90m# demo.steps.LoginDef.userIsOnAppLoginPage()?[0m
  ?[32mWhen ?[0m?[32mUser input ?[0m?[32m?[1m"81212345678"?[0m?[32m in phone number field?[0m                       ?[90m# demo.steps.LoginDef.userInputInPhoneNumberField(java.lang.String)?[0m
  ?[32mAnd ?[0m?[32mUser input ?[0m?[32m?[1m"12345678"?[0m?[32m in password text field?[0m                          ?[90m# demo.steps.LoginDef.userInputInPasswordTextField(java.lang.String)?[0m
  ?[32mAnd ?[0m?[32mUser click login button?[0m                                               ?[90m# demo.steps.LoginDef.userClickSignInButton()?[0m
  ?[32mThen ?[0m?[32mUser is not on Home Page?[0m                                             ?[90m# demo.steps.LoginDef.userIsNotOnHomePage()?[0m
  ?[32mAnd ?[0m?[32mUser see ?[0m?[32m?[1m"Wrong Phone/Pass Format"?[0m?[32m as the error message on login page?[0m ?[90m# demo.steps.LoginDef.userSeeAsTheErrorMessageOnLoginPage(java.lang.String)?[0m
  ?[32mGiven ?[0m?[32mUser is on app login page?[0m                                           ?[90m# demo.steps.LoginDef.userIsOnAppLoginPage()?[0m
  ?[32mWhen ?[0m?[32mUser input ?[0m?[32m?[1m"81212345678"?[0m?[32m in phone number field?[0m                       ?[90m# demo.steps.LoginDef.userInputInPhoneNumberField(java.lang.String)?[0m
  ?[32mAnd ?[0m?[32mUser input ?[0m?[32m?[1m"PASSWORD"?[0m?[32m in password text field?[0m                          ?[90m# demo.steps.LoginDef.userInputInPasswordTextField(java.lang.String)?[0m
  ?[32mAnd ?[0m?[32mUser click login button?[0m                                               ?[90m# demo.steps.LoginDef.userClickSignInButton()?[0m
  ?[32mThen ?[0m?[32mUser is not on Home Page?[0m                                             ?[90m# demo.steps.LoginDef.userIsNotOnHomePage()?[0m
  ?[32mAnd ?[0m?[32mUser see ?[0m?[32m?[1m"Wrong Phone/Pass Format"?[0m?[32m as the error message on login page?[0m ?[90m# demo.steps.LoginDef.userSeeAsTheErrorMessageOnLoginPage(java.lang.String)?[0m
  ?[32mGiven ?[0m?[32mUser is on app login page?[0m                                           ?[90m# demo.steps.LoginDef.userIsOnAppLoginPage()?[0m
  ?[32mWhen ?[0m?[32mUser input ?[0m?[32m?[1m"81212345678"?[0m?[32m in phone number field?[0m                       ?[90m# demo.steps.LoginDef.userInputInPhoneNumberField(java.lang.String)?[0m
  ?[32mAnd ?[0m?[32mUser input ?[0m?[32m?[1m"password"?[0m?[32m in password text field?[0m                          ?[90m# demo.steps.LoginDef.userInputInPasswordTextField(java.lang.String)?[0m
  ?[32mAnd ?[0m?[32mUser click login button?[0m                                               ?[90m# demo.steps.LoginDef.userClickSignInButton()?[0m
  ?[32mThen ?[0m?[32mUser is not on Home Page?[0m                                             ?[90m# demo.steps.LoginDef.userIsNotOnHomePage()?[0m
  ?[32mAnd ?[0m?[32mUser see ?[0m?[32m?[1m"Wrong Phone/Pass Format"?[0m?[32m as the error message on login page?[0m ?[90m# demo.steps.LoginDef.userSeeAsTheErrorMessageOnLoginPage(java.lang.String)?[0m

?[31mFailed scenarios:?[0m
?[31mfile:///Users/chenr/IdeaProjects/FinalProject_QA/src/test/resources/features/Login/Login.feature:39?[0m# Login with invalid phone number and/or password

169 Scenarios (?[31m1 failed?[0m, ?[32m168 passed?[0m)
1014 Steps (?[31m1 failed?[0m, ?[32m1013 passed?[0m)
68m12.160s


java.lang.AssertionError
	at org.junit.Assert.fail(Assert.java:87)
	at org.junit.Assert.assertTrue(Assert.java:42)
	at org.junit.Assert.assertTrue(Assert.java:53)
	at demo.steps.LoginDef.userSeeAsTheErrorMessageOnLoginPage(LoginDef.java:49)
	at ✽.User see "Wrong Phone/Pass Format" as the error message on login page(file:///Users/chenr/IdeaProjects/FinalProject_QA/src/test/resources/features/Login/Login.feature:29)


]]></system-out>
  <system-err><![CDATA[May 16, 2020 10:03:17 PM io.cucumber.junit.Cucumber <init>
WARNING: By default Cucumber is running in --non-strict mode.
This default will change to --strict and --non-strict will be removed.
You can use --strict or @CucumberOptions(strict = true) to suppress this warning
]]></system-err>
</testsuite>
