<?xml version="1.0" encoding="UTF-8"?>
<testsuite name="demo.CucumberRunner" tests="0" skipped="0" failures="0" errors="0" timestamp="1970-01-01T00:00:00" hostname="dnid0666l01.local" time="0.0">
  <properties/>
  <system-out><![CDATA[  ?[32mGiven ?[0m?[32mUser is on app login page?[0m                            ?[90m# demo.steps.LoginDef.userIsOnAppLoginPage()?[0m
  ?[32mWhen ?[0m?[32mUser input ?[0m?[32m?[1m"811123456"?[0m?[32m in phone number field?[0m          ?[90m# demo.steps.LoginDef.userInputInPhoneNumberField(java.lang.String)?[0m
  ?[32mAnd ?[0m?[32mUser input ?[0m?[32m?[1m"Pass@123"?[0m?[32m in password text field?[0m           ?[90m# demo.steps.LoginDef.userInputInPasswordTextField(java.lang.String)?[0m
  ?[32mAnd ?[0m?[32mUser click login button?[0m                                ?[90m# demo.steps.LoginDef.userClickSignInButton()?[0m
  ?[32mThen ?[0m?[32mUser is on Home Page?[0m                                  ?[90m# demo.steps.LoginDef.userIsOnHomePage()?[0m
  ?[32mGiven ?[0m?[32mUser is on app login page?[0m                            ?[90m# demo.steps.LoginDef.userIsOnAppLoginPage()?[0m
  ?[32mWhen ?[0m?[32mUser input ?[0m?[32m?[1m"811654321"?[0m?[32m in phone number field?[0m          ?[90m# demo.steps.LoginDef.userInputInPhoneNumberField(java.lang.String)?[0m
  ?[32mAnd ?[0m?[32mUser input ?[0m?[32m?[1m"Password123456!"?[0m?[32m in password text field?[0m    ?[90m# demo.steps.LoginDef.userInputInPasswordTextField(java.lang.String)?[0m
  ?[32mAnd ?[0m?[32mUser click login button?[0m                                ?[90m# demo.steps.LoginDef.userClickSignInButton()?[0m
  ?[32mThen ?[0m?[32mUser is on Home Page?[0m                                  ?[90m# demo.steps.LoginDef.userIsOnHomePage()?[0m
  ?[32mGiven ?[0m?[32mUser is on app login page?[0m                              ?[90m# demo.steps.LoginDef.userIsOnAppLoginPage()?[0m
  ?[32mWhen ?[0m?[32mUser input ?[0m?[32m?[1m"811243546"?[0m?[32m in phone number field?[0m            ?[90m# demo.steps.LoginDef.userInputInPhoneNumberField(java.lang.String)?[0m
  ?[32mAnd ?[0m?[32mUser input ?[0m?[32m?[1m"LoginPassword#123456"?[0m?[32m in password text field?[0m ?[90m# demo.steps.LoginDef.userInputInPasswordTextField(java.lang.String)?[0m
  ?[32mAnd ?[0m?[32mUser click login button?[0m                                  ?[90m# demo.steps.LoginDef.userClickSignInButton()?[0m
  ?[32mThen ?[0m?[32mUser is on Home Page?[0m                                    ?[90m# demo.steps.LoginDef.userIsOnHomePage()?[0m
  ?[32mGiven ?[0m?[32mUser is on app login page?[0m                            ?[90m# demo.steps.LoginDef.userIsOnAppLoginPage()?[0m
  ?[32mWhen ?[0m?[32mUser input ?[0m?[32m?[1m"81812345678"?[0m?[32m in phone number field?[0m        ?[90m# demo.steps.LoginDef.userInputInPhoneNumberField(java.lang.String)?[0m
  ?[32mAnd ?[0m?[32mUser input ?[0m?[32m?[1m"Pass.123"?[0m?[32m in password text field?[0m           ?[90m# demo.steps.LoginDef.userInputInPasswordTextField(java.lang.String)?[0m
  ?[32mAnd ?[0m?[32mUser click login button?[0m                                ?[90m# demo.steps.LoginDef.userClickSignInButton()?[0m
  ?[31mThen ?[0m?[31mUser is on Home Page?[0m                                  ?[90m# demo.steps.LoginDef.userIsOnHomePage()?[0m
      ?[31morg.openqa.selenium.NoSuchElementException: An element could not be located on the page using the given search parameters.
For documentation on this error, please visit: https://www.seleniumhq.org/exceptions/no_such_element.html
Build info: version: '3.141.59', revision: 'e82be7d358', time: '2018-11-14T08:17:03'
System info: host: 'dnid0666l01.local', ip: 'fe80:0:0:0:104e:4346:c63d:a4b7%en0', os.name: 'Mac OS X', os.arch: 'x86_64', os.version: '10.15.4', java.version: '1.8.0_251'
Driver info: io.appium.java_client.android.AndroidDriver
Capabilities {app: /Users/chenr/IdeaProjects/F..., appPackage: com.rifqimukhtar.phonepayment, autoGrantPermissions: true, automationName: UiAutomator2, databaseEnabled: false, desired: {app: /Users/chenr/IdeaProjects/F..., autoGrantPermissions: true, automationName: UiAutomator2, deviceName: device, newCommandTimeout: 120, platformName: android, platformVersion: 6.0, udid: emulator-5554}, deviceApiLevel: 23, deviceManufacturer: unknown, deviceModel: Android SDK built for x86, deviceName: emulator-5554, deviceScreenDensity: 240, deviceScreenSize: 480x800, deviceUDID: emulator-5554, javascriptEnabled: true, locationContextEnabled: false, networkConnectionEnabled: true, newCommandTimeout: 120, pixelRatio: 1.5, platform: LINUX, platformName: Android, platformVersion: 6.0, statBarHeight: 36, takesScreenshot: true, udid: emulator-5554, viewportRect: {height: 764, left: 0, top: 36, width: 480}, warnings: {}, webStorageEnabled: false}
Session ID: 02283412-666c-4bfa-b0f0-3b0289894005
*** Element info: {Using=id, value=tvWelcomeUser}
	at sun.reflect.NativeConstructorAccessorImpl.newInstance0(Native Method)
	at sun.reflect.NativeConstructorAccessorImpl.newInstance(NativeConstructorAccessorImpl.java:62)
	at sun.reflect.DelegatingConstructorAccessorImpl.newInstance(DelegatingConstructorAccessorImpl.java:45)
	at java.lang.reflect.Constructor.newInstance(Constructor.java:423)
	at org.openqa.selenium.remote.http.W3CHttpResponseCodec.createException(W3CHttpResponseCodec.java:187)
	at org.openqa.selenium.remote.http.W3CHttpResponseCodec.decode(W3CHttpResponseCodec.java:122)
	at org.openqa.selenium.remote.http.W3CHttpResponseCodec.decode(W3CHttpResponseCodec.java:49)
	at org.openqa.selenium.remote.HttpCommandExecutor.execute(HttpCommandExecutor.java:158)
	at io.appium.java_client.remote.AppiumCommandExecutor.execute(AppiumCommandExecutor.java:239)
	at org.openqa.selenium.remote.RemoteWebDriver.execute(RemoteWebDriver.java:552)
	at io.appium.java_client.DefaultGenericMobileDriver.execute(DefaultGenericMobileDriver.java:41)
	at io.appium.java_client.AppiumDriver.execute(AppiumDriver.java:1)
	at io.appium.java_client.android.AndroidDriver.execute(AndroidDriver.java:1)
	at org.openqa.selenium.remote.RemoteWebDriver.findElement(RemoteWebDriver.java:323)
	at io.appium.java_client.DefaultGenericMobileDriver.findElement(DefaultGenericMobileDriver.java:61)
	at io.appium.java_client.AppiumDriver.findElement(AppiumDriver.java:1)
	at io.appium.java_client.android.AndroidDriver.findElement(AndroidDriver.java:1)
	at org.openqa.selenium.remote.RemoteWebDriver.findElementById(RemoteWebDriver.java:372)
	at io.appium.java_client.DefaultGenericMobileDriver.findElementById(DefaultGenericMobileDriver.java:69)
	at io.appium.java_client.AppiumDriver.findElementById(AppiumDriver.java:1)
	at io.appium.java_client.android.AndroidDriver.findElementById(AndroidDriver.java:1)
	at org.openqa.selenium.By$ById.findElement(By.java:188)
	at org.openqa.selenium.remote.RemoteWebDriver.findElement(RemoteWebDriver.java:315)
	at io.appium.java_client.DefaultGenericMobileDriver.findElement(DefaultGenericMobileDriver.java:57)
	at io.appium.java_client.AppiumDriver.findElement(AppiumDriver.java:1)
	at io.appium.java_client.android.AndroidDriver.findElement(AndroidDriver.java:1)
	at demo.pages.HomePage.onHomePage(HomePage.java:14)
	at demo.steps.LoginDef.userIsOnHomePage(LoginDef.java:36)
	at ✽.User is on Home Page(file:///Users/chenr/IdeaProjects/FinalProject_QA/src/test/resources/features/Login/Login.feature:9)
?[0m

    Embedding null [image/png 80130 bytes]


    Scenario Fail

  ?[32mGiven ?[0m?[32mUser is on app login page?[0m                            ?[90m# demo.steps.LoginDef.userIsOnAppLoginPage()?[0m
  ?[32mWhen ?[0m?[32mUser input ?[0m?[32m?[1m"81912348765"?[0m?[32m in phone number field?[0m        ?[90m# demo.steps.LoginDef.userInputInPhoneNumberField(java.lang.String)?[0m
  ?[32mAnd ?[0m?[32mUser input ?[0m?[32m?[1m"Password$123456"?[0m?[32m in password text field?[0m    ?[90m# demo.steps.LoginDef.userInputInPasswordTextField(java.lang.String)?[0m
  ?[32mAnd ?[0m?[32mUser click login button?[0m                                ?[90m# demo.steps.LoginDef.userClickSignInButton()?[0m
  ?[32mThen ?[0m?[32mUser is on Home Page?[0m                                  ?[90m# demo.steps.LoginDef.userIsOnHomePage()?[0m
  ?[32mGiven ?[0m?[32mUser is on app login page?[0m                              ?[90m# demo.steps.LoginDef.userIsOnAppLoginPage()?[0m
  ?[32mWhen ?[0m?[32mUser input ?[0m?[32m?[1m"87813245768"?[0m?[32m in phone number field?[0m          ?[90m# demo.steps.LoginDef.userInputInPhoneNumberField(java.lang.String)?[0m
  ?[32mAnd ?[0m?[32mUser input ?[0m?[32m?[1m"Log1nP4ssword!234567"?[0m?[32m in password text field?[0m ?[90m# demo.steps.LoginDef.userInputInPasswordTextField(java.lang.String)?[0m
  ?[32mAnd ?[0m?[32mUser click login button?[0m                                  ?[90m# demo.steps.LoginDef.userClickSignInButton()?[0m
  ?[32mThen ?[0m?[32mUser is on Home Page?[0m                                    ?[90m# demo.steps.LoginDef.userIsOnHomePage()?[0m
  ?[32mGiven ?[0m?[32mUser is on app login page?[0m                            ?[90m# demo.steps.LoginDef.userIsOnAppLoginPage()?[0m
  ?[32mWhen ?[0m?[32mUser input ?[0m?[32m?[1m"895123456789"?[0m?[32m in phone number field?[0m       ?[90m# demo.steps.LoginDef.userInputInPhoneNumberField(java.lang.String)?[0m
  ?[32mAnd ?[0m?[32mUser input ?[0m?[32m?[1m"Pass123%"?[0m?[32m in password text field?[0m           ?[90m# demo.steps.LoginDef.userInputInPasswordTextField(java.lang.String)?[0m
  ?[32mAnd ?[0m?[32mUser click login button?[0m                                ?[90m# demo.steps.LoginDef.userClickSignInButton()?[0m
  ?[32mThen ?[0m?[32mUser is on Home Page?[0m                                  ?[90m# demo.steps.LoginDef.userIsOnHomePage()?[0m
  ?[32mGiven ?[0m?[32mUser is on app login page?[0m                            ?[90m# demo.steps.LoginDef.userIsOnAppLoginPage()?[0m
  ?[32mWhen ?[0m?[32mUser input ?[0m?[32m?[1m"896987654321"?[0m?[32m in phone number field?[0m       ?[90m# demo.steps.LoginDef.userInputInPhoneNumberField(java.lang.String)?[0m
  ?[32mAnd ?[0m?[32mUser input ?[0m?[32m?[1m"p4ssWord.132435"?[0m?[32m in password text field?[0m    ?[90m# demo.steps.LoginDef.userInputInPasswordTextField(java.lang.String)?[0m
  ?[32mAnd ?[0m?[32mUser click login button?[0m                                ?[90m# demo.steps.LoginDef.userClickSignInButton()?[0m
  ?[31mThen ?[0m?[31mUser is on Home Page?[0m                                  ?[90m# demo.steps.LoginDef.userIsOnHomePage()?[0m
      ?[31morg.openqa.selenium.NoSuchElementException: An element could not be located on the page using the given search parameters.
For documentation on this error, please visit: https://www.seleniumhq.org/exceptions/no_such_element.html
Build info: version: '3.141.59', revision: 'e82be7d358', time: '2018-11-14T08:17:03'
System info: host: 'dnid0666l01.local', ip: 'fe80:0:0:0:104e:4346:c63d:a4b7%en0', os.name: 'Mac OS X', os.arch: 'x86_64', os.version: '10.15.4', java.version: '1.8.0_251'
Driver info: io.appium.java_client.android.AndroidDriver
Capabilities {app: /Users/chenr/IdeaProjects/F..., appPackage: com.rifqimukhtar.phonepayment, autoGrantPermissions: true, automationName: UiAutomator2, databaseEnabled: false, desired: {app: /Users/chenr/IdeaProjects/F..., autoGrantPermissions: true, automationName: UiAutomator2, deviceName: device, newCommandTimeout: 120, platformName: android, platformVersion: 6.0, udid: emulator-5554}, deviceApiLevel: 23, deviceManufacturer: unknown, deviceModel: Android SDK built for x86, deviceName: emulator-5554, deviceScreenDensity: 240, deviceScreenSize: 480x800, deviceUDID: emulator-5554, javascriptEnabled: true, locationContextEnabled: false, networkConnectionEnabled: true, newCommandTimeout: 120, pixelRatio: 1.5, platform: LINUX, platformName: Android, platformVersion: 6.0, statBarHeight: 36, takesScreenshot: true, udid: emulator-5554, viewportRect: {height: 764, left: 0, top: 36, width: 480}, warnings: {}, webStorageEnabled: false}
Session ID: 10a5836c-f1c8-43a2-8716-d706813fb90a
*** Element info: {Using=id, value=tvWelcomeUser}
	at sun.reflect.NativeConstructorAccessorImpl.newInstance0(Native Method)
	at sun.reflect.NativeConstructorAccessorImpl.newInstance(NativeConstructorAccessorImpl.java:62)
	at sun.reflect.DelegatingConstructorAccessorImpl.newInstance(DelegatingConstructorAccessorImpl.java:45)
	at java.lang.reflect.Constructor.newInstance(Constructor.java:423)
	at org.openqa.selenium.remote.http.W3CHttpResponseCodec.createException(W3CHttpResponseCodec.java:187)
	at org.openqa.selenium.remote.http.W3CHttpResponseCodec.decode(W3CHttpResponseCodec.java:122)
	at org.openqa.selenium.remote.http.W3CHttpResponseCodec.decode(W3CHttpResponseCodec.java:49)
	at org.openqa.selenium.remote.HttpCommandExecutor.execute(HttpCommandExecutor.java:158)
	at io.appium.java_client.remote.AppiumCommandExecutor.execute(AppiumCommandExecutor.java:239)
	at org.openqa.selenium.remote.RemoteWebDriver.execute(RemoteWebDriver.java:552)
	at io.appium.java_client.DefaultGenericMobileDriver.execute(DefaultGenericMobileDriver.java:41)
	at io.appium.java_client.AppiumDriver.execute(AppiumDriver.java:1)
	at io.appium.java_client.android.AndroidDriver.execute(AndroidDriver.java:1)
	at org.openqa.selenium.remote.RemoteWebDriver.findElement(RemoteWebDriver.java:323)
	at io.appium.java_client.DefaultGenericMobileDriver.findElement(DefaultGenericMobileDriver.java:61)
	at io.appium.java_client.AppiumDriver.findElement(AppiumDriver.java:1)
	at io.appium.java_client.android.AndroidDriver.findElement(AndroidDriver.java:1)
	at org.openqa.selenium.remote.RemoteWebDriver.findElementById(RemoteWebDriver.java:372)
	at io.appium.java_client.DefaultGenericMobileDriver.findElementById(DefaultGenericMobileDriver.java:69)
	at io.appium.java_client.AppiumDriver.findElementById(AppiumDriver.java:1)
	at io.appium.java_client.android.AndroidDriver.findElementById(AndroidDriver.java:1)
	at org.openqa.selenium.By$ById.findElement(By.java:188)
	at org.openqa.selenium.remote.RemoteWebDriver.findElement(RemoteWebDriver.java:315)
	at io.appium.java_client.DefaultGenericMobileDriver.findElement(DefaultGenericMobileDriver.java:57)
	at io.appium.java_client.AppiumDriver.findElement(AppiumDriver.java:1)
	at io.appium.java_client.android.AndroidDriver.findElement(AndroidDriver.java:1)
	at demo.pages.HomePage.onHomePage(HomePage.java:14)
	at demo.steps.LoginDef.userIsOnHomePage(LoginDef.java:36)
	at ✽.User is on Home Page(file:///Users/chenr/IdeaProjects/FinalProject_QA/src/test/resources/features/Login/Login.feature:9)
?[0m

    Embedding null [image/png 81032 bytes]


    Scenario Fail

  ?[32mGiven ?[0m?[32mUser is on app login page?[0m                              ?[90m# demo.steps.LoginDef.userIsOnAppLoginPage()?[0m
  ?[32mWhen ?[0m?[32mUser input ?[0m?[32m?[1m"898918273645"?[0m?[32m in phone number field?[0m         ?[90m# demo.steps.LoginDef.userInputInPhoneNumberField(java.lang.String)?[0m
  ?[32mAnd ?[0m?[32mUser input ?[0m?[32m?[1m"logiNpassworD123456,"?[0m?[32m in password text field?[0m ?[90m# demo.steps.LoginDef.userInputInPasswordTextField(java.lang.String)?[0m
  ?[32mAnd ?[0m?[32mUser click login button?[0m                                  ?[90m# demo.steps.LoginDef.userClickSignInButton()?[0m
  ?[31mThen ?[0m?[31mUser is on Home Page?[0m                                    ?[90m# demo.steps.LoginDef.userIsOnHomePage()?[0m
      ?[31morg.openqa.selenium.NoSuchElementException: An element could not be located on the page using the given search parameters.
For documentation on this error, please visit: https://www.seleniumhq.org/exceptions/no_such_element.html
Build info: version: '3.141.59', revision: 'e82be7d358', time: '2018-11-14T08:17:03'
System info: host: 'dnid0666l01.local', ip: 'fe80:0:0:0:104e:4346:c63d:a4b7%en0', os.name: 'Mac OS X', os.arch: 'x86_64', os.version: '10.15.4', java.version: '1.8.0_251'
Driver info: io.appium.java_client.android.AndroidDriver
Capabilities {app: /Users/chenr/IdeaProjects/F..., appPackage: com.rifqimukhtar.phonepayment, autoGrantPermissions: true, automationName: UiAutomator2, databaseEnabled: false, desired: {app: /Users/chenr/IdeaProjects/F..., autoGrantPermissions: true, automationName: UiAutomator2, deviceName: device, newCommandTimeout: 120, platformName: android, platformVersion: 6.0, udid: emulator-5554}, deviceApiLevel: 23, deviceManufacturer: unknown, deviceModel: Android SDK built for x86, deviceName: emulator-5554, deviceScreenDensity: 240, deviceScreenSize: 480x800, deviceUDID: emulator-5554, javascriptEnabled: true, locationContextEnabled: false, networkConnectionEnabled: true, newCommandTimeout: 120, pixelRatio: 1.5, platform: LINUX, platformName: Android, platformVersion: 6.0, statBarHeight: 36, takesScreenshot: true, udid: emulator-5554, viewportRect: {height: 764, left: 0, top: 36, width: 480}, warnings: {}, webStorageEnabled: false}
Session ID: 18c71820-0223-44ed-b8be-5860c10cb06c
*** Element info: {Using=id, value=tvWelcomeUser}
	at sun.reflect.NativeConstructorAccessorImpl.newInstance0(Native Method)
	at sun.reflect.NativeConstructorAccessorImpl.newInstance(NativeConstructorAccessorImpl.java:62)
	at sun.reflect.DelegatingConstructorAccessorImpl.newInstance(DelegatingConstructorAccessorImpl.java:45)
	at java.lang.reflect.Constructor.newInstance(Constructor.java:423)
	at org.openqa.selenium.remote.http.W3CHttpResponseCodec.createException(W3CHttpResponseCodec.java:187)
	at org.openqa.selenium.remote.http.W3CHttpResponseCodec.decode(W3CHttpResponseCodec.java:122)
	at org.openqa.selenium.remote.http.W3CHttpResponseCodec.decode(W3CHttpResponseCodec.java:49)
	at org.openqa.selenium.remote.HttpCommandExecutor.execute(HttpCommandExecutor.java:158)
	at io.appium.java_client.remote.AppiumCommandExecutor.execute(AppiumCommandExecutor.java:239)
	at org.openqa.selenium.remote.RemoteWebDriver.execute(RemoteWebDriver.java:552)
	at io.appium.java_client.DefaultGenericMobileDriver.execute(DefaultGenericMobileDriver.java:41)
	at io.appium.java_client.AppiumDriver.execute(AppiumDriver.java:1)
	at io.appium.java_client.android.AndroidDriver.execute(AndroidDriver.java:1)
	at org.openqa.selenium.remote.RemoteWebDriver.findElement(RemoteWebDriver.java:323)
	at io.appium.java_client.DefaultGenericMobileDriver.findElement(DefaultGenericMobileDriver.java:61)
	at io.appium.java_client.AppiumDriver.findElement(AppiumDriver.java:1)
	at io.appium.java_client.android.AndroidDriver.findElement(AndroidDriver.java:1)
	at org.openqa.selenium.remote.RemoteWebDriver.findElementById(RemoteWebDriver.java:372)
	at io.appium.java_client.DefaultGenericMobileDriver.findElementById(DefaultGenericMobileDriver.java:69)
	at io.appium.java_client.AppiumDriver.findElementById(AppiumDriver.java:1)
	at io.appium.java_client.android.AndroidDriver.findElementById(AndroidDriver.java:1)
	at org.openqa.selenium.By$ById.findElement(By.java:188)
	at org.openqa.selenium.remote.RemoteWebDriver.findElement(RemoteWebDriver.java:315)
	at io.appium.java_client.DefaultGenericMobileDriver.findElement(DefaultGenericMobileDriver.java:57)
	at io.appium.java_client.AppiumDriver.findElement(AppiumDriver.java:1)
	at io.appium.java_client.android.AndroidDriver.findElement(AndroidDriver.java:1)
	at demo.pages.HomePage.onHomePage(HomePage.java:14)
	at demo.steps.LoginDef.userIsOnHomePage(LoginDef.java:36)
	at ✽.User is on Home Page(file:///Users/chenr/IdeaProjects/FinalProject_QA/src/test/resources/features/Login/Login.feature:9)
?[0m

    Embedding null [image/png 80969 bytes]


    Scenario Fail


?[31mFailed scenarios:?[0m
?[31mfile:///Users/chenr/IdeaProjects/FinalProject_QA/src/test/resources/features/Login/Login.feature:15?[0m# Login with valid phone number and password
?[31mfile:///Users/chenr/IdeaProjects/FinalProject_QA/src/test/resources/features/Login/Login.feature:19?[0m# Login with valid phone number and password
?[31mfile:///Users/chenr/IdeaProjects/FinalProject_QA/src/test/resources/features/Login/Login.feature:20?[0m# Login with valid phone number and password

9 Scenarios (?[31m3 failed?[0m, ?[32m6 passed?[0m)
45 Steps (?[31m3 failed?[0m, ?[32m42 passed?[0m)
4m49.574s


org.openqa.selenium.NoSuchElementException: An element could not be located on the page using the given search parameters.
For documentation on this error, please visit: https://www.seleniumhq.org/exceptions/no_such_element.html
Build info: version: '3.141.59', revision: 'e82be7d358', time: '2018-11-14T08:17:03'
System info: host: 'dnid0666l01.local', ip: 'fe80:0:0:0:104e:4346:c63d:a4b7%en0', os.name: 'Mac OS X', os.arch: 'x86_64', os.version: '10.15.4', java.version: '1.8.0_251'
Driver info: io.appium.java_client.android.AndroidDriver
Capabilities {app: /Users/chenr/IdeaProjects/F..., appPackage: com.rifqimukhtar.phonepayment, autoGrantPermissions: true, automationName: UiAutomator2, databaseEnabled: false, desired: {app: /Users/chenr/IdeaProjects/F..., autoGrantPermissions: true, automationName: UiAutomator2, deviceName: device, newCommandTimeout: 120, platformName: android, platformVersion: 6.0, udid: emulator-5554}, deviceApiLevel: 23, deviceManufacturer: unknown, deviceModel: Android SDK built for x86, deviceName: emulator-5554, deviceScreenDensity: 240, deviceScreenSize: 480x800, deviceUDID: emulator-5554, javascriptEnabled: true, locationContextEnabled: false, networkConnectionEnabled: true, newCommandTimeout: 120, pixelRatio: 1.5, platform: LINUX, platformName: Android, platformVersion: 6.0, statBarHeight: 36, takesScreenshot: true, udid: emulator-5554, viewportRect: {height: 764, left: 0, top: 36, width: 480}, warnings: {}, webStorageEnabled: false}
Session ID: 02283412-666c-4bfa-b0f0-3b0289894005
*** Element info: {Using=id, value=tvWelcomeUser}
	at sun.reflect.NativeConstructorAccessorImpl.newInstance0(Native Method)
	at sun.reflect.NativeConstructorAccessorImpl.newInstance(NativeConstructorAccessorImpl.java:62)
	at sun.reflect.DelegatingConstructorAccessorImpl.newInstance(DelegatingConstructorAccessorImpl.java:45)
	at java.lang.reflect.Constructor.newInstance(Constructor.java:423)
	at org.openqa.selenium.remote.http.W3CHttpResponseCodec.createException(W3CHttpResponseCodec.java:187)
	at org.openqa.selenium.remote.http.W3CHttpResponseCodec.decode(W3CHttpResponseCodec.java:122)
	at org.openqa.selenium.remote.http.W3CHttpResponseCodec.decode(W3CHttpResponseCodec.java:49)
	at org.openqa.selenium.remote.HttpCommandExecutor.execute(HttpCommandExecutor.java:158)
	at io.appium.java_client.remote.AppiumCommandExecutor.execute(AppiumCommandExecutor.java:239)
	at org.openqa.selenium.remote.RemoteWebDriver.execute(RemoteWebDriver.java:552)
	at io.appium.java_client.DefaultGenericMobileDriver.execute(DefaultGenericMobileDriver.java:41)
	at io.appium.java_client.AppiumDriver.execute(AppiumDriver.java:1)
	at io.appium.java_client.android.AndroidDriver.execute(AndroidDriver.java:1)
	at org.openqa.selenium.remote.RemoteWebDriver.findElement(RemoteWebDriver.java:323)
	at io.appium.java_client.DefaultGenericMobileDriver.findElement(DefaultGenericMobileDriver.java:61)
	at io.appium.java_client.AppiumDriver.findElement(AppiumDriver.java:1)
	at io.appium.java_client.android.AndroidDriver.findElement(AndroidDriver.java:1)
	at org.openqa.selenium.remote.RemoteWebDriver.findElementById(RemoteWebDriver.java:372)
	at io.appium.java_client.DefaultGenericMobileDriver.findElementById(DefaultGenericMobileDriver.java:69)
	at io.appium.java_client.AppiumDriver.findElementById(AppiumDriver.java:1)
	at io.appium.java_client.android.AndroidDriver.findElementById(AndroidDriver.java:1)
	at org.openqa.selenium.By$ById.findElement(By.java:188)
	at org.openqa.selenium.remote.RemoteWebDriver.findElement(RemoteWebDriver.java:315)
	at io.appium.java_client.DefaultGenericMobileDriver.findElement(DefaultGenericMobileDriver.java:57)
	at io.appium.java_client.AppiumDriver.findElement(AppiumDriver.java:1)
	at io.appium.java_client.android.AndroidDriver.findElement(AndroidDriver.java:1)
	at demo.pages.HomePage.onHomePage(HomePage.java:14)
	at demo.steps.LoginDef.userIsOnHomePage(LoginDef.java:36)
	at ✽.User is on Home Page(file:///Users/chenr/IdeaProjects/FinalProject_QA/src/test/resources/features/Login/Login.feature:9)

org.openqa.selenium.NoSuchElementException: An element could not be located on the page using the given search parameters.
For documentation on this error, please visit: https://www.seleniumhq.org/exceptions/no_such_element.html
Build info: version: '3.141.59', revision: 'e82be7d358', time: '2018-11-14T08:17:03'
System info: host: 'dnid0666l01.local', ip: 'fe80:0:0:0:104e:4346:c63d:a4b7%en0', os.name: 'Mac OS X', os.arch: 'x86_64', os.version: '10.15.4', java.version: '1.8.0_251'
Driver info: io.appium.java_client.android.AndroidDriver
Capabilities {app: /Users/chenr/IdeaProjects/F..., appPackage: com.rifqimukhtar.phonepayment, autoGrantPermissions: true, automationName: UiAutomator2, databaseEnabled: false, desired: {app: /Users/chenr/IdeaProjects/F..., autoGrantPermissions: true, automationName: UiAutomator2, deviceName: device, newCommandTimeout: 120, platformName: android, platformVersion: 6.0, udid: emulator-5554}, deviceApiLevel: 23, deviceManufacturer: unknown, deviceModel: Android SDK built for x86, deviceName: emulator-5554, deviceScreenDensity: 240, deviceScreenSize: 480x800, deviceUDID: emulator-5554, javascriptEnabled: true, locationContextEnabled: false, networkConnectionEnabled: true, newCommandTimeout: 120, pixelRatio: 1.5, platform: LINUX, platformName: Android, platformVersion: 6.0, statBarHeight: 36, takesScreenshot: true, udid: emulator-5554, viewportRect: {height: 764, left: 0, top: 36, width: 480}, warnings: {}, webStorageEnabled: false}
Session ID: 10a5836c-f1c8-43a2-8716-d706813fb90a
*** Element info: {Using=id, value=tvWelcomeUser}
	at sun.reflect.NativeConstructorAccessorImpl.newInstance0(Native Method)
	at sun.reflect.NativeConstructorAccessorImpl.newInstance(NativeConstructorAccessorImpl.java:62)
	at sun.reflect.DelegatingConstructorAccessorImpl.newInstance(DelegatingConstructorAccessorImpl.java:45)
	at java.lang.reflect.Constructor.newInstance(Constructor.java:423)
	at org.openqa.selenium.remote.http.W3CHttpResponseCodec.createException(W3CHttpResponseCodec.java:187)
	at org.openqa.selenium.remote.http.W3CHttpResponseCodec.decode(W3CHttpResponseCodec.java:122)
	at org.openqa.selenium.remote.http.W3CHttpResponseCodec.decode(W3CHttpResponseCodec.java:49)
	at org.openqa.selenium.remote.HttpCommandExecutor.execute(HttpCommandExecutor.java:158)
	at io.appium.java_client.remote.AppiumCommandExecutor.execute(AppiumCommandExecutor.java:239)
	at org.openqa.selenium.remote.RemoteWebDriver.execute(RemoteWebDriver.java:552)
	at io.appium.java_client.DefaultGenericMobileDriver.execute(DefaultGenericMobileDriver.java:41)
	at io.appium.java_client.AppiumDriver.execute(AppiumDriver.java:1)
	at io.appium.java_client.android.AndroidDriver.execute(AndroidDriver.java:1)
	at org.openqa.selenium.remote.RemoteWebDriver.findElement(RemoteWebDriver.java:323)
	at io.appium.java_client.DefaultGenericMobileDriver.findElement(DefaultGenericMobileDriver.java:61)
	at io.appium.java_client.AppiumDriver.findElement(AppiumDriver.java:1)
	at io.appium.java_client.android.AndroidDriver.findElement(AndroidDriver.java:1)
	at org.openqa.selenium.remote.RemoteWebDriver.findElementById(RemoteWebDriver.java:372)
	at io.appium.java_client.DefaultGenericMobileDriver.findElementById(DefaultGenericMobileDriver.java:69)
	at io.appium.java_client.AppiumDriver.findElementById(AppiumDriver.java:1)
	at io.appium.java_client.android.AndroidDriver.findElementById(AndroidDriver.java:1)
	at org.openqa.selenium.By$ById.findElement(By.java:188)
	at org.openqa.selenium.remote.RemoteWebDriver.findElement(RemoteWebDriver.java:315)
	at io.appium.java_client.DefaultGenericMobileDriver.findElement(DefaultGenericMobileDriver.java:57)
	at io.appium.java_client.AppiumDriver.findElement(AppiumDriver.java:1)
	at io.appium.java_client.android.AndroidDriver.findElement(AndroidDriver.java:1)
	at demo.pages.HomePage.onHomePage(HomePage.java:14)
	at demo.steps.LoginDef.userIsOnHomePage(LoginDef.java:36)
	at ✽.User is on Home Page(file:///Users/chenr/IdeaProjects/FinalProject_QA/src/test/resources/features/Login/Login.feature:9)

org.openqa.selenium.NoSuchElementException: An element could not be located on the page using the given search parameters.
For documentation on this error, please visit: https://www.seleniumhq.org/exceptions/no_such_element.html
Build info: version: '3.141.59', revision: 'e82be7d358', time: '2018-11-14T08:17:03'
System info: host: 'dnid0666l01.local', ip: 'fe80:0:0:0:104e:4346:c63d:a4b7%en0', os.name: 'Mac OS X', os.arch: 'x86_64', os.version: '10.15.4', java.version: '1.8.0_251'
Driver info: io.appium.java_client.android.AndroidDriver
Capabilities {app: /Users/chenr/IdeaProjects/F..., appPackage: com.rifqimukhtar.phonepayment, autoGrantPermissions: true, automationName: UiAutomator2, databaseEnabled: false, desired: {app: /Users/chenr/IdeaProjects/F..., autoGrantPermissions: true, automationName: UiAutomator2, deviceName: device, newCommandTimeout: 120, platformName: android, platformVersion: 6.0, udid: emulator-5554}, deviceApiLevel: 23, deviceManufacturer: unknown, deviceModel: Android SDK built for x86, deviceName: emulator-5554, deviceScreenDensity: 240, deviceScreenSize: 480x800, deviceUDID: emulator-5554, javascriptEnabled: true, locationContextEnabled: false, networkConnectionEnabled: true, newCommandTimeout: 120, pixelRatio: 1.5, platform: LINUX, platformName: Android, platformVersion: 6.0, statBarHeight: 36, takesScreenshot: true, udid: emulator-5554, viewportRect: {height: 764, left: 0, top: 36, width: 480}, warnings: {}, webStorageEnabled: false}
Session ID: 18c71820-0223-44ed-b8be-5860c10cb06c
*** Element info: {Using=id, value=tvWelcomeUser}
	at sun.reflect.NativeConstructorAccessorImpl.newInstance0(Native Method)
	at sun.reflect.NativeConstructorAccessorImpl.newInstance(NativeConstructorAccessorImpl.java:62)
	at sun.reflect.DelegatingConstructorAccessorImpl.newInstance(DelegatingConstructorAccessorImpl.java:45)
	at java.lang.reflect.Constructor.newInstance(Constructor.java:423)
	at org.openqa.selenium.remote.http.W3CHttpResponseCodec.createException(W3CHttpResponseCodec.java:187)
	at org.openqa.selenium.remote.http.W3CHttpResponseCodec.decode(W3CHttpResponseCodec.java:122)
	at org.openqa.selenium.remote.http.W3CHttpResponseCodec.decode(W3CHttpResponseCodec.java:49)
	at org.openqa.selenium.remote.HttpCommandExecutor.execute(HttpCommandExecutor.java:158)
	at io.appium.java_client.remote.AppiumCommandExecutor.execute(AppiumCommandExecutor.java:239)
	at org.openqa.selenium.remote.RemoteWebDriver.execute(RemoteWebDriver.java:552)
	at io.appium.java_client.DefaultGenericMobileDriver.execute(DefaultGenericMobileDriver.java:41)
	at io.appium.java_client.AppiumDriver.execute(AppiumDriver.java:1)
	at io.appium.java_client.android.AndroidDriver.execute(AndroidDriver.java:1)
	at org.openqa.selenium.remote.RemoteWebDriver.findElement(RemoteWebDriver.java:323)
	at io.appium.java_client.DefaultGenericMobileDriver.findElement(DefaultGenericMobileDriver.java:61)
	at io.appium.java_client.AppiumDriver.findElement(AppiumDriver.java:1)
	at io.appium.java_client.android.AndroidDriver.findElement(AndroidDriver.java:1)
	at org.openqa.selenium.remote.RemoteWebDriver.findElementById(RemoteWebDriver.java:372)
	at io.appium.java_client.DefaultGenericMobileDriver.findElementById(DefaultGenericMobileDriver.java:69)
	at io.appium.java_client.AppiumDriver.findElementById(AppiumDriver.java:1)
	at io.appium.java_client.android.AndroidDriver.findElementById(AndroidDriver.java:1)
	at org.openqa.selenium.By$ById.findElement(By.java:188)
	at org.openqa.selenium.remote.RemoteWebDriver.findElement(RemoteWebDriver.java:315)
	at io.appium.java_client.DefaultGenericMobileDriver.findElement(DefaultGenericMobileDriver.java:57)
	at io.appium.java_client.AppiumDriver.findElement(AppiumDriver.java:1)
	at io.appium.java_client.android.AndroidDriver.findElement(AndroidDriver.java:1)
	at demo.pages.HomePage.onHomePage(HomePage.java:14)
	at demo.steps.LoginDef.userIsOnHomePage(LoginDef.java:36)
	at ✽.User is on Home Page(file:///Users/chenr/IdeaProjects/FinalProject_QA/src/test/resources/features/Login/Login.feature:9)


]]></system-out>
  <system-err><![CDATA[May 16, 2020 6:49:05 PM io.cucumber.junit.Cucumber <init>
WARNING: By default Cucumber is running in --non-strict mode.
This default will change to --strict and --non-strict will be removed.
You can use --strict or @CucumberOptions(strict = true) to suppress this warning
]]></system-err>
</testsuite>
