<!DOCTYPE html>
<html>
<head>
<meta http-equiv="Content-Type" content="text/html; charset=utf-8"/>
<meta http-equiv="x-ua-compatible" content="IE=edge"/>
<title>Test results - Class demo.CucumberRunner</title>
<link href="../css/base-style.css" rel="stylesheet" type="text/css"/>
<link href="../css/style.css" rel="stylesheet" type="text/css"/>
<script src="../js/report.js" type="text/javascript"></script>
</head>
<body>
<div id="content">
<h1>Class demo.CucumberRunner</h1>
<div class="breadcrumbs">
<a href="../index.html">all</a> &gt; 
<a href="../packages/demo.html">demo</a> &gt; CucumberRunner</div>
<div id="summary">
<table>
<tr>
<td>
<div class="summaryGroup">
<table>
<tr>
<td>
<div class="infoBox" id="tests">
<div class="counter">0</div>
<p>tests</p>
</div>
</td>
<td>
<div class="infoBox" id="failures">
<div class="counter">0</div>
<p>failures</p>
</div>
</td>
<td>
<div class="infoBox" id="ignored">
<div class="counter">0</div>
<p>ignored</p>
</div>
</td>
<td>
<div class="infoBox" id="duration">
<div class="counter">-</div>
<p>duration</p>
</div>
</td>
</tr>
</table>
</div>
</td>
<td>
<div class="infoBox success" id="successRate">
<div class="percent">-</div>
<p>successful</p>
</div>
</td>
</tr>
</table>
</div>
<div id="tabs">
<ul class="tabLinks">
<li>
<a href="#tab0">Tests</a>
</li>
<li>
<a href="#tab1">Standard output</a>
</li>
<li>
<a href="#tab2">Standard error</a>
</li>
</ul>
<div id="tab0" class="tab">
<h2>Tests</h2>
<table>
<thead>
<tr>
<th>Test</th>
<th>Duration</th>
<th>Result</th>
</tr>
</thead>
</table>
</div>
<div id="tab1" class="tab">
<h2>Standard output</h2>
<span class="code">
<pre>  ?[32mGiven ?[0m?[32mUser is on app login page?[0m                            ?[90m# demo.steps.LoginDef.userIsOnAppLoginPage()?[0m
  ?[32mWhen ?[0m?[32mUser input ?[0m?[32m?[1m&quot;811123456&quot;?[0m?[32m in phone number field?[0m          ?[90m# demo.steps.LoginDef.userInputInPhoneNumberField(java.lang.String)?[0m
  ?[32mAnd ?[0m?[32mUser input ?[0m?[32m?[1m&quot;Pass@123&quot;?[0m?[32m in password text field?[0m           ?[90m# demo.steps.LoginDef.userInputInPasswordTextField(java.lang.String)?[0m
  ?[32mAnd ?[0m?[32mUser click login button?[0m                                ?[90m# demo.steps.LoginDef.userClickSignInButton()?[0m
  ?[32mThen ?[0m?[32mUser is on Home Page?[0m                                  ?[90m# demo.steps.LoginDef.userIsOnHomePage()?[0m
  ?[32mGiven ?[0m?[32mUser is on app login page?[0m                            ?[90m# demo.steps.LoginDef.userIsOnAppLoginPage()?[0m
  ?[32mWhen ?[0m?[32mUser input ?[0m?[32m?[1m&quot;811654321&quot;?[0m?[32m in phone number field?[0m          ?[90m# demo.steps.LoginDef.userInputInPhoneNumberField(java.lang.String)?[0m
  ?[32mAnd ?[0m?[32mUser input ?[0m?[32m?[1m&quot;Password123456!&quot;?[0m?[32m in password text field?[0m    ?[90m# demo.steps.LoginDef.userInputInPasswordTextField(java.lang.String)?[0m
  ?[32mAnd ?[0m?[32mUser click login button?[0m                                ?[90m# demo.steps.LoginDef.userClickSignInButton()?[0m
  ?[32mThen ?[0m?[32mUser is on Home Page?[0m                                  ?[90m# demo.steps.LoginDef.userIsOnHomePage()?[0m
  ?[32mGiven ?[0m?[32mUser is on app login page?[0m                              ?[90m# demo.steps.LoginDef.userIsOnAppLoginPage()?[0m
  ?[32mWhen ?[0m?[32mUser input ?[0m?[32m?[1m&quot;811243546&quot;?[0m?[32m in phone number field?[0m            ?[90m# demo.steps.LoginDef.userInputInPhoneNumberField(java.lang.String)?[0m
  ?[32mAnd ?[0m?[32mUser input ?[0m?[32m?[1m&quot;LoginPassword#123456&quot;?[0m?[32m in password text field?[0m ?[90m# demo.steps.LoginDef.userInputInPasswordTextField(java.lang.String)?[0m
  ?[32mAnd ?[0m?[32mUser click login button?[0m                                  ?[90m# demo.steps.LoginDef.userClickSignInButton()?[0m
  ?[32mThen ?[0m?[32mUser is on Home Page?[0m                                    ?[90m# demo.steps.LoginDef.userIsOnHomePage()?[0m
  ?[32mGiven ?[0m?[32mUser is on app login page?[0m                            ?[90m# demo.steps.LoginDef.userIsOnAppLoginPage()?[0m
  ?[32mWhen ?[0m?[32mUser input ?[0m?[32m?[1m&quot;81812345678&quot;?[0m?[32m in phone number field?[0m        ?[90m# demo.steps.LoginDef.userInputInPhoneNumberField(java.lang.String)?[0m
  ?[32mAnd ?[0m?[32mUser input ?[0m?[32m?[1m&quot;Pass.123&quot;?[0m?[32m in password text field?[0m           ?[90m# demo.steps.LoginDef.userInputInPasswordTextField(java.lang.String)?[0m
  ?[32mAnd ?[0m?[32mUser click login button?[0m                                ?[90m# demo.steps.LoginDef.userClickSignInButton()?[0m
  ?[31mThen ?[0m?[31mUser is on Home Page?[0m                                  ?[90m# demo.steps.LoginDef.userIsOnHomePage()?[0m
      ?[31morg.openqa.selenium.NoSuchElementException: An element could not be located on the page using the given search parameters.
For documentation on this error, please visit: https://www.seleniumhq.org/exceptions/no_such_element.html
Build info: version: '3.141.59', revision: 'e82be7d358', time: '2018-11-14T08:17:03'
System info: host: 'dnid0666l01.local', ip: 'fe80:0:0:0:104e:4346:c63d:a4b7%en0', os.name: 'Mac OS X', os.arch: 'x86_64', os.version: '10.15.4', java.version: '1.8.0_251'
Driver info: io.appium.java_client.android.AndroidDriver
Capabilities {app: /Users/chenr/IdeaProjects/F..., appPackage: com.rifqimukhtar.phonepayment, autoGrantPermissions: true, automationName: UiAutomator2, databaseEnabled: false, desired: {app: /Users/chenr/IdeaProjects/F..., autoGrantPermissions: true, automationName: UiAutomator2, deviceName: device, newCommandTimeout: 120, platformName: android, platformVersion: 6.0, udid: emulator-5554}, deviceApiLevel: 23, deviceManufacturer: unknown, deviceModel: Android SDK built for x86, deviceName: emulator-5554, deviceScreenDensity: 240, deviceScreenSize: 480x800, deviceUDID: emulator-5554, javascriptEnabled: true, locationContextEnabled: false, networkConnectionEnabled: true, newCommandTimeout: 120, pixelRatio: 1.5, platform: LINUX, platformName: Android, platformVersion: 6.0, statBarHeight: 36, takesScreenshot: true, udid: emulator-5554, viewportRect: {height: 764, left: 0, top: 36, width: 480}, warnings: {}, webStorageEnabled: false}
Session ID: 02283412-666c-4bfa-b0f0-3b0289894005
*** Element info: {Using=id, value=tvWelcomeUser}
	at sun.reflect.NativeConstructorAccessorImpl.newInstance0(Native Method)
	at sun.reflect.NativeConstructorAccessorImpl.newInstance(NativeConstructorAccessorImpl.java:62)
	at sun.reflect.DelegatingConstructorAccessorImpl.newInstance(DelegatingConstructorAccessorImpl.java:45)
	at java.lang.reflect.Constructor.newInstance(Constructor.java:423)
	at org.openqa.selenium.remote.http.W3CHttpResponseCodec.createException(W3CHttpResponseCodec.java:187)
	at org.openqa.selenium.remote.http.W3CHttpResponseCodec.decode(W3CHttpResponseCodec.java:122)
	at org.openqa.selenium.remote.http.W3CHttpResponseCodec.decode(W3CHttpResponseCodec.java:49)
	at org.openqa.selenium.remote.HttpCommandExecutor.execute(HttpCommandExecutor.java:158)
	at io.appium.java_client.remote.AppiumCommandExecutor.execute(AppiumCommandExecutor.java:239)
	at org.openqa.selenium.remote.RemoteWebDriver.execute(RemoteWebDriver.java:552)
	at io.appium.java_client.DefaultGenericMobileDriver.execute(DefaultGenericMobileDriver.java:41)
	at io.appium.java_client.AppiumDriver.execute(AppiumDriver.java:1)
	at io.appium.java_client.android.AndroidDriver.execute(AndroidDriver.java:1)
	at org.openqa.selenium.remote.RemoteWebDriver.findElement(RemoteWebDriver.java:323)
	at io.appium.java_client.DefaultGenericMobileDriver.findElement(DefaultGenericMobileDriver.java:61)
	at io.appium.java_client.AppiumDriver.findElement(AppiumDriver.java:1)
	at io.appium.java_client.android.AndroidDriver.findElement(AndroidDriver.java:1)
	at org.openqa.selenium.remote.RemoteWebDriver.findElementById(RemoteWebDriver.java:372)
	at io.appium.java_client.DefaultGenericMobileDriver.findElementById(DefaultGenericMobileDriver.java:69)
	at io.appium.java_client.AppiumDriver.findElementById(AppiumDriver.java:1)
	at io.appium.java_client.android.AndroidDriver.findElementById(AndroidDriver.java:1)
	at org.openqa.selenium.By$ById.findElement(By.java:188)
	at org.openqa.selenium.remote.RemoteWebDriver.findElement(RemoteWebDriver.java:315)
	at io.appium.java_client.DefaultGenericMobileDriver.findElement(DefaultGenericMobileDriver.java:57)
	at io.appium.java_client.AppiumDriver.findElement(AppiumDriver.java:1)
	at io.appium.java_client.android.AndroidDriver.findElement(AndroidDriver.java:1)
	at demo.pages.HomePage.onHomePage(HomePage.java:14)
	at demo.steps.LoginDef.userIsOnHomePage(LoginDef.java:36)
	at ✽.User is on Home Page(file:///Users/chenr/IdeaProjects/FinalProject_QA/src/test/resources/features/Login/Login.feature:9)
?[0m

    Embedding null [image/png 80130 bytes]


    Scenario Fail

  ?[32mGiven ?[0m?[32mUser is on app login page?[0m                            ?[90m# demo.steps.LoginDef.userIsOnAppLoginPage()?[0m
  ?[32mWhen ?[0m?[32mUser input ?[0m?[32m?[1m&quot;81912348765&quot;?[0m?[32m in phone number field?[0m        ?[90m# demo.steps.LoginDef.userInputInPhoneNumberField(java.lang.String)?[0m
  ?[32mAnd ?[0m?[32mUser input ?[0m?[32m?[1m&quot;Password$123456&quot;?[0m?[32m in password text field?[0m    ?[90m# demo.steps.LoginDef.userInputInPasswordTextField(java.lang.String)?[0m
  ?[32mAnd ?[0m?[32mUser click login button?[0m                                ?[90m# demo.steps.LoginDef.userClickSignInButton()?[0m
  ?[32mThen ?[0m?[32mUser is on Home Page?[0m                                  ?[90m# demo.steps.LoginDef.userIsOnHomePage()?[0m
  ?[32mGiven ?[0m?[32mUser is on app login page?[0m                              ?[90m# demo.steps.LoginDef.userIsOnAppLoginPage()?[0m
  ?[32mWhen ?[0m?[32mUser input ?[0m?[32m?[1m&quot;87813245768&quot;?[0m?[32m in phone number field?[0m          ?[90m# demo.steps.LoginDef.userInputInPhoneNumberField(java.lang.String)?[0m
  ?[32mAnd ?[0m?[32mUser input ?[0m?[32m?[1m&quot;Log1nP4ssword!234567&quot;?[0m?[32m in password text field?[0m ?[90m# demo.steps.LoginDef.userInputInPasswordTextField(java.lang.String)?[0m
  ?[32mAnd ?[0m?[32mUser click login button?[0m                                  ?[90m# demo.steps.LoginDef.userClickSignInButton()?[0m
  ?[32mThen ?[0m?[32mUser is on Home Page?[0m                                    ?[90m# demo.steps.LoginDef.userIsOnHomePage()?[0m
  ?[32mGiven ?[0m?[32mUser is on app login page?[0m                            ?[90m# demo.steps.LoginDef.userIsOnAppLoginPage()?[0m
  ?[32mWhen ?[0m?[32mUser input ?[0m?[32m?[1m&quot;895123456789&quot;?[0m?[32m in phone number field?[0m       ?[90m# demo.steps.LoginDef.userInputInPhoneNumberField(java.lang.String)?[0m
  ?[32mAnd ?[0m?[32mUser input ?[0m?[32m?[1m&quot;Pass123%&quot;?[0m?[32m in password text field?[0m           ?[90m# demo.steps.LoginDef.userInputInPasswordTextField(java.lang.String)?[0m
  ?[32mAnd ?[0m?[32mUser click login button?[0m                                ?[90m# demo.steps.LoginDef.userClickSignInButton()?[0m
  ?[32mThen ?[0m?[32mUser is on Home Page?[0m                                  ?[90m# demo.steps.LoginDef.userIsOnHomePage()?[0m
  ?[32mGiven ?[0m?[32mUser is on app login page?[0m                            ?[90m# demo.steps.LoginDef.userIsOnAppLoginPage()?[0m
  ?[32mWhen ?[0m?[32mUser input ?[0m?[32m?[1m&quot;896987654321&quot;?[0m?[32m in phone number field?[0m       ?[90m# demo.steps.LoginDef.userInputInPhoneNumberField(java.lang.String)?[0m
  ?[32mAnd ?[0m?[32mUser input ?[0m?[32m?[1m&quot;p4ssWord.132435&quot;?[0m?[32m in password text field?[0m    ?[90m# demo.steps.LoginDef.userInputInPasswordTextField(java.lang.String)?[0m
  ?[32mAnd ?[0m?[32mUser click login button?[0m                                ?[90m# demo.steps.LoginDef.userClickSignInButton()?[0m
  ?[31mThen ?[0m?[31mUser is on Home Page?[0m                                  ?[90m# demo.steps.LoginDef.userIsOnHomePage()?[0m
      ?[31morg.openqa.selenium.NoSuchElementException: An element could not be located on the page using the given search parameters.
For documentation on this error, please visit: https://www.seleniumhq.org/exceptions/no_such_element.html
Build info: version: '3.141.59', revision: 'e82be7d358', time: '2018-11-14T08:17:03'
System info: host: 'dnid0666l01.local', ip: 'fe80:0:0:0:104e:4346:c63d:a4b7%en0', os.name: 'Mac OS X', os.arch: 'x86_64', os.version: '10.15.4', java.version: '1.8.0_251'
Driver info: io.appium.java_client.android.AndroidDriver
Capabilities {app: /Users/chenr/IdeaProjects/F..., appPackage: com.rifqimukhtar.phonepayment, autoGrantPermissions: true, automationName: UiAutomator2, databaseEnabled: false, desired: {app: /Users/chenr/IdeaProjects/F..., autoGrantPermissions: true, automationName: UiAutomator2, deviceName: device, newCommandTimeout: 120, platformName: android, platformVersion: 6.0, udid: emulator-5554}, deviceApiLevel: 23, deviceManufacturer: unknown, deviceModel: Android SDK built for x86, deviceName: emulator-5554, deviceScreenDensity: 240, deviceScreenSize: 480x800, deviceUDID: emulator-5554, javascriptEnabled: true, locationContextEnabled: false, networkConnectionEnabled: true, newCommandTimeout: 120, pixelRatio: 1.5, platform: LINUX, platformName: Android, platformVersion: 6.0, statBarHeight: 36, takesScreenshot: true, udid: emulator-5554, viewportRect: {height: 764, left: 0, top: 36, width: 480}, warnings: {}, webStorageEnabled: false}
Session ID: 10a5836c-f1c8-43a2-8716-d706813fb90a
*** Element info: {Using=id, value=tvWelcomeUser}
	at sun.reflect.NativeConstructorAccessorImpl.newInstance0(Native Method)
	at sun.reflect.NativeConstructorAccessorImpl.newInstance(NativeConstructorAccessorImpl.java:62)
	at sun.reflect.DelegatingConstructorAccessorImpl.newInstance(DelegatingConstructorAccessorImpl.java:45)
	at java.lang.reflect.Constructor.newInstance(Constructor.java:423)
	at org.openqa.selenium.remote.http.W3CHttpResponseCodec.createException(W3CHttpResponseCodec.java:187)
	at org.openqa.selenium.remote.http.W3CHttpResponseCodec.decode(W3CHttpResponseCodec.java:122)
	at org.openqa.selenium.remote.http.W3CHttpResponseCodec.decode(W3CHttpResponseCodec.java:49)
	at org.openqa.selenium.remote.HttpCommandExecutor.execute(HttpCommandExecutor.java:158)
	at io.appium.java_client.remote.AppiumCommandExecutor.execute(AppiumCommandExecutor.java:239)
	at org.openqa.selenium.remote.RemoteWebDriver.execute(RemoteWebDriver.java:552)
	at io.appium.java_client.DefaultGenericMobileDriver.execute(DefaultGenericMobileDriver.java:41)
	at io.appium.java_client.AppiumDriver.execute(AppiumDriver.java:1)
	at io.appium.java_client.android.AndroidDriver.execute(AndroidDriver.java:1)
	at org.openqa.selenium.remote.RemoteWebDriver.findElement(RemoteWebDriver.java:323)
	at io.appium.java_client.DefaultGenericMobileDriver.findElement(DefaultGenericMobileDriver.java:61)
	at io.appium.java_client.AppiumDriver.findElement(AppiumDriver.java:1)
	at io.appium.java_client.android.AndroidDriver.findElement(AndroidDriver.java:1)
	at org.openqa.selenium.remote.RemoteWebDriver.findElementById(RemoteWebDriver.java:372)
	at io.appium.java_client.DefaultGenericMobileDriver.findElementById(DefaultGenericMobileDriver.java:69)
	at io.appium.java_client.AppiumDriver.findElementById(AppiumDriver.java:1)
	at io.appium.java_client.android.AndroidDriver.findElementById(AndroidDriver.java:1)
	at org.openqa.selenium.By$ById.findElement(By.java:188)
	at org.openqa.selenium.remote.RemoteWebDriver.findElement(RemoteWebDriver.java:315)
	at io.appium.java_client.DefaultGenericMobileDriver.findElement(DefaultGenericMobileDriver.java:57)
	at io.appium.java_client.AppiumDriver.findElement(AppiumDriver.java:1)
	at io.appium.java_client.android.AndroidDriver.findElement(AndroidDriver.java:1)
	at demo.pages.HomePage.onHomePage(HomePage.java:14)
	at demo.steps.LoginDef.userIsOnHomePage(LoginDef.java:36)
	at ✽.User is on Home Page(file:///Users/chenr/IdeaProjects/FinalProject_QA/src/test/resources/features/Login/Login.feature:9)
?[0m

    Embedding null [image/png 81032 bytes]


    Scenario Fail

  ?[32mGiven ?[0m?[32mUser is on app login page?[0m                              ?[90m# demo.steps.LoginDef.userIsOnAppLoginPage()?[0m
  ?[32mWhen ?[0m?[32mUser input ?[0m?[32m?[1m&quot;898918273645&quot;?[0m?[32m in phone number field?[0m         ?[90m# demo.steps.LoginDef.userInputInPhoneNumberField(java.lang.String)?[0m
  ?[32mAnd ?[0m?[32mUser input ?[0m?[32m?[1m&quot;logiNpassworD123456,&quot;?[0m?[32m in password text field?[0m ?[90m# demo.steps.LoginDef.userInputInPasswordTextField(java.lang.String)?[0m
  ?[32mAnd ?[0m?[32mUser click login button?[0m                                  ?[90m# demo.steps.LoginDef.userClickSignInButton()?[0m
  ?[31mThen ?[0m?[31mUser is on Home Page?[0m                                    ?[90m# demo.steps.LoginDef.userIsOnHomePage()?[0m
      ?[31morg.openqa.selenium.NoSuchElementException: An element could not be located on the page using the given search parameters.
For documentation on this error, please visit: https://www.seleniumhq.org/exceptions/no_such_element.html
Build info: version: '3.141.59', revision: 'e82be7d358', time: '2018-11-14T08:17:03'
System info: host: 'dnid0666l01.local', ip: 'fe80:0:0:0:104e:4346:c63d:a4b7%en0', os.name: 'Mac OS X', os.arch: 'x86_64', os.version: '10.15.4', java.version: '1.8.0_251'
Driver info: io.appium.java_client.android.AndroidDriver
Capabilities {app: /Users/chenr/IdeaProjects/F..., appPackage: com.rifqimukhtar.phonepayment, autoGrantPermissions: true, automationName: UiAutomator2, databaseEnabled: false, desired: {app: /Users/chenr/IdeaProjects/F..., autoGrantPermissions: true, automationName: UiAutomator2, deviceName: device, newCommandTimeout: 120, platformName: android, platformVersion: 6.0, udid: emulator-5554}, deviceApiLevel: 23, deviceManufacturer: unknown, deviceModel: Android SDK built for x86, deviceName: emulator-5554, deviceScreenDensity: 240, deviceScreenSize: 480x800, deviceUDID: emulator-5554, javascriptEnabled: true, locationContextEnabled: false, networkConnectionEnabled: true, newCommandTimeout: 120, pixelRatio: 1.5, platform: LINUX, platformName: Android, platformVersion: 6.0, statBarHeight: 36, takesScreenshot: true, udid: emulator-5554, viewportRect: {height: 764, left: 0, top: 36, width: 480}, warnings: {}, webStorageEnabled: false}
Session ID: 18c71820-0223-44ed-b8be-5860c10cb06c
*** Element info: {Using=id, value=tvWelcomeUser}
	at sun.reflect.NativeConstructorAccessorImpl.newInstance0(Native Method)
	at sun.reflect.NativeConstructorAccessorImpl.newInstance(NativeConstructorAccessorImpl.java:62)
	at sun.reflect.DelegatingConstructorAccessorImpl.newInstance(DelegatingConstructorAccessorImpl.java:45)
	at java.lang.reflect.Constructor.newInstance(Constructor.java:423)
	at org.openqa.selenium.remote.http.W3CHttpResponseCodec.createException(W3CHttpResponseCodec.java:187)
	at org.openqa.selenium.remote.http.W3CHttpResponseCodec.decode(W3CHttpResponseCodec.java:122)
	at org.openqa.selenium.remote.http.W3CHttpResponseCodec.decode(W3CHttpResponseCodec.java:49)
	at org.openqa.selenium.remote.HttpCommandExecutor.execute(HttpCommandExecutor.java:158)
	at io.appium.java_client.remote.AppiumCommandExecutor.execute(AppiumCommandExecutor.java:239)
	at org.openqa.selenium.remote.RemoteWebDriver.execute(RemoteWebDriver.java:552)
	at io.appium.java_client.DefaultGenericMobileDriver.execute(DefaultGenericMobileDriver.java:41)
	at io.appium.java_client.AppiumDriver.execute(AppiumDriver.java:1)
	at io.appium.java_client.android.AndroidDriver.execute(AndroidDriver.java:1)
	at org.openqa.selenium.remote.RemoteWebDriver.findElement(RemoteWebDriver.java:323)
	at io.appium.java_client.DefaultGenericMobileDriver.findElement(DefaultGenericMobileDriver.java:61)
	at io.appium.java_client.AppiumDriver.findElement(AppiumDriver.java:1)
	at io.appium.java_client.android.AndroidDriver.findElement(AndroidDriver.java:1)
	at org.openqa.selenium.remote.RemoteWebDriver.findElementById(RemoteWebDriver.java:372)
	at io.appium.java_client.DefaultGenericMobileDriver.findElementById(DefaultGenericMobileDriver.java:69)
	at io.appium.java_client.AppiumDriver.findElementById(AppiumDriver.java:1)
	at io.appium.java_client.android.AndroidDriver.findElementById(AndroidDriver.java:1)
	at org.openqa.selenium.By$ById.findElement(By.java:188)
	at org.openqa.selenium.remote.RemoteWebDriver.findElement(RemoteWebDriver.java:315)
	at io.appium.java_client.DefaultGenericMobileDriver.findElement(DefaultGenericMobileDriver.java:57)
	at io.appium.java_client.AppiumDriver.findElement(AppiumDriver.java:1)
	at io.appium.java_client.android.AndroidDriver.findElement(AndroidDriver.java:1)
	at demo.pages.HomePage.onHomePage(HomePage.java:14)
	at demo.steps.LoginDef.userIsOnHomePage(LoginDef.java:36)
	at ✽.User is on Home Page(file:///Users/chenr/IdeaProjects/FinalProject_QA/src/test/resources/features/Login/Login.feature:9)
?[0m

    Embedding null [image/png 80969 bytes]


    Scenario Fail


?[31mFailed scenarios:?[0m
?[31mfile:///Users/chenr/IdeaProjects/FinalProject_QA/src/test/resources/features/Login/Login.feature:15?[0m# Login with valid phone number and password
?[31mfile:///Users/chenr/IdeaProjects/FinalProject_QA/src/test/resources/features/Login/Login.feature:19?[0m# Login with valid phone number and password
?[31mfile:///Users/chenr/IdeaProjects/FinalProject_QA/src/test/resources/features/Login/Login.feature:20?[0m# Login with valid phone number and password

9 Scenarios (?[31m3 failed?[0m, ?[32m6 passed?[0m)
45 Steps (?[31m3 failed?[0m, ?[32m42 passed?[0m)
4m49.574s


org.openqa.selenium.NoSuchElementException: An element could not be located on the page using the given search parameters.
For documentation on this error, please visit: https://www.seleniumhq.org/exceptions/no_such_element.html
Build info: version: '3.141.59', revision: 'e82be7d358', time: '2018-11-14T08:17:03'
System info: host: 'dnid0666l01.local', ip: 'fe80:0:0:0:104e:4346:c63d:a4b7%en0', os.name: 'Mac OS X', os.arch: 'x86_64', os.version: '10.15.4', java.version: '1.8.0_251'
Driver info: io.appium.java_client.android.AndroidDriver
Capabilities {app: /Users/chenr/IdeaProjects/F..., appPackage: com.rifqimukhtar.phonepayment, autoGrantPermissions: true, automationName: UiAutomator2, databaseEnabled: false, desired: {app: /Users/chenr/IdeaProjects/F..., autoGrantPermissions: true, automationName: UiAutomator2, deviceName: device, newCommandTimeout: 120, platformName: android, platformVersion: 6.0, udid: emulator-5554}, deviceApiLevel: 23, deviceManufacturer: unknown, deviceModel: Android SDK built for x86, deviceName: emulator-5554, deviceScreenDensity: 240, deviceScreenSize: 480x800, deviceUDID: emulator-5554, javascriptEnabled: true, locationContextEnabled: false, networkConnectionEnabled: true, newCommandTimeout: 120, pixelRatio: 1.5, platform: LINUX, platformName: Android, platformVersion: 6.0, statBarHeight: 36, takesScreenshot: true, udid: emulator-5554, viewportRect: {height: 764, left: 0, top: 36, width: 480}, warnings: {}, webStorageEnabled: false}
Session ID: 02283412-666c-4bfa-b0f0-3b0289894005
*** Element info: {Using=id, value=tvWelcomeUser}
	at sun.reflect.NativeConstructorAccessorImpl.newInstance0(Native Method)
	at sun.reflect.NativeConstructorAccessorImpl.newInstance(NativeConstructorAccessorImpl.java:62)
	at sun.reflect.DelegatingConstructorAccessorImpl.newInstance(DelegatingConstructorAccessorImpl.java:45)
	at java.lang.reflect.Constructor.newInstance(Constructor.java:423)
	at org.openqa.selenium.remote.http.W3CHttpResponseCodec.createException(W3CHttpResponseCodec.java:187)
	at org.openqa.selenium.remote.http.W3CHttpResponseCodec.decode(W3CHttpResponseCodec.java:122)
	at org.openqa.selenium.remote.http.W3CHttpResponseCodec.decode(W3CHttpResponseCodec.java:49)
	at org.openqa.selenium.remote.HttpCommandExecutor.execute(HttpCommandExecutor.java:158)
	at io.appium.java_client.remote.AppiumCommandExecutor.execute(AppiumCommandExecutor.java:239)
	at org.openqa.selenium.remote.RemoteWebDriver.execute(RemoteWebDriver.java:552)
	at io.appium.java_client.DefaultGenericMobileDriver.execute(DefaultGenericMobileDriver.java:41)
	at io.appium.java_client.AppiumDriver.execute(AppiumDriver.java:1)
	at io.appium.java_client.android.AndroidDriver.execute(AndroidDriver.java:1)
	at org.openqa.selenium.remote.RemoteWebDriver.findElement(RemoteWebDriver.java:323)
	at io.appium.java_client.DefaultGenericMobileDriver.findElement(DefaultGenericMobileDriver.java:61)
	at io.appium.java_client.AppiumDriver.findElement(AppiumDriver.java:1)
	at io.appium.java_client.android.AndroidDriver.findElement(AndroidDriver.java:1)
	at org.openqa.selenium.remote.RemoteWebDriver.findElementById(RemoteWebDriver.java:372)
	at io.appium.java_client.DefaultGenericMobileDriver.findElementById(DefaultGenericMobileDriver.java:69)
	at io.appium.java_client.AppiumDriver.findElementById(AppiumDriver.java:1)
	at io.appium.java_client.android.AndroidDriver.findElementById(AndroidDriver.java:1)
	at org.openqa.selenium.By$ById.findElement(By.java:188)
	at org.openqa.selenium.remote.RemoteWebDriver.findElement(RemoteWebDriver.java:315)
	at io.appium.java_client.DefaultGenericMobileDriver.findElement(DefaultGenericMobileDriver.java:57)
	at io.appium.java_client.AppiumDriver.findElement(AppiumDriver.java:1)
	at io.appium.java_client.android.AndroidDriver.findElement(AndroidDriver.java:1)
	at demo.pages.HomePage.onHomePage(HomePage.java:14)
	at demo.steps.LoginDef.userIsOnHomePage(LoginDef.java:36)
	at ✽.User is on Home Page(file:///Users/chenr/IdeaProjects/FinalProject_QA/src/test/resources/features/Login/Login.feature:9)

org.openqa.selenium.NoSuchElementException: An element could not be located on the page using the given search parameters.
For documentation on this error, please visit: https://www.seleniumhq.org/exceptions/no_such_element.html
Build info: version: '3.141.59', revision: 'e82be7d358', time: '2018-11-14T08:17:03'
System info: host: 'dnid0666l01.local', ip: 'fe80:0:0:0:104e:4346:c63d:a4b7%en0', os.name: 'Mac OS X', os.arch: 'x86_64', os.version: '10.15.4', java.version: '1.8.0_251'
Driver info: io.appium.java_client.android.AndroidDriver
Capabilities {app: /Users/chenr/IdeaProjects/F..., appPackage: com.rifqimukhtar.phonepayment, autoGrantPermissions: true, automationName: UiAutomator2, databaseEnabled: false, desired: {app: /Users/chenr/IdeaProjects/F..., autoGrantPermissions: true, automationName: UiAutomator2, deviceName: device, newCommandTimeout: 120, platformName: android, platformVersion: 6.0, udid: emulator-5554}, deviceApiLevel: 23, deviceManufacturer: unknown, deviceModel: Android SDK built for x86, deviceName: emulator-5554, deviceScreenDensity: 240, deviceScreenSize: 480x800, deviceUDID: emulator-5554, javascriptEnabled: true, locationContextEnabled: false, networkConnectionEnabled: true, newCommandTimeout: 120, pixelRatio: 1.5, platform: LINUX, platformName: Android, platformVersion: 6.0, statBarHeight: 36, takesScreenshot: true, udid: emulator-5554, viewportRect: {height: 764, left: 0, top: 36, width: 480}, warnings: {}, webStorageEnabled: false}
Session ID: 10a5836c-f1c8-43a2-8716-d706813fb90a
*** Element info: {Using=id, value=tvWelcomeUser}
	at sun.reflect.NativeConstructorAccessorImpl.newInstance0(Native Method)
	at sun.reflect.NativeConstructorAccessorImpl.newInstance(NativeConstructorAccessorImpl.java:62)
	at sun.reflect.DelegatingConstructorAccessorImpl.newInstance(DelegatingConstructorAccessorImpl.java:45)
	at java.lang.reflect.Constructor.newInstance(Constructor.java:423)
	at org.openqa.selenium.remote.http.W3CHttpResponseCodec.createException(W3CHttpResponseCodec.java:187)
	at org.openqa.selenium.remote.http.W3CHttpResponseCodec.decode(W3CHttpResponseCodec.java:122)
	at org.openqa.selenium.remote.http.W3CHttpResponseCodec.decode(W3CHttpResponseCodec.java:49)
	at org.openqa.selenium.remote.HttpCommandExecutor.execute(HttpCommandExecutor.java:158)
	at io.appium.java_client.remote.AppiumCommandExecutor.execute(AppiumCommandExecutor.java:239)
	at org.openqa.selenium.remote.RemoteWebDriver.execute(RemoteWebDriver.java:552)
	at io.appium.java_client.DefaultGenericMobileDriver.execute(DefaultGenericMobileDriver.java:41)
	at io.appium.java_client.AppiumDriver.execute(AppiumDriver.java:1)
	at io.appium.java_client.android.AndroidDriver.execute(AndroidDriver.java:1)
	at org.openqa.selenium.remote.RemoteWebDriver.findElement(RemoteWebDriver.java:323)
	at io.appium.java_client.DefaultGenericMobileDriver.findElement(DefaultGenericMobileDriver.java:61)
	at io.appium.java_client.AppiumDriver.findElement(AppiumDriver.java:1)
	at io.appium.java_client.android.AndroidDriver.findElement(AndroidDriver.java:1)
	at org.openqa.selenium.remote.RemoteWebDriver.findElementById(RemoteWebDriver.java:372)
	at io.appium.java_client.DefaultGenericMobileDriver.findElementById(DefaultGenericMobileDriver.java:69)
	at io.appium.java_client.AppiumDriver.findElementById(AppiumDriver.java:1)
	at io.appium.java_client.android.AndroidDriver.findElementById(AndroidDriver.java:1)
	at org.openqa.selenium.By$ById.findElement(By.java:188)
	at org.openqa.selenium.remote.RemoteWebDriver.findElement(RemoteWebDriver.java:315)
	at io.appium.java_client.DefaultGenericMobileDriver.findElement(DefaultGenericMobileDriver.java:57)
	at io.appium.java_client.AppiumDriver.findElement(AppiumDriver.java:1)
	at io.appium.java_client.android.AndroidDriver.findElement(AndroidDriver.java:1)
	at demo.pages.HomePage.onHomePage(HomePage.java:14)
	at demo.steps.LoginDef.userIsOnHomePage(LoginDef.java:36)
	at ✽.User is on Home Page(file:///Users/chenr/IdeaProjects/FinalProject_QA/src/test/resources/features/Login/Login.feature:9)

org.openqa.selenium.NoSuchElementException: An element could not be located on the page using the given search parameters.
For documentation on this error, please visit: https://www.seleniumhq.org/exceptions/no_such_element.html
Build info: version: '3.141.59', revision: 'e82be7d358', time: '2018-11-14T08:17:03'
System info: host: 'dnid0666l01.local', ip: 'fe80:0:0:0:104e:4346:c63d:a4b7%en0', os.name: 'Mac OS X', os.arch: 'x86_64', os.version: '10.15.4', java.version: '1.8.0_251'
Driver info: io.appium.java_client.android.AndroidDriver
Capabilities {app: /Users/chenr/IdeaProjects/F..., appPackage: com.rifqimukhtar.phonepayment, autoGrantPermissions: true, automationName: UiAutomator2, databaseEnabled: false, desired: {app: /Users/chenr/IdeaProjects/F..., autoGrantPermissions: true, automationName: UiAutomator2, deviceName: device, newCommandTimeout: 120, platformName: android, platformVersion: 6.0, udid: emulator-5554}, deviceApiLevel: 23, deviceManufacturer: unknown, deviceModel: Android SDK built for x86, deviceName: emulator-5554, deviceScreenDensity: 240, deviceScreenSize: 480x800, deviceUDID: emulator-5554, javascriptEnabled: true, locationContextEnabled: false, networkConnectionEnabled: true, newCommandTimeout: 120, pixelRatio: 1.5, platform: LINUX, platformName: Android, platformVersion: 6.0, statBarHeight: 36, takesScreenshot: true, udid: emulator-5554, viewportRect: {height: 764, left: 0, top: 36, width: 480}, warnings: {}, webStorageEnabled: false}
Session ID: 18c71820-0223-44ed-b8be-5860c10cb06c
*** Element info: {Using=id, value=tvWelcomeUser}
	at sun.reflect.NativeConstructorAccessorImpl.newInstance0(Native Method)
	at sun.reflect.NativeConstructorAccessorImpl.newInstance(NativeConstructorAccessorImpl.java:62)
	at sun.reflect.DelegatingConstructorAccessorImpl.newInstance(DelegatingConstructorAccessorImpl.java:45)
	at java.lang.reflect.Constructor.newInstance(Constructor.java:423)
	at org.openqa.selenium.remote.http.W3CHttpResponseCodec.createException(W3CHttpResponseCodec.java:187)
	at org.openqa.selenium.remote.http.W3CHttpResponseCodec.decode(W3CHttpResponseCodec.java:122)
	at org.openqa.selenium.remote.http.W3CHttpResponseCodec.decode(W3CHttpResponseCodec.java:49)
	at org.openqa.selenium.remote.HttpCommandExecutor.execute(HttpCommandExecutor.java:158)
	at io.appium.java_client.remote.AppiumCommandExecutor.execute(AppiumCommandExecutor.java:239)
	at org.openqa.selenium.remote.RemoteWebDriver.execute(RemoteWebDriver.java:552)
	at io.appium.java_client.DefaultGenericMobileDriver.execute(DefaultGenericMobileDriver.java:41)
	at io.appium.java_client.AppiumDriver.execute(AppiumDriver.java:1)
	at io.appium.java_client.android.AndroidDriver.execute(AndroidDriver.java:1)
	at org.openqa.selenium.remote.RemoteWebDriver.findElement(RemoteWebDriver.java:323)
	at io.appium.java_client.DefaultGenericMobileDriver.findElement(DefaultGenericMobileDriver.java:61)
	at io.appium.java_client.AppiumDriver.findElement(AppiumDriver.java:1)
	at io.appium.java_client.android.AndroidDriver.findElement(AndroidDriver.java:1)
	at org.openqa.selenium.remote.RemoteWebDriver.findElementById(RemoteWebDriver.java:372)
	at io.appium.java_client.DefaultGenericMobileDriver.findElementById(DefaultGenericMobileDriver.java:69)
	at io.appium.java_client.AppiumDriver.findElementById(AppiumDriver.java:1)
	at io.appium.java_client.android.AndroidDriver.findElementById(AndroidDriver.java:1)
	at org.openqa.selenium.By$ById.findElement(By.java:188)
	at org.openqa.selenium.remote.RemoteWebDriver.findElement(RemoteWebDriver.java:315)
	at io.appium.java_client.DefaultGenericMobileDriver.findElement(DefaultGenericMobileDriver.java:57)
	at io.appium.java_client.AppiumDriver.findElement(AppiumDriver.java:1)
	at io.appium.java_client.android.AndroidDriver.findElement(AndroidDriver.java:1)
	at demo.pages.HomePage.onHomePage(HomePage.java:14)
	at demo.steps.LoginDef.userIsOnHomePage(LoginDef.java:36)
	at ✽.User is on Home Page(file:///Users/chenr/IdeaProjects/FinalProject_QA/src/test/resources/features/Login/Login.feature:9)


</pre>
</span>
</div>
<div id="tab2" class="tab">
<h2>Standard error</h2>
<span class="code">
<pre>May 16, 2020 6:49:05 PM io.cucumber.junit.Cucumber &lt;init&gt;
WARNING: By default Cucumber is running in --non-strict mode.
This default will change to --strict and --non-strict will be removed.
You can use --strict or @CucumberOptions(strict = true) to suppress this warning
</pre>
</span>
</div>
</div>
<div id="footer">
<p>
<div>
<label class="hidden" id="label-for-line-wrapping-toggle" for="line-wrapping-toggle">Wrap lines
<input id="line-wrapping-toggle" type="checkbox" autocomplete="off"/>
</label>
</div>Generated by 
<a href="http://www.gradle.org">Gradle 6.1</a> at May 16, 2020 6:53:55 PM</p>
</div>
</div>
</body>
</html>
